
*** Running vivado
    with args -log blk_mem_gen_0.vds -m64 -product Vivado -mode batch -messageDb vivado.pb -notrace -source blk_mem_gen_0.tcl


****** Vivado v2018.3 (64-bit)
  **** SW Build 2405991 on Thu Dec  6 23:38:27 MST 2018
  **** IP Build 2404404 on Fri Dec  7 01:43:56 MST 2018
    ** Copyright 1986-2018 Xilinx, Inc. All Rights Reserved.

source blk_mem_gen_0.tcl -notrace
Command: synth_design -top blk_mem_gen_0 -part xc7a100tfgg676-2L -mode out_of_context
Starting synth_design
Attempting to get a license for feature 'Synthesis' and/or device 'xc7a100t'
INFO: [Common 17-349] Got license for feature 'Synthesis' and/or device 'xc7a100t'
INFO: Launching helper process for spawning children vivado processes
INFO: Helper process launched with PID 22964 
---------------------------------------------------------------------------------
Starting RTL Elaboration : Time (s): cpu = 00:00:10 ; elapsed = 00:00:16 . Memory (MB): peak = 370.227 ; gain = 102.762
---------------------------------------------------------------------------------
INFO: [Synth 8-638] synthesizing module 'blk_mem_gen_0' [d:/Totoro/Src/thinpad_top.srcs/sources_1/ip/blk_mem_gen_0/synth/blk_mem_gen_0.vhd:72]
	Parameter C_FAMILY bound to: artix7 - type: string 
	Parameter C_XDEVICEFAMILY bound to: artix7 - type: string 
	Parameter C_ELABORATION_DIR bound to: ./ - type: string 
	Parameter C_INTERFACE_TYPE bound to: 0 - type: integer 
	Parameter C_AXI_TYPE bound to: 1 - type: integer 
	Parameter C_AXI_SLAVE_TYPE bound to: 0 - type: integer 
	Parameter C_USE_BRAM_BLOCK bound to: 0 - type: integer 
	Parameter C_ENABLE_32BIT_ADDRESS bound to: 0 - type: integer 
	Parameter C_CTRL_ECC_ALGO bound to: NONE - type: string 
	Parameter C_HAS_AXI_ID bound to: 0 - type: integer 
	Parameter C_AXI_ID_WIDTH bound to: 4 - type: integer 
	Parameter C_MEM_TYPE bound to: 1 - type: integer 
	Parameter C_BYTE_SIZE bound to: 9 - type: integer 
	Parameter C_ALGORITHM bound to: 1 - type: integer 
	Parameter C_PRIM_TYPE bound to: 1 - type: integer 
	Parameter C_LOAD_INIT_FILE bound to: 0 - type: integer 
	Parameter C_INIT_FILE_NAME bound to: no_coe_file_loaded - type: string 
	Parameter C_INIT_FILE bound to: blk_mem_gen_0.mem - type: string 
	Parameter C_USE_DEFAULT_DATA bound to: 0 - type: integer 
	Parameter C_DEFAULT_DATA bound to: 0 - type: string 
	Parameter C_HAS_RSTA bound to: 0 - type: integer 
	Parameter C_RST_PRIORITY_A bound to: CE - type: string 
	Parameter C_RSTRAM_A bound to: 0 - type: integer 
	Parameter C_INITA_VAL bound to: 0 - type: string 
	Parameter C_HAS_ENA bound to: 1 - type: integer 
	Parameter C_HAS_REGCEA bound to: 0 - type: integer 
	Parameter C_USE_BYTE_WEA bound to: 0 - type: integer 
	Parameter C_WEA_WIDTH bound to: 1 - type: integer 
	Parameter C_WRITE_MODE_A bound to: WRITE_FIRST - type: string 
	Parameter C_WRITE_WIDTH_A bound to: 32 - type: integer 
	Parameter C_READ_WIDTH_A bound to: 32 - type: integer 
	Parameter C_WRITE_DEPTH_A bound to: 120000 - type: integer 
	Parameter C_READ_DEPTH_A bound to: 120000 - type: integer 
	Parameter C_ADDRA_WIDTH bound to: 17 - type: integer 
	Parameter C_HAS_RSTB bound to: 0 - type: integer 
	Parameter C_RST_PRIORITY_B bound to: CE - type: string 
	Parameter C_RSTRAM_B bound to: 0 - type: integer 
	Parameter C_INITB_VAL bound to: 0 - type: string 
	Parameter C_HAS_ENB bound to: 0 - type: integer 
	Parameter C_HAS_REGCEB bound to: 0 - type: integer 
	Parameter C_USE_BYTE_WEB bound to: 0 - type: integer 
	Parameter C_WEB_WIDTH bound to: 1 - type: integer 
	Parameter C_WRITE_MODE_B bound to: WRITE_FIRST - type: string 
	Parameter C_WRITE_WIDTH_B bound to: 32 - type: integer 
	Parameter C_READ_WIDTH_B bound to: 32 - type: integer 
	Parameter C_WRITE_DEPTH_B bound to: 120000 - type: integer 
	Parameter C_READ_DEPTH_B bound to: 120000 - type: integer 
	Parameter C_ADDRB_WIDTH bound to: 17 - type: integer 
	Parameter C_HAS_MEM_OUTPUT_REGS_A bound to: 0 - type: integer 
	Parameter C_HAS_MEM_OUTPUT_REGS_B bound to: 0 - type: integer 
	Parameter C_HAS_MUX_OUTPUT_REGS_A bound to: 0 - type: integer 
	Parameter C_HAS_MUX_OUTPUT_REGS_B bound to: 0 - type: integer 
	Parameter C_MUX_PIPELINE_STAGES bound to: 0 - type: integer 
	Parameter C_HAS_SOFTECC_INPUT_REGS_A bound to: 0 - type: integer 
	Parameter C_HAS_SOFTECC_OUTPUT_REGS_B bound to: 0 - type: integer 
	Parameter C_USE_SOFTECC bound to: 0 - type: integer 
	Parameter C_USE_ECC bound to: 0 - type: integer 
	Parameter C_EN_ECC_PIPE bound to: 0 - type: integer 
	Parameter C_READ_LATENCY_A bound to: 1 - type: integer 
	Parameter C_READ_LATENCY_B bound to: 1 - type: integer 
	Parameter C_HAS_INJECTERR bound to: 0 - type: integer 
	Parameter C_SIM_COLLISION_CHECK bound to: ALL - type: string 
	Parameter C_COMMON_CLK bound to: 0 - type: integer 
	Parameter C_DISABLE_WARN_BHV_COLL bound to: 0 - type: integer 
	Parameter C_EN_SLEEP_PIN bound to: 0 - type: integer 
	Parameter C_USE_URAM bound to: 0 - type: integer 
	Parameter C_EN_RDADDRA_CHG bound to: 0 - type: integer 
	Parameter C_EN_RDADDRB_CHG bound to: 0 - type: integer 
	Parameter C_EN_DEEPSLEEP_PIN bound to: 0 - type: integer 
	Parameter C_EN_SHUTDOWN_PIN bound to: 0 - type: integer 
	Parameter C_EN_SAFETY_CKT bound to: 0 - type: integer 
	Parameter C_DISABLE_WARN_BHV_RANGE bound to: 0 - type: integer 
	Parameter C_COUNT_36K_BRAM bound to: 107 - type: string 
	Parameter C_COUNT_18K_BRAM bound to: 1 - type: string 
	Parameter C_EST_POWER_SUMMARY bound to: Estimated Power for IP     :     35.430036 mW - type: string 
INFO: [Synth 8-3491] module 'blk_mem_gen_v8_4_2' declared at 'd:/Totoro/Src/thinpad_top.srcs/sources_1/ip/blk_mem_gen_0/hdl/blk_mem_gen_v8_4_vhsyn_rfs.vhd:195321' bound to instance 'U0' of component 'blk_mem_gen_v8_4_2' [d:/Totoro/Src/thinpad_top.srcs/sources_1/ip/blk_mem_gen_0/synth/blk_mem_gen_0.vhd:241]
INFO: [Synth 8-256] done synthesizing module 'blk_mem_gen_0' (11#1) [d:/Totoro/Src/thinpad_top.srcs/sources_1/ip/blk_mem_gen_0/synth/blk_mem_gen_0.vhd:72]
WARNING: [Synth 8-3331] design blk_mem_gen_mux__parameterized0 has unconnected port MUX_RST[0]
WARNING: [Synth 8-3331] design blk_mem_gen_mux__parameterized0 has unconnected port MEM_LAT_RST
WARNING: [Synth 8-3331] design blk_mem_gen_mux__parameterized0 has unconnected port MEM_REG_RST
WARNING: [Synth 8-3331] design blk_mem_gen_mux__parameterized0 has unconnected port MUX_REGCE[0]
WARNING: [Synth 8-3331] design blk_mem_gen_mux__parameterized0 has unconnected port MEM_REGCE
WARNING: [Synth 8-3331] design blk_mem_gen_mux__parameterized0 has unconnected port WE
WARNING: [Synth 8-3331] design blk_mem_gen_mux__parameterized0 has unconnected port ADDR_IN[16]
WARNING: [Synth 8-3331] design blk_mem_gen_mux__parameterized0 has unconnected port ADDR_IN[15]
WARNING: [Synth 8-3331] design blk_mem_gen_mux__parameterized0 has unconnected port ADDR_IN[14]
WARNING: [Synth 8-3331] design blk_mem_gen_mux__parameterized0 has unconnected port ADDR_IN[13]
WARNING: [Synth 8-3331] design blk_mem_gen_mux__parameterized0 has unconnected port ADDR_IN[12]
WARNING: [Synth 8-3331] design blk_mem_gen_mux__parameterized0 has unconnected port ADDR_IN[11]
WARNING: [Synth 8-3331] design blk_mem_gen_mux__parameterized0 has unconnected port ADDR_IN[10]
WARNING: [Synth 8-3331] design blk_mem_gen_mux__parameterized0 has unconnected port ADDR_IN[9]
WARNING: [Synth 8-3331] design blk_mem_gen_mux__parameterized0 has unconnected port ADDR_IN[8]
WARNING: [Synth 8-3331] design blk_mem_gen_mux__parameterized0 has unconnected port ADDR_IN[7]
WARNING: [Synth 8-3331] design blk_mem_gen_mux__parameterized0 has unconnected port ADDR_IN[6]
WARNING: [Synth 8-3331] design blk_mem_gen_mux__parameterized0 has unconnected port ADDR_IN[5]
WARNING: [Synth 8-3331] design blk_mem_gen_mux__parameterized0 has unconnected port ADDR_IN[4]
WARNING: [Synth 8-3331] design blk_mem_gen_mux__parameterized0 has unconnected port ADDR_IN[3]
WARNING: [Synth 8-3331] design blk_mem_gen_mux__parameterized0 has unconnected port ADDR_IN[2]
WARNING: [Synth 8-3331] design blk_mem_gen_mux__parameterized0 has unconnected port ADDR_IN[1]
WARNING: [Synth 8-3331] design blk_mem_gen_mux__parameterized0 has unconnected port ADDR_IN[0]
WARNING: [Synth 8-3331] design blk_mem_gen_mux__parameterized0 has unconnected port SBITERRIN[2047]
WARNING: [Synth 8-3331] design blk_mem_gen_mux__parameterized0 has unconnected port SBITERRIN[2046]
WARNING: [Synth 8-3331] design blk_mem_gen_mux__parameterized0 has unconnected port SBITERRIN[2045]
WARNING: [Synth 8-3331] design blk_mem_gen_mux__parameterized0 has unconnected port SBITERRIN[2044]
WARNING: [Synth 8-3331] design blk_mem_gen_mux__parameterized0 has unconnected port SBITERRIN[2043]
WARNING: [Synth 8-3331] design blk_mem_gen_mux__parameterized0 has unconnected port SBITERRIN[2042]
WARNING: [Synth 8-3331] design blk_mem_gen_mux__parameterized0 has unconnected port SBITERRIN[2041]
WARNING: [Synth 8-3331] design blk_mem_gen_mux__parameterized0 has unconnected port SBITERRIN[2040]
WARNING: [Synth 8-3331] design blk_mem_gen_mux__parameterized0 has unconnected port SBITERRIN[2039]
WARNING: [Synth 8-3331] design blk_mem_gen_mux__parameterized0 has unconnected port SBITERRIN[2038]
WARNING: [Synth 8-3331] design blk_mem_gen_mux__parameterized0 has unconnected port SBITERRIN[2037]
WARNING: [Synth 8-3331] design blk_mem_gen_mux__parameterized0 has unconnected port SBITERRIN[2036]
WARNING: [Synth 8-3331] design blk_mem_gen_mux__parameterized0 has unconnected port SBITERRIN[2035]
WARNING: [Synth 8-3331] design blk_mem_gen_mux__parameterized0 has unconnected port SBITERRIN[2034]
WARNING: [Synth 8-3331] design blk_mem_gen_mux__parameterized0 has unconnected port SBITERRIN[2033]
WARNING: [Synth 8-3331] design blk_mem_gen_mux__parameterized0 has unconnected port SBITERRIN[2032]
WARNING: [Synth 8-3331] design blk_mem_gen_mux__parameterized0 has unconnected port SBITERRIN[2031]
WARNING: [Synth 8-3331] design blk_mem_gen_mux__parameterized0 has unconnected port SBITERRIN[2030]
WARNING: [Synth 8-3331] design blk_mem_gen_mux__parameterized0 has unconnected port SBITERRIN[2029]
WARNING: [Synth 8-3331] design blk_mem_gen_mux__parameterized0 has unconnected port SBITERRIN[2028]
WARNING: [Synth 8-3331] design blk_mem_gen_mux__parameterized0 has unconnected port SBITERRIN[2027]
WARNING: [Synth 8-3331] design blk_mem_gen_mux__parameterized0 has unconnected port SBITERRIN[2026]
WARNING: [Synth 8-3331] design blk_mem_gen_mux__parameterized0 has unconnected port SBITERRIN[2025]
WARNING: [Synth 8-3331] design blk_mem_gen_mux__parameterized0 has unconnected port SBITERRIN[2024]
WARNING: [Synth 8-3331] design blk_mem_gen_mux__parameterized0 has unconnected port SBITERRIN[2023]
WARNING: [Synth 8-3331] design blk_mem_gen_mux__parameterized0 has unconnected port SBITERRIN[2022]
WARNING: [Synth 8-3331] design blk_mem_gen_mux__parameterized0 has unconnected port SBITERRIN[2021]
WARNING: [Synth 8-3331] design blk_mem_gen_mux__parameterized0 has unconnected port SBITERRIN[2020]
WARNING: [Synth 8-3331] design blk_mem_gen_mux__parameterized0 has unconnected port SBITERRIN[2019]
WARNING: [Synth 8-3331] design blk_mem_gen_mux__parameterized0 has unconnected port SBITERRIN[2018]
WARNING: [Synth 8-3331] design blk_mem_gen_mux__parameterized0 has unconnected port SBITERRIN[2017]
WARNING: [Synth 8-3331] design blk_mem_gen_mux__parameterized0 has unconnected port SBITERRIN[2016]
WARNING: [Synth 8-3331] design blk_mem_gen_mux__parameterized0 has unconnected port SBITERRIN[2015]
WARNING: [Synth 8-3331] design blk_mem_gen_mux__parameterized0 has unconnected port SBITERRIN[2014]
WARNING: [Synth 8-3331] design blk_mem_gen_mux__parameterized0 has unconnected port SBITERRIN[2013]
WARNING: [Synth 8-3331] design blk_mem_gen_mux__parameterized0 has unconnected port SBITERRIN[2012]
WARNING: [Synth 8-3331] design blk_mem_gen_mux__parameterized0 has unconnected port SBITERRIN[2011]
WARNING: [Synth 8-3331] design blk_mem_gen_mux__parameterized0 has unconnected port SBITERRIN[2010]
WARNING: [Synth 8-3331] design blk_mem_gen_mux__parameterized0 has unconnected port SBITERRIN[2009]
WARNING: [Synth 8-3331] design blk_mem_gen_mux__parameterized0 has unconnected port SBITERRIN[2008]
WARNING: [Synth 8-3331] design blk_mem_gen_mux__parameterized0 has unconnected port SBITERRIN[2007]
WARNING: [Synth 8-3331] design blk_mem_gen_mux__parameterized0 has unconnected port SBITERRIN[2006]
WARNING: [Synth 8-3331] design blk_mem_gen_mux__parameterized0 has unconnected port SBITERRIN[2005]
WARNING: [Synth 8-3331] design blk_mem_gen_mux__parameterized0 has unconnected port SBITERRIN[2004]
WARNING: [Synth 8-3331] design blk_mem_gen_mux__parameterized0 has unconnected port SBITERRIN[2003]
WARNING: [Synth 8-3331] design blk_mem_gen_mux__parameterized0 has unconnected port SBITERRIN[2002]
WARNING: [Synth 8-3331] design blk_mem_gen_mux__parameterized0 has unconnected port SBITERRIN[2001]
WARNING: [Synth 8-3331] design blk_mem_gen_mux__parameterized0 has unconnected port SBITERRIN[2000]
WARNING: [Synth 8-3331] design blk_mem_gen_mux__parameterized0 has unconnected port SBITERRIN[1999]
WARNING: [Synth 8-3331] design blk_mem_gen_mux__parameterized0 has unconnected port SBITERRIN[1998]
WARNING: [Synth 8-3331] design blk_mem_gen_mux__parameterized0 has unconnected port SBITERRIN[1997]
WARNING: [Synth 8-3331] design blk_mem_gen_mux__parameterized0 has unconnected port SBITERRIN[1996]
WARNING: [Synth 8-3331] design blk_mem_gen_mux__parameterized0 has unconnected port SBITERRIN[1995]
WARNING: [Synth 8-3331] design blk_mem_gen_mux__parameterized0 has unconnected port SBITERRIN[1994]
WARNING: [Synth 8-3331] design blk_mem_gen_mux__parameterized0 has unconnected port SBITERRIN[1993]
WARNING: [Synth 8-3331] design blk_mem_gen_mux__parameterized0 has unconnected port SBITERRIN[1992]
WARNING: [Synth 8-3331] design blk_mem_gen_mux__parameterized0 has unconnected port SBITERRIN[1991]
WARNING: [Synth 8-3331] design blk_mem_gen_mux__parameterized0 has unconnected port SBITERRIN[1990]
WARNING: [Synth 8-3331] design blk_mem_gen_mux__parameterized0 has unconnected port SBITERRIN[1989]
WARNING: [Synth 8-3331] design blk_mem_gen_mux__parameterized0 has unconnected port SBITERRIN[1988]
WARNING: [Synth 8-3331] design blk_mem_gen_mux__parameterized0 has unconnected port SBITERRIN[1987]
WARNING: [Synth 8-3331] design blk_mem_gen_mux__parameterized0 has unconnected port SBITERRIN[1986]
WARNING: [Synth 8-3331] design blk_mem_gen_mux__parameterized0 has unconnected port SBITERRIN[1985]
WARNING: [Synth 8-3331] design blk_mem_gen_mux__parameterized0 has unconnected port SBITERRIN[1984]
WARNING: [Synth 8-3331] design blk_mem_gen_mux__parameterized0 has unconnected port SBITERRIN[1983]
WARNING: [Synth 8-3331] design blk_mem_gen_mux__parameterized0 has unconnected port SBITERRIN[1982]
WARNING: [Synth 8-3331] design blk_mem_gen_mux__parameterized0 has unconnected port SBITERRIN[1981]
WARNING: [Synth 8-3331] design blk_mem_gen_mux__parameterized0 has unconnected port SBITERRIN[1980]
WARNING: [Synth 8-3331] design blk_mem_gen_mux__parameterized0 has unconnected port SBITERRIN[1979]
WARNING: [Synth 8-3331] design blk_mem_gen_mux__parameterized0 has unconnected port SBITERRIN[1978]
WARNING: [Synth 8-3331] design blk_mem_gen_mux__parameterized0 has unconnected port SBITERRIN[1977]
WARNING: [Synth 8-3331] design blk_mem_gen_mux__parameterized0 has unconnected port SBITERRIN[1976]
WARNING: [Synth 8-3331] design blk_mem_gen_mux__parameterized0 has unconnected port SBITERRIN[1975]
WARNING: [Synth 8-3331] design blk_mem_gen_mux__parameterized0 has unconnected port SBITERRIN[1974]
WARNING: [Synth 8-3331] design blk_mem_gen_mux__parameterized0 has unconnected port SBITERRIN[1973]
WARNING: [Synth 8-3331] design blk_mem_gen_mux__parameterized0 has unconnected port SBITERRIN[1972]
WARNING: [Synth 8-3331] design blk_mem_gen_mux__parameterized0 has unconnected port SBITERRIN[1971]
INFO: [Common 17-14] Message 'Synth 8-3331' appears 100 times and further instances of the messages will be disabled. Use the Tcl command set_msg_config to change the current settings.
---------------------------------------------------------------------------------
Finished RTL Elaboration : Time (s): cpu = 00:04:58 ; elapsed = 00:05:10 . Memory (MB): peak = 744.660 ; gain = 477.195
---------------------------------------------------------------------------------

Report Check Netlist: 
+------+------------------+-------+---------+-------+------------------+
|      |Item              |Errors |Warnings |Status |Description       |
+------+------------------+-------+---------+-------+------------------+
|1     |multi_driven_nets |      0|        0|Passed |Multi driven nets |
+------+------------------+-------+---------+-------+------------------+
---------------------------------------------------------------------------------
Start Handling Custom Attributes
---------------------------------------------------------------------------------
---------------------------------------------------------------------------------
Finished Handling Custom Attributes : Time (s): cpu = 00:04:59 ; elapsed = 00:05:11 . Memory (MB): peak = 744.660 ; gain = 477.195
---------------------------------------------------------------------------------
---------------------------------------------------------------------------------
Finished RTL Optimization Phase 1 : Time (s): cpu = 00:04:59 ; elapsed = 00:05:11 . Memory (MB): peak = 744.660 ; gain = 477.195
---------------------------------------------------------------------------------
INFO: [Netlist 29-17] Analyzing 108 Unisim elements for replacement
INFO: [Netlist 29-28] Unisim Transformation completed in 0 CPU seconds
INFO: [Device 21-403] Loading part xc7a100tfgg676-2L
INFO: [Project 1-570] Preparing netlist for logic optimization

Processing XDC Constraints
Initializing timing engine
Parsing XDC File [d:/Totoro/Src/thinpad_top.srcs/sources_1/ip/blk_mem_gen_0/blk_mem_gen_0_ooc.xdc] for cell 'U0'
Finished Parsing XDC File [d:/Totoro/Src/thinpad_top.srcs/sources_1/ip/blk_mem_gen_0/blk_mem_gen_0_ooc.xdc] for cell 'U0'
Parsing XDC File [D:/Totoro/Src/thinpad_top.runs/blk_mem_gen_0_synth_1/dont_touch.xdc]
Finished Parsing XDC File [D:/Totoro/Src/thinpad_top.runs/blk_mem_gen_0_synth_1/dont_touch.xdc]
Completed Processing XDC Constraints

Netlist sorting complete. Time (s): cpu = 00:00:00 ; elapsed = 00:00:00.007 . Memory (MB): peak = 851.613 ; gain = 0.000
INFO: [Project 1-111] Unisim Transformation Summary:
No Unisim elements were transformed.

Netlist sorting complete. Time (s): cpu = 00:00:00 ; elapsed = 00:00:00.003 . Memory (MB): peak = 851.613 ; gain = 0.000
Constraint Validation Runtime : Time (s): cpu = 00:00:01 ; elapsed = 00:00:00.114 . Memory (MB): peak = 853.176 ; gain = 1.563
---------------------------------------------------------------------------------
Finished Constraint Validation : Time (s): cpu = 00:05:14 ; elapsed = 00:05:29 . Memory (MB): peak = 853.176 ; gain = 585.711
---------------------------------------------------------------------------------
---------------------------------------------------------------------------------
Start Loading Part and Timing Information
---------------------------------------------------------------------------------
Loading part: xc7a100tfgg676-2L
---------------------------------------------------------------------------------
Finished Loading Part and Timing Information : Time (s): cpu = 00:05:14 ; elapsed = 00:05:29 . Memory (MB): peak = 853.176 ; gain = 585.711
---------------------------------------------------------------------------------
---------------------------------------------------------------------------------
Start Applying 'set_property' XDC Constraints
---------------------------------------------------------------------------------
Applied set_property DONT_TOUCH = true for U0. (constraint file  D:/Totoro/Src/thinpad_top.runs/blk_mem_gen_0_synth_1/dont_touch.xdc, line 9).
---------------------------------------------------------------------------------
Finished applying 'set_property' XDC Constraints : Time (s): cpu = 00:05:14 ; elapsed = 00:05:29 . Memory (MB): peak = 853.176 ; gain = 585.711
---------------------------------------------------------------------------------
---------------------------------------------------------------------------------
Finished RTL Optimization Phase 2 : Time (s): cpu = 00:05:21 ; elapsed = 00:05:37 . Memory (MB): peak = 853.176 ; gain = 585.711
---------------------------------------------------------------------------------

Report RTL Partitions: 
+-+--------------+------------+----------+
| |RTL Partition |Replication |Instances |
+-+--------------+------------+----------+
+-+--------------+------------+----------+
---------------------------------------------------------------------------------
Start RTL Component Statistics 
---------------------------------------------------------------------------------
Detailed RTL Component Info : 
+---Registers : 
	                6 Bit    Registers := 2     
+---Muxes : 
	   2 Input      1 Bit        Muxes := 128   
---------------------------------------------------------------------------------
Finished RTL Component Statistics 
---------------------------------------------------------------------------------
---------------------------------------------------------------------------------
Start RTL Hierarchical Component Statistics 
---------------------------------------------------------------------------------
Hierarchical RTL Component report 
Module bindec 
Detailed RTL Component Info : 
+---Muxes : 
	   2 Input      1 Bit        Muxes := 64    
Module blk_mem_gen_mux 
Detailed RTL Component Info : 
+---Registers : 
	                6 Bit    Registers := 1     
Module blk_mem_gen_mux__parameterized0 
Detailed RTL Component Info : 
+---Registers : 
	                6 Bit    Registers := 1     
---------------------------------------------------------------------------------
Finished RTL Hierarchical Component Statistics
---------------------------------------------------------------------------------
---------------------------------------------------------------------------------
Start Part Resource Summary
---------------------------------------------------------------------------------
Part Resources:
DSPs: 240 (col length:80)
BRAMs: 270 (col length: RAMB18 80 RAMB36 40)
---------------------------------------------------------------------------------
Finished Part Resource Summary
---------------------------------------------------------------------------------
---------------------------------------------------------------------------------
Start Cross Boundary and Area Optimization
---------------------------------------------------------------------------------
Warning: Parallel synthesis criteria is not met 
---------------------------------------------------------------------------------
Finished Cross Boundary and Area Optimization : Time (s): cpu = 00:05:26 ; elapsed = 00:05:44 . Memory (MB): peak = 853.176 ; gain = 585.711
---------------------------------------------------------------------------------

Report RTL Partitions: 
+-+--------------+------------+----------+
| |RTL Partition |Replication |Instances |
+-+--------------+------------+----------+
+-+--------------+------------+----------+
---------------------------------------------------------------------------------
Start Applying XDC Timing Constraints
---------------------------------------------------------------------------------
---------------------------------------------------------------------------------
Finished Applying XDC Timing Constraints : Time (s): cpu = 00:05:36 ; elapsed = 00:05:54 . Memory (MB): peak = 853.176 ; gain = 585.711
---------------------------------------------------------------------------------
---------------------------------------------------------------------------------
Start Timing Optimization
---------------------------------------------------------------------------------
---------------------------------------------------------------------------------
Finished Timing Optimization : Time (s): cpu = 00:05:37 ; elapsed = 00:05:55 . Memory (MB): peak = 853.176 ; gain = 585.711
---------------------------------------------------------------------------------

Report RTL Partitions: 
+-+--------------+------------+----------+
| |RTL Partition |Replication |Instances |
+-+--------------+------------+----------+
+-+--------------+------------+----------+
---------------------------------------------------------------------------------
Start Technology Mapping
---------------------------------------------------------------------------------
---------------------------------------------------------------------------------
Finished Technology Mapping : Time (s): cpu = 00:05:37 ; elapsed = 00:05:56 . Memory (MB): peak = 853.176 ; gain = 585.711
---------------------------------------------------------------------------------

Report RTL Partitions: 
+-+--------------+------------+----------+
| |RTL Partition |Replication |Instances |
+-+--------------+------------+----------+
+-+--------------+------------+----------+
---------------------------------------------------------------------------------
Start IO Insertion
---------------------------------------------------------------------------------
---------------------------------------------------------------------------------
Start Flattening Before IO Insertion
---------------------------------------------------------------------------------
---------------------------------------------------------------------------------
Finished Flattening Before IO Insertion
---------------------------------------------------------------------------------
---------------------------------------------------------------------------------
Start Final Netlist Cleanup
---------------------------------------------------------------------------------
---------------------------------------------------------------------------------
Finished Final Netlist Cleanup
---------------------------------------------------------------------------------
---------------------------------------------------------------------------------
Finished IO Insertion : Time (s): cpu = 00:05:39 ; elapsed = 00:05:57 . Memory (MB): peak = 853.176 ; gain = 585.711
---------------------------------------------------------------------------------

Report Check Netlist: 
+------+------------------+-------+---------+-------+------------------+
|      |Item              |Errors |Warnings |Status |Description       |
+------+------------------+-------+---------+-------+------------------+
|1     |multi_driven_nets |      0|        0|Passed |Multi driven nets |
+------+------------------+-------+---------+-------+------------------+
---------------------------------------------------------------------------------
Start Renaming Generated Instances
---------------------------------------------------------------------------------
---------------------------------------------------------------------------------
Finished Renaming Generated Instances : Time (s): cpu = 00:05:39 ; elapsed = 00:05:57 . Memory (MB): peak = 853.176 ; gain = 585.711
---------------------------------------------------------------------------------

Report RTL Partitions: 
+-+--------------+------------+----------+
| |RTL Partition |Replication |Instances |
+-+--------------+------------+----------+
+-+--------------+------------+----------+
---------------------------------------------------------------------------------
Start Rebuilding User Hierarchy
---------------------------------------------------------------------------------
---------------------------------------------------------------------------------
Finished Rebuilding User Hierarchy : Time (s): cpu = 00:05:39 ; elapsed = 00:05:58 . Memory (MB): peak = 853.176 ; gain = 585.711
---------------------------------------------------------------------------------
---------------------------------------------------------------------------------
Start Renaming Generated Ports
---------------------------------------------------------------------------------
---------------------------------------------------------------------------------
Finished Renaming Generated Ports : Time (s): cpu = 00:05:39 ; elapsed = 00:05:58 . Memory (MB): peak = 853.176 ; gain = 585.711
---------------------------------------------------------------------------------
---------------------------------------------------------------------------------
Start Handling Custom Attributes
---------------------------------------------------------------------------------
---------------------------------------------------------------------------------
Finished Handling Custom Attributes : Time (s): cpu = 00:05:39 ; elapsed = 00:05:58 . Memory (MB): peak = 853.176 ; gain = 585.711
---------------------------------------------------------------------------------
---------------------------------------------------------------------------------
Start Renaming Generated Nets
---------------------------------------------------------------------------------
---------------------------------------------------------------------------------
Finished Renaming Generated Nets : Time (s): cpu = 00:05:39 ; elapsed = 00:05:58 . Memory (MB): peak = 853.176 ; gain = 585.711
---------------------------------------------------------------------------------
---------------------------------------------------------------------------------
Start Writing Synthesis Report
---------------------------------------------------------------------------------

Report BlackBoxes: 
+-+--------------+----------+
| |BlackBox name |Instances |
+-+--------------+----------+
+-+--------------+----------+

Report Cell Usage: 
+------+-----------+------+
|      |Cell       |Count |
+------+-----------+------+
|1     |LUT1       |     1|
|2     |LUT2       |     3|
|3     |LUT3       |     4|
|4     |LUT4       |     6|
|5     |LUT5       |    61|
|6     |LUT6       |   246|
|7     |MUXF7      |   108|
|8     |RAMB18E1   |     1|
|9     |RAMB36E1   |    87|
|10    |RAMB36E1_1 |     6|
|11    |RAMB36E1_2 |     6|
|12    |RAMB36E1_3 |     4|
|13    |RAMB36E1_4 |     2|
|14    |RAMB36E1_5 |     1|
|15    |RAMB36E1_6 |     1|
|16    |FDRE       |     8|
+------+-----------+------+

Report Instance Areas: 
+------+---------------------------------------------+-------------------------------------------+------+
|      |Instance                                     |Module                                     |Cells |
+------+---------------------------------------------+-------------------------------------------+------+
|1     |top                                          |                                           |   545|
|2     |  U0                                         |blk_mem_gen_v8_4_2                         |   545|
|3     |    inst_blk_mem_gen                         |blk_mem_gen_v8_4_2_synth                   |   545|
|4     |      \gnbram.gnativebmg.native_blk_mem_gen  |blk_mem_gen_top                            |   545|
|5     |        \valid.cstr                          |blk_mem_gen_generic_cstr                   |   545|
|6     |          \bindec_b.bindec_inst_b            |bindec                                     |     1|
|7     |          \has_mux_b.B                       |blk_mem_gen_mux__parameterized0            |   368|
|8     |          \ramloop[0].ram.r                  |blk_mem_gen_prim_width                     |     1|
|9     |            \prim_noinit.ram                 |blk_mem_gen_prim_wrapper                   |     1|
|10    |          \ramloop[100].ram.r                |blk_mem_gen_prim_width__parameterized99    |     3|
|11    |            \prim_noinit.ram                 |blk_mem_gen_prim_wrapper__parameterized99  |     3|
|12    |          \ramloop[101].ram.r                |blk_mem_gen_prim_width__parameterized100   |     3|
|13    |            \prim_noinit.ram                 |blk_mem_gen_prim_wrapper__parameterized100 |     3|
|14    |          \ramloop[10].ram.r                 |blk_mem_gen_prim_width__parameterized9     |     1|
|15    |            \prim_noinit.ram                 |blk_mem_gen_prim_wrapper__parameterized9   |     1|
|16    |          \ramloop[11].ram.r                 |blk_mem_gen_prim_width__parameterized10    |     1|
|17    |            \prim_noinit.ram                 |blk_mem_gen_prim_wrapper__parameterized10  |     1|
|18    |          \ramloop[12].ram.r                 |blk_mem_gen_prim_width__parameterized11    |     1|
|19    |            \prim_noinit.ram                 |blk_mem_gen_prim_wrapper__parameterized11  |     1|
|20    |          \ramloop[13].ram.r                 |blk_mem_gen_prim_width__parameterized12    |     1|
|21    |            \prim_noinit.ram                 |blk_mem_gen_prim_wrapper__parameterized12  |     1|
|22    |          \ramloop[14].ram.r                 |blk_mem_gen_prim_width__parameterized13    |     1|
|23    |            \prim_noinit.ram                 |blk_mem_gen_prim_wrapper__parameterized13  |     1|
|24    |          \ramloop[15].ram.r                 |blk_mem_gen_prim_width__parameterized14    |     1|
|25    |            \prim_noinit.ram                 |blk_mem_gen_prim_wrapper__parameterized14  |     1|
|26    |          \ramloop[16].ram.r                 |blk_mem_gen_prim_width__parameterized15    |     1|
|27    |            \prim_noinit.ram                 |blk_mem_gen_prim_wrapper__parameterized15  |     1|
|28    |          \ramloop[17].ram.r                 |blk_mem_gen_prim_width__parameterized16    |     1|
|29    |            \prim_noinit.ram                 |blk_mem_gen_prim_wrapper__parameterized16  |     1|
|30    |          \ramloop[18].ram.r                 |blk_mem_gen_prim_width__parameterized17    |     1|
|31    |            \prim_noinit.ram                 |blk_mem_gen_prim_wrapper__parameterized17  |     1|
|32    |          \ramloop[19].ram.r                 |blk_mem_gen_prim_width__parameterized18    |     1|
|33    |            \prim_noinit.ram                 |blk_mem_gen_prim_wrapper__parameterized18  |     1|
|34    |          \ramloop[1].ram.r                  |blk_mem_gen_prim_width__parameterized0     |     1|
|35    |            \prim_noinit.ram                 |blk_mem_gen_prim_wrapper__parameterized0   |     1|
|36    |          \ramloop[20].ram.r                 |blk_mem_gen_prim_width__parameterized19    |     1|
|37    |            \prim_noinit.ram                 |blk_mem_gen_prim_wrapper__parameterized19  |     1|
|38    |          \ramloop[21].ram.r                 |blk_mem_gen_prim_width__parameterized20    |     1|
|39    |            \prim_noinit.ram                 |blk_mem_gen_prim_wrapper__parameterized20  |     1|
|40    |          \ramloop[22].ram.r                 |blk_mem_gen_prim_width__parameterized21    |     1|
|41    |            \prim_noinit.ram                 |blk_mem_gen_prim_wrapper__parameterized21  |     1|
|42    |          \ramloop[23].ram.r                 |blk_mem_gen_prim_width__parameterized22    |     1|
|43    |            \prim_noinit.ram                 |blk_mem_gen_prim_wrapper__parameterized22  |     1|
|44    |          \ramloop[24].ram.r                 |blk_mem_gen_prim_width__parameterized23    |     1|
|45    |            \prim_noinit.ram                 |blk_mem_gen_prim_wrapper__parameterized23  |     1|
|46    |          \ramloop[25].ram.r                 |blk_mem_gen_prim_width__parameterized24    |     1|
|47    |            \prim_noinit.ram                 |blk_mem_gen_prim_wrapper__parameterized24  |     1|
|48    |          \ramloop[26].ram.r                 |blk_mem_gen_prim_width__parameterized25    |     1|
|49    |            \prim_noinit.ram                 |blk_mem_gen_prim_wrapper__parameterized25  |     1|
|50    |          \ramloop[27].ram.r                 |blk_mem_gen_prim_width__parameterized26    |     1|
|51    |            \prim_noinit.ram                 |blk_mem_gen_prim_wrapper__parameterized26  |     1|
|52    |          \ramloop[28].ram.r                 |blk_mem_gen_prim_width__parameterized27    |     1|
|53    |            \prim_noinit.ram                 |blk_mem_gen_prim_wrapper__parameterized27  |     1|
|54    |          \ramloop[29].ram.r                 |blk_mem_gen_prim_width__parameterized28    |     1|
|55    |            \prim_noinit.ram                 |blk_mem_gen_prim_wrapper__parameterized28  |     1|
|56    |          \ramloop[2].ram.r                  |blk_mem_gen_prim_width__parameterized1     |     1|
|57    |            \prim_noinit.ram                 |blk_mem_gen_prim_wrapper__parameterized1   |     1|
|58    |          \ramloop[30].ram.r                 |blk_mem_gen_prim_width__parameterized29    |     2|
|59    |            \prim_noinit.ram                 |blk_mem_gen_prim_wrapper__parameterized29  |     2|
|60    |          \ramloop[31].ram.r                 |blk_mem_gen_prim_width__parameterized30    |     1|
|61    |            \prim_noinit.ram                 |blk_mem_gen_prim_wrapper__parameterized30  |     1|
|62    |          \ramloop[32].ram.r                 |blk_mem_gen_prim_width__parameterized31    |     3|
|63    |            \prim_noinit.ram                 |blk_mem_gen_prim_wrapper__parameterized31  |     3|
|64    |          \ramloop[33].ram.r                 |blk_mem_gen_prim_width__parameterized32    |     2|
|65    |            \prim_noinit.ram                 |blk_mem_gen_prim_wrapper__parameterized32  |     2|
|66    |          \ramloop[34].ram.r                 |blk_mem_gen_prim_width__parameterized33    |     2|
|67    |            \prim_noinit.ram                 |blk_mem_gen_prim_wrapper__parameterized33  |     2|
|68    |          \ramloop[35].ram.r                 |blk_mem_gen_prim_width__parameterized34    |     1|
|69    |            \prim_noinit.ram                 |blk_mem_gen_prim_wrapper__parameterized34  |     1|
|70    |          \ramloop[36].ram.r                 |blk_mem_gen_prim_width__parameterized35    |     2|
|71    |            \prim_noinit.ram                 |blk_mem_gen_prim_wrapper__parameterized35  |     2|
|72    |          \ramloop[37].ram.r                 |blk_mem_gen_prim_width__parameterized36    |     3|
|73    |            \prim_noinit.ram                 |blk_mem_gen_prim_wrapper__parameterized36  |     3|
|74    |          \ramloop[38].ram.r                 |blk_mem_gen_prim_width__parameterized37    |     1|
|75    |            \prim_noinit.ram                 |blk_mem_gen_prim_wrapper__parameterized37  |     1|
|76    |          \ramloop[39].ram.r                 |blk_mem_gen_prim_width__parameterized38    |     2|
|77    |            \prim_noinit.ram                 |blk_mem_gen_prim_wrapper__parameterized38  |     2|
|78    |          \ramloop[3].ram.r                  |blk_mem_gen_prim_width__parameterized2     |     1|
|79    |            \prim_noinit.ram                 |blk_mem_gen_prim_wrapper__parameterized2   |     1|
|80    |          \ramloop[40].ram.r                 |blk_mem_gen_prim_width__parameterized39    |     1|
|81    |            \prim_noinit.ram                 |blk_mem_gen_prim_wrapper__parameterized39  |     1|
|82    |          \ramloop[41].ram.r                 |blk_mem_gen_prim_width__parameterized40    |     3|
|83    |            \prim_noinit.ram                 |blk_mem_gen_prim_wrapper__parameterized40  |     3|
|84    |          \ramloop[42].ram.r                 |blk_mem_gen_prim_width__parameterized41    |     3|
|85    |            \prim_noinit.ram                 |blk_mem_gen_prim_wrapper__parameterized41  |     3|
|86    |          \ramloop[43].ram.r                 |blk_mem_gen_prim_width__parameterized42    |     3|
|87    |            \prim_noinit.ram                 |blk_mem_gen_prim_wrapper__parameterized42  |     3|
|88    |          \ramloop[44].ram.r                 |blk_mem_gen_prim_width__parameterized43    |     3|
|89    |            \prim_noinit.ram                 |blk_mem_gen_prim_wrapper__parameterized43  |     3|
|90    |          \ramloop[45].ram.r                 |blk_mem_gen_prim_width__parameterized44    |     3|
|91    |            \prim_noinit.ram                 |blk_mem_gen_prim_wrapper__parameterized44  |     3|
|92    |          \ramloop[46].ram.r                 |blk_mem_gen_prim_width__parameterized45    |     3|
|93    |            \prim_noinit.ram                 |blk_mem_gen_prim_wrapper__parameterized45  |     3|
|94    |          \ramloop[47].ram.r                 |blk_mem_gen_prim_width__parameterized46    |     3|
|95    |            \prim_noinit.ram                 |blk_mem_gen_prim_wrapper__parameterized46  |     3|
|96    |          \ramloop[48].ram.r                 |blk_mem_gen_prim_width__parameterized47    |     3|
|97    |            \prim_noinit.ram                 |blk_mem_gen_prim_wrapper__parameterized47  |     3|
|98    |          \ramloop[49].ram.r                 |blk_mem_gen_prim_width__parameterized48    |     3|
|99    |            \prim_noinit.ram                 |blk_mem_gen_prim_wrapper__parameterized48  |     3|
|100   |          \ramloop[4].ram.r                  |blk_mem_gen_prim_width__parameterized3     |     1|
|101   |            \prim_noinit.ram                 |blk_mem_gen_prim_wrapper__parameterized3   |     1|
|102   |          \ramloop[50].ram.r                 |blk_mem_gen_prim_width__parameterized49    |     3|
|103   |            \prim_noinit.ram                 |blk_mem_gen_prim_wrapper__parameterized49  |     3|
|104   |          \ramloop[51].ram.r                 |blk_mem_gen_prim_width__parameterized50    |     3|
|105   |            \prim_noinit.ram                 |blk_mem_gen_prim_wrapper__parameterized50  |     3|
|106   |          \ramloop[52].ram.r                 |blk_mem_gen_prim_width__parameterized51    |     3|
|107   |            \prim_noinit.ram                 |blk_mem_gen_prim_wrapper__parameterized51  |     3|
|108   |          \ramloop[53].ram.r                 |blk_mem_gen_prim_width__parameterized52    |     3|
|109   |            \prim_noinit.ram                 |blk_mem_gen_prim_wrapper__parameterized52  |     3|
|110   |          \ramloop[54].ram.r                 |blk_mem_gen_prim_width__parameterized53    |     3|
|111   |            \prim_noinit.ram                 |blk_mem_gen_prim_wrapper__parameterized53  |     3|
|112   |          \ramloop[55].ram.r                 |blk_mem_gen_prim_width__parameterized54    |     3|
|113   |            \prim_noinit.ram                 |blk_mem_gen_prim_wrapper__parameterized54  |     3|
|114   |          \ramloop[56].ram.r                 |blk_mem_gen_prim_width__parameterized55    |     3|
|115   |            \prim_noinit.ram                 |blk_mem_gen_prim_wrapper__parameterized55  |     3|
|116   |          \ramloop[57].ram.r                 |blk_mem_gen_prim_width__parameterized56    |     3|
|117   |            \prim_noinit.ram                 |blk_mem_gen_prim_wrapper__parameterized56  |     3|
|118   |          \ramloop[58].ram.r                 |blk_mem_gen_prim_width__parameterized57    |     3|
|119   |            \prim_noinit.ram                 |blk_mem_gen_prim_wrapper__parameterized57  |     3|
|120   |          \ramloop[59].ram.r                 |blk_mem_gen_prim_width__parameterized58    |     3|
|121   |            \prim_noinit.ram                 |blk_mem_gen_prim_wrapper__parameterized58  |     3|
|122   |          \ramloop[5].ram.r                  |blk_mem_gen_prim_width__parameterized4     |     1|
|123   |            \prim_noinit.ram                 |blk_mem_gen_prim_wrapper__parameterized4   |     1|
|124   |          \ramloop[60].ram.r                 |blk_mem_gen_prim_width__parameterized59    |     3|
|125   |            \prim_noinit.ram                 |blk_mem_gen_prim_wrapper__parameterized59  |     3|
|126   |          \ramloop[61].ram.r                 |blk_mem_gen_prim_width__parameterized60    |     3|
|127   |            \prim_noinit.ram                 |blk_mem_gen_prim_wrapper__parameterized60  |     3|
|128   |          \ramloop[62].ram.r                 |blk_mem_gen_prim_width__parameterized61    |     3|
|129   |            \prim_noinit.ram                 |blk_mem_gen_prim_wrapper__parameterized61  |     3|
|130   |          \ramloop[63].ram.r                 |blk_mem_gen_prim_width__parameterized62    |     3|
|131   |            \prim_noinit.ram                 |blk_mem_gen_prim_wrapper__parameterized62  |     3|
|132   |          \ramloop[64].ram.r                 |blk_mem_gen_prim_width__parameterized63    |     3|
|133   |            \prim_noinit.ram                 |blk_mem_gen_prim_wrapper__parameterized63  |     3|
|134   |          \ramloop[65].ram.r                 |blk_mem_gen_prim_width__parameterized64    |     3|
|135   |            \prim_noinit.ram                 |blk_mem_gen_prim_wrapper__parameterized64  |     3|
|136   |          \ramloop[66].ram.r                 |blk_mem_gen_prim_width__parameterized65    |     3|
|137   |            \prim_noinit.ram                 |blk_mem_gen_prim_wrapper__parameterized65  |     3|
|138   |          \ramloop[67].ram.r                 |blk_mem_gen_prim_width__parameterized66    |     3|
|139   |            \prim_noinit.ram                 |blk_mem_gen_prim_wrapper__parameterized66  |     3|
|140   |          \ramloop[68].ram.r                 |blk_mem_gen_prim_width__parameterized67    |     3|
|141   |            \prim_noinit.ram                 |blk_mem_gen_prim_wrapper__parameterized67  |     3|
|142   |          \ramloop[69].ram.r                 |blk_mem_gen_prim_width__parameterized68    |     3|
|143   |            \prim_noinit.ram                 |blk_mem_gen_prim_wrapper__parameterized68  |     3|
|144   |          \ramloop[6].ram.r                  |blk_mem_gen_prim_width__parameterized5     |     1|
|145   |            \prim_noinit.ram                 |blk_mem_gen_prim_wrapper__parameterized5   |     1|
|146   |          \ramloop[70].ram.r                 |blk_mem_gen_prim_width__parameterized69    |     3|
|147   |            \prim_noinit.ram                 |blk_mem_gen_prim_wrapper__parameterized69  |     3|
|148   |          \ramloop[71].ram.r                 |blk_mem_gen_prim_width__parameterized70    |     1|
|149   |            \prim_noinit.ram                 |blk_mem_gen_prim_wrapper__parameterized70  |     1|
|150   |          \ramloop[72].ram.r                 |blk_mem_gen_prim_width__parameterized71    |     1|
|151   |            \prim_noinit.ram                 |blk_mem_gen_prim_wrapper__parameterized71  |     1|
|152   |          \ramloop[73].ram.r                 |blk_mem_gen_prim_width__parameterized72    |     1|
|153   |            \prim_noinit.ram                 |blk_mem_gen_prim_wrapper__parameterized72  |     1|
|154   |          \ramloop[74].ram.r                 |blk_mem_gen_prim_width__parameterized73    |     1|
|155   |            \prim_noinit.ram                 |blk_mem_gen_prim_wrapper__parameterized73  |     1|
|156   |          \ramloop[75].ram.r                 |blk_mem_gen_prim_width__parameterized74    |     1|
|157   |            \prim_noinit.ram                 |blk_mem_gen_prim_wrapper__parameterized74  |     1|
|158   |          \ramloop[76].ram.r                 |blk_mem_gen_prim_width__parameterized75    |     1|
|159   |            \prim_noinit.ram                 |blk_mem_gen_prim_wrapper__parameterized75  |     1|
|160   |          \ramloop[77].ram.r                 |blk_mem_gen_prim_width__parameterized76    |     1|
|161   |            \prim_noinit.ram                 |blk_mem_gen_prim_wrapper__parameterized76  |     1|
|162   |          \ramloop[78].ram.r                 |blk_mem_gen_prim_width__parameterized77    |     1|
|163   |            \prim_noinit.ram                 |blk_mem_gen_prim_wrapper__parameterized77  |     1|
|164   |          \ramloop[79].ram.r                 |blk_mem_gen_prim_width__parameterized78    |     1|
|165   |            \prim_noinit.ram                 |blk_mem_gen_prim_wrapper__parameterized78  |     1|
|166   |          \ramloop[7].ram.r                  |blk_mem_gen_prim_width__parameterized6     |     1|
|167   |            \prim_noinit.ram                 |blk_mem_gen_prim_wrapper__parameterized6   |     1|
|168   |          \ramloop[80].ram.r                 |blk_mem_gen_prim_width__parameterized79    |     1|
|169   |            \prim_noinit.ram                 |blk_mem_gen_prim_wrapper__parameterized79  |     1|
|170   |          \ramloop[81].ram.r                 |blk_mem_gen_prim_width__parameterized80    |     1|
|171   |            \prim_noinit.ram                 |blk_mem_gen_prim_wrapper__parameterized80  |     1|
|172   |          \ramloop[82].ram.r                 |blk_mem_gen_prim_width__parameterized81    |     1|
|173   |            \prim_noinit.ram                 |blk_mem_gen_prim_wrapper__parameterized81  |     1|
|174   |          \ramloop[83].ram.r                 |blk_mem_gen_prim_width__parameterized82    |     1|
|175   |            \prim_noinit.ram                 |blk_mem_gen_prim_wrapper__parameterized82  |     1|
|176   |          \ramloop[84].ram.r                 |blk_mem_gen_prim_width__parameterized83    |     1|
|177   |            \prim_noinit.ram                 |blk_mem_gen_prim_wrapper__parameterized83  |     1|
|178   |          \ramloop[85].ram.r                 |blk_mem_gen_prim_width__parameterized84    |     1|
|179   |            \prim_noinit.ram                 |blk_mem_gen_prim_wrapper__parameterized84  |     1|
|180   |          \ramloop[86].ram.r                 |blk_mem_gen_prim_width__parameterized85    |     1|
|181   |            \prim_noinit.ram                 |blk_mem_gen_prim_wrapper__parameterized85  |     1|
|182   |          \ramloop[87].ram.r                 |blk_mem_gen_prim_width__parameterized86    |     1|
|183   |            \prim_noinit.ram                 |blk_mem_gen_prim_wrapper__parameterized86  |     1|
|184   |          \ramloop[88].ram.r                 |blk_mem_gen_prim_width__parameterized87    |     1|
|185   |            \prim_noinit.ram                 |blk_mem_gen_prim_wrapper__parameterized87  |     1|
|186   |          \ramloop[89].ram.r                 |blk_mem_gen_prim_width__parameterized88    |     1|
|187   |            \prim_noinit.ram                 |blk_mem_gen_prim_wrapper__parameterized88  |     1|
|188   |          \ramloop[8].ram.r                  |blk_mem_gen_prim_width__parameterized7     |     1|
|189   |            \prim_noinit.ram                 |blk_mem_gen_prim_wrapper__parameterized7   |     1|
|190   |          \ramloop[90].ram.r                 |blk_mem_gen_prim_width__parameterized89    |     1|
|191   |            \prim_noinit.ram                 |blk_mem_gen_prim_wrapper__parameterized89  |     1|
|192   |          \ramloop[91].ram.r                 |blk_mem_gen_prim_width__parameterized90    |     1|
|193   |            \prim_noinit.ram                 |blk_mem_gen_prim_wrapper__parameterized90  |     1|
|194   |          \ramloop[92].ram.r                 |blk_mem_gen_prim_width__parameterized91    |     1|
|195   |            \prim_noinit.ram                 |blk_mem_gen_prim_wrapper__parameterized91  |     1|
|196   |          \ramloop[93].ram.r                 |blk_mem_gen_prim_width__parameterized92    |     1|
|197   |            \prim_noinit.ram                 |blk_mem_gen_prim_wrapper__parameterized92  |     1|
|198   |          \ramloop[94].ram.r                 |blk_mem_gen_prim_width__parameterized93    |     1|
|199   |            \prim_noinit.ram                 |blk_mem_gen_prim_wrapper__parameterized93  |     1|
|200   |          \ramloop[95].ram.r                 |blk_mem_gen_prim_width__parameterized94    |     1|
|201   |            \prim_noinit.ram                 |blk_mem_gen_prim_wrapper__parameterized94  |     1|
|202   |          \ramloop[96].ram.r                 |blk_mem_gen_prim_width__parameterized95    |     1|
|203   |            \prim_noinit.ram                 |blk_mem_gen_prim_wrapper__parameterized95  |     1|
|204   |          \ramloop[97].ram.r                 |blk_mem_gen_prim_width__parameterized96    |     1|
|205   |            \prim_noinit.ram                 |blk_mem_gen_prim_wrapper__parameterized96  |     1|
|206   |          \ramloop[98].ram.r                 |blk_mem_gen_prim_width__parameterized97    |     1|
|207   |            \prim_noinit.ram                 |blk_mem_gen_prim_wrapper__parameterized97  |     1|
|208   |          \ramloop[99].ram.r                 |blk_mem_gen_prim_width__parameterized98    |     1|
|209   |            \prim_noinit.ram                 |blk_mem_gen_prim_wrapper__parameterized98  |     1|
|210   |          \ramloop[9].ram.r                  |blk_mem_gen_prim_width__parameterized8     |     1|
|211   |            \prim_noinit.ram                 |blk_mem_gen_prim_wrapper__parameterized8   |     1|
+------+---------------------------------------------+-------------------------------------------+------+
---------------------------------------------------------------------------------
Finished Writing Synthesis Report : Time (s): cpu = 00:05:39 ; elapsed = 00:05:58 . Memory (MB): peak = 853.176 ; gain = 585.711
---------------------------------------------------------------------------------
Synthesis finished with 0 errors, 0 critical warnings and 230 warnings.
Synthesis Optimization Runtime : Time (s): cpu = 00:00:28 ; elapsed = 00:05:44 . Memory (MB): peak = 853.176 ; gain = 477.195
Synthesis Optimization Complete : Time (s): cpu = 00:05:39 ; elapsed = 00:05:58 . Memory (MB): peak = 853.176 ; gain = 585.711
INFO: [Project 1-571] Translating synthesized netlist
INFO: [Netlist 29-17] Analyzing 216 Unisim elements for replacement
INFO: [Netlist 29-28] Unisim Transformation completed in 0 CPU seconds
INFO: [Project 1-570] Preparing netlist for logic optimization
INFO: [Opt 31-138] Pushed 0 inverter(s) to 0 load pin(s).
Netlist sorting complete. Time (s): cpu = 00:00:00 ; elapsed = 00:00:00.003 . Memory (MB): peak = 853.176 ; gain = 0.000
INFO: [Project 1-111] Unisim Transformation Summary:
No Unisim elements were transformed.

INFO: [Common 17-83] Releasing license: Synthesis
17 Infos, 100 Warnings, 0 Critical Warnings and 0 Errors encountered.
synth_design completed successfully
synth_design: Time (s): cpu = 00:05:43 ; elapsed = 00:06:04 . Memory (MB): peak = 853.176 ; gain = 592.770
Netlist sorting complete. Time (s): cpu = 00:00:00 ; elapsed = 00:00:00.003 . Memory (MB): peak = 853.176 ; gain = 0.000
WARNING: [Constraints 18-5210] No constraints selected for write.
Resolution: This message can indicate that there are no constraints for the design, or it can indicate that the used_in flags are set such that the constraints are ignored. This later case is used when running synth_design to not write synthesis constraints to the resulting checkpoint. Instead, project constraints are read when the synthesized design is opened.
INFO: [Common 17-1381] The checkpoint 'D:/Totoro/Src/thinpad_top.runs/blk_mem_gen_0_synth_1/blk_mem_gen_0.dcp' has been generated.
INFO: [Coretcl 2-1648] Added synthesis output to IP cache for IP blk_mem_gen_0, cache-ID = 141e7fd4daa63833
INFO: [Coretcl 2-1174] Renamed 210 cell refs.
Netlist sorting complete. Time (s): cpu = 00:00:00 ; elapsed = 00:00:00.003 . Memory (MB): peak = 853.176 ; gain = 0.000
WARNING: [Constraints 18-5210] No constraints selected for write.
Resolution: This message can indicate that there are no constraints for the design, or it can indicate that the used_in flags are set such that the constraints are ignored. This later case is used when running synth_design to not write synthesis constraints to the resulting checkpoint. Instead, project constraints are read when the synthesized design is opened.
INFO: [Common 17-1381] The checkpoint 'D:/Totoro/Src/thinpad_top.runs/blk_mem_gen_0_synth_1/blk_mem_gen_0.dcp' has been generated.
INFO: [runtcl-4] Executing : report_utilization -file blk_mem_gen_0_utilization_synth.rpt -pb blk_mem_gen_0_utilization_synth.pb
INFO: [Common 17-206] Exiting Vivado at Sun Jul 28 01:12:59 2019...
