Copyright 1986-2018 Xilinx, Inc. All Rights Reserved.
-----------------------------------------------------------------------------------------------------------------------------------------------------------------------
| Tool Version : Vivado v.2018.3 (win64) Build 2405991 Thu Dec  6 23:38:27 MST 2018
| Date         : Sun Jul 28 02:46:08 2019
| Host         : zzt running 64-bit major release  (build 9200)
| Command      : report_methodology -file thinpad_top_methodology_drc_routed.rpt -pb thinpad_top_methodology_drc_routed.pb -rpx thinpad_top_methodology_drc_routed.rpx
| Design       : thinpad_top
| Device       : xc7a100tfgg676-2L
| Speed File   : -2L
| Design State : Fully Routed
-----------------------------------------------------------------------------------------------------------------------------------------------------------------------

Report Methodology

Table of Contents
-----------------
1. REPORT SUMMARY
2. REPORT DETAILS

1. REPORT SUMMARY
-----------------
            Netlist: netlist
          Floorplan: design_1
      Design limits: <entire design considered>
             Max violations: <unlimited>
             Violations found: 249
+-----------+----------+--------------------------------------------------------+------------+
| Rule      | Severity | Description                                            | Violations |
+-----------+----------+--------------------------------------------------------+------------+
| DPIR-1    | Warning  | Asynchronous driver check                              | 24         |
| SYNTH-10  | Warning  | Wide multiplier                                        | 4          |
| TIMING-18 | Warning  | Missing input or output delay                          | 11         |
| TIMING-20 | Warning  | Non-clocked latch                                      | 208        |
| XDCC-1    | Warning  | Scoped Clock constraint overwritten with the same name | 1          |
| XDCC-7    | Warning  | Scoped Clock constraint overwritten on the same source | 1          |
+-----------+----------+--------------------------------------------------------+------------+

2. REPORT DETAILS
-----------------
DPIR-1#1 Warning
Asynchronous driver check  
DSP vga800x600at75/pixelAddr input pin vga800x600at75/pixelAddr/A[0] is connected to registers with an asynchronous reset. This is preventing the possibility of merging these registers in to the DSP Block since the DSP block registers only possess synchronous reset capability.  It is suggested to recode or change these registers to remove the reset or use a synchronous reset to get the best optimization for performance, power and area.
Related violations: <none>

DPIR-1#2 Warning
Asynchronous driver check  
DSP vga800x600at75/pixelAddr input pin vga800x600at75/pixelAddr/A[10] is connected to registers with an asynchronous reset. This is preventing the possibility of merging these registers in to the DSP Block since the DSP block registers only possess synchronous reset capability.  It is suggested to recode or change these registers to remove the reset or use a synchronous reset to get the best optimization for performance, power and area.
Related violations: <none>

DPIR-1#3 Warning
Asynchronous driver check  
DSP vga800x600at75/pixelAddr input pin vga800x600at75/pixelAddr/A[11] is connected to registers with an asynchronous reset. This is preventing the possibility of merging these registers in to the DSP Block since the DSP block registers only possess synchronous reset capability.  It is suggested to recode or change these registers to remove the reset or use a synchronous reset to get the best optimization for performance, power and area.
Related violations: <none>

DPIR-1#4 Warning
Asynchronous driver check  
DSP vga800x600at75/pixelAddr input pin vga800x600at75/pixelAddr/A[1] is connected to registers with an asynchronous reset. This is preventing the possibility of merging these registers in to the DSP Block since the DSP block registers only possess synchronous reset capability.  It is suggested to recode or change these registers to remove the reset or use a synchronous reset to get the best optimization for performance, power and area.
Related violations: <none>

DPIR-1#5 Warning
Asynchronous driver check  
DSP vga800x600at75/pixelAddr input pin vga800x600at75/pixelAddr/A[2] is connected to registers with an asynchronous reset. This is preventing the possibility of merging these registers in to the DSP Block since the DSP block registers only possess synchronous reset capability.  It is suggested to recode or change these registers to remove the reset or use a synchronous reset to get the best optimization for performance, power and area.
Related violations: <none>

DPIR-1#6 Warning
Asynchronous driver check  
DSP vga800x600at75/pixelAddr input pin vga800x600at75/pixelAddr/A[3] is connected to registers with an asynchronous reset. This is preventing the possibility of merging these registers in to the DSP Block since the DSP block registers only possess synchronous reset capability.  It is suggested to recode or change these registers to remove the reset or use a synchronous reset to get the best optimization for performance, power and area.
Related violations: <none>

DPIR-1#7 Warning
Asynchronous driver check  
DSP vga800x600at75/pixelAddr input pin vga800x600at75/pixelAddr/A[4] is connected to registers with an asynchronous reset. This is preventing the possibility of merging these registers in to the DSP Block since the DSP block registers only possess synchronous reset capability.  It is suggested to recode or change these registers to remove the reset or use a synchronous reset to get the best optimization for performance, power and area.
Related violations: <none>

DPIR-1#8 Warning
Asynchronous driver check  
DSP vga800x600at75/pixelAddr input pin vga800x600at75/pixelAddr/A[5] is connected to registers with an asynchronous reset. This is preventing the possibility of merging these registers in to the DSP Block since the DSP block registers only possess synchronous reset capability.  It is suggested to recode or change these registers to remove the reset or use a synchronous reset to get the best optimization for performance, power and area.
Related violations: <none>

DPIR-1#9 Warning
Asynchronous driver check  
DSP vga800x600at75/pixelAddr input pin vga800x600at75/pixelAddr/A[6] is connected to registers with an asynchronous reset. This is preventing the possibility of merging these registers in to the DSP Block since the DSP block registers only possess synchronous reset capability.  It is suggested to recode or change these registers to remove the reset or use a synchronous reset to get the best optimization for performance, power and area.
Related violations: <none>

DPIR-1#10 Warning
Asynchronous driver check  
DSP vga800x600at75/pixelAddr input pin vga800x600at75/pixelAddr/A[7] is connected to registers with an asynchronous reset. This is preventing the possibility of merging these registers in to the DSP Block since the DSP block registers only possess synchronous reset capability.  It is suggested to recode or change these registers to remove the reset or use a synchronous reset to get the best optimization for performance, power and area.
Related violations: <none>

DPIR-1#11 Warning
Asynchronous driver check  
DSP vga800x600at75/pixelAddr input pin vga800x600at75/pixelAddr/A[8] is connected to registers with an asynchronous reset. This is preventing the possibility of merging these registers in to the DSP Block since the DSP block registers only possess synchronous reset capability.  It is suggested to recode or change these registers to remove the reset or use a synchronous reset to get the best optimization for performance, power and area.
Related violations: <none>

DPIR-1#12 Warning
Asynchronous driver check  
DSP vga800x600at75/pixelAddr input pin vga800x600at75/pixelAddr/A[9] is connected to registers with an asynchronous reset. This is preventing the possibility of merging these registers in to the DSP Block since the DSP block registers only possess synchronous reset capability.  It is suggested to recode or change these registers to remove the reset or use a synchronous reset to get the best optimization for performance, power and area.
Related violations: <none>

DPIR-1#13 Warning
Asynchronous driver check  
DSP vga800x600at75/pixelAddr input pin vga800x600at75/pixelAddr/C[0] is connected to registers with an asynchronous reset. This is preventing the possibility of merging these registers in to the DSP Block since the DSP block registers only possess synchronous reset capability.  It is suggested to recode or change these registers to remove the reset or use a synchronous reset to get the best optimization for performance, power and area.
Related violations: <none>

DPIR-1#14 Warning
Asynchronous driver check  
DSP vga800x600at75/pixelAddr input pin vga800x600at75/pixelAddr/C[10] is connected to registers with an asynchronous reset. This is preventing the possibility of merging these registers in to the DSP Block since the DSP block registers only possess synchronous reset capability.  It is suggested to recode or change these registers to remove the reset or use a synchronous reset to get the best optimization for performance, power and area.
Related violations: <none>

DPIR-1#15 Warning
Asynchronous driver check  
DSP vga800x600at75/pixelAddr input pin vga800x600at75/pixelAddr/C[11] is connected to registers with an asynchronous reset. This is preventing the possibility of merging these registers in to the DSP Block since the DSP block registers only possess synchronous reset capability.  It is suggested to recode or change these registers to remove the reset or use a synchronous reset to get the best optimization for performance, power and area.
Related violations: <none>

DPIR-1#16 Warning
Asynchronous driver check  
DSP vga800x600at75/pixelAddr input pin vga800x600at75/pixelAddr/C[1] is connected to registers with an asynchronous reset. This is preventing the possibility of merging these registers in to the DSP Block since the DSP block registers only possess synchronous reset capability.  It is suggested to recode or change these registers to remove the reset or use a synchronous reset to get the best optimization for performance, power and area.
Related violations: <none>

DPIR-1#17 Warning
Asynchronous driver check  
DSP vga800x600at75/pixelAddr input pin vga800x600at75/pixelAddr/C[2] is connected to registers with an asynchronous reset. This is preventing the possibility of merging these registers in to the DSP Block since the DSP block registers only possess synchronous reset capability.  It is suggested to recode or change these registers to remove the reset or use a synchronous reset to get the best optimization for performance, power and area.
Related violations: <none>

DPIR-1#18 Warning
Asynchronous driver check  
DSP vga800x600at75/pixelAddr input pin vga800x600at75/pixelAddr/C[3] is connected to registers with an asynchronous reset. This is preventing the possibility of merging these registers in to the DSP Block since the DSP block registers only possess synchronous reset capability.  It is suggested to recode or change these registers to remove the reset or use a synchronous reset to get the best optimization for performance, power and area.
Related violations: <none>

DPIR-1#19 Warning
Asynchronous driver check  
DSP vga800x600at75/pixelAddr input pin vga800x600at75/pixelAddr/C[4] is connected to registers with an asynchronous reset. This is preventing the possibility of merging these registers in to the DSP Block since the DSP block registers only possess synchronous reset capability.  It is suggested to recode or change these registers to remove the reset or use a synchronous reset to get the best optimization for performance, power and area.
Related violations: <none>

DPIR-1#20 Warning
Asynchronous driver check  
DSP vga800x600at75/pixelAddr input pin vga800x600at75/pixelAddr/C[5] is connected to registers with an asynchronous reset. This is preventing the possibility of merging these registers in to the DSP Block since the DSP block registers only possess synchronous reset capability.  It is suggested to recode or change these registers to remove the reset or use a synchronous reset to get the best optimization for performance, power and area.
Related violations: <none>

DPIR-1#21 Warning
Asynchronous driver check  
DSP vga800x600at75/pixelAddr input pin vga800x600at75/pixelAddr/C[6] is connected to registers with an asynchronous reset. This is preventing the possibility of merging these registers in to the DSP Block since the DSP block registers only possess synchronous reset capability.  It is suggested to recode or change these registers to remove the reset or use a synchronous reset to get the best optimization for performance, power and area.
Related violations: <none>

DPIR-1#22 Warning
Asynchronous driver check  
DSP vga800x600at75/pixelAddr input pin vga800x600at75/pixelAddr/C[7] is connected to registers with an asynchronous reset. This is preventing the possibility of merging these registers in to the DSP Block since the DSP block registers only possess synchronous reset capability.  It is suggested to recode or change these registers to remove the reset or use a synchronous reset to get the best optimization for performance, power and area.
Related violations: <none>

DPIR-1#23 Warning
Asynchronous driver check  
DSP vga800x600at75/pixelAddr input pin vga800x600at75/pixelAddr/C[8] is connected to registers with an asynchronous reset. This is preventing the possibility of merging these registers in to the DSP Block since the DSP block registers only possess synchronous reset capability.  It is suggested to recode or change these registers to remove the reset or use a synchronous reset to get the best optimization for performance, power and area.
Related violations: <none>

DPIR-1#24 Warning
Asynchronous driver check  
DSP vga800x600at75/pixelAddr input pin vga800x600at75/pixelAddr/C[9] is connected to registers with an asynchronous reset. This is preventing the possibility of merging these registers in to the DSP Block since the DSP block registers only possess synchronous reset capability.  It is suggested to recode or change these registers to remove the reset or use a synchronous reset to get the best optimization for performance, power and area.
Related violations: <none>

SYNTH-10#1 Warning
Wide multiplier  
Detected multiplier at cpu/openmips0/ex0/tempres of size 16x18, it is decomposed from a wide multipler into 4 DSP blocks.
Related violations: <none>

SYNTH-10#2 Warning
Wide multiplier  
Detected multiplier at cpu/openmips0/ex0/tempres__0 of size 16x16, it is decomposed from a wide multipler into 4 DSP blocks.
Related violations: <none>

SYNTH-10#3 Warning
Wide multiplier  
Detected multiplier at cpu/openmips0/ex0/tempres__1 of size 18x18, it is decomposed from a wide multipler into 4 DSP blocks.
Related violations: <none>

SYNTH-10#4 Warning
Wide multiplier  
Detected multiplier at cpu/openmips0/ex0/tempres__2 of size 18x16, it is decomposed from a wide multipler into 4 DSP blocks.
Related violations: <none>

TIMING-18#1 Warning
Missing input or output delay  
An output delay is missing on video_blue[0] relative to clock(s) clk_50M
Related violations: <none>

TIMING-18#2 Warning
Missing input or output delay  
An output delay is missing on video_blue[1] relative to clock(s) clk_50M
Related violations: <none>

TIMING-18#3 Warning
Missing input or output delay  
An output delay is missing on video_de relative to clock(s) clk_50M
Related violations: <none>

TIMING-18#4 Warning
Missing input or output delay  
An output delay is missing on video_green[0] relative to clock(s) clk_50M
Related violations: <none>

TIMING-18#5 Warning
Missing input or output delay  
An output delay is missing on video_green[1] relative to clock(s) clk_50M
Related violations: <none>

TIMING-18#6 Warning
Missing input or output delay  
An output delay is missing on video_green[2] relative to clock(s) clk_50M
Related violations: <none>

TIMING-18#7 Warning
Missing input or output delay  
An output delay is missing on video_hsync relative to clock(s) clk_50M
Related violations: <none>

TIMING-18#8 Warning
Missing input or output delay  
An output delay is missing on video_red[0] relative to clock(s) clk_50M
Related violations: <none>

TIMING-18#9 Warning
Missing input or output delay  
An output delay is missing on video_red[1] relative to clock(s) clk_50M
Related violations: <none>

TIMING-18#10 Warning
Missing input or output delay  
An output delay is missing on video_red[2] relative to clock(s) clk_50M
Related violations: <none>

TIMING-18#11 Warning
Missing input or output delay  
An output delay is missing on video_vsync relative to clock(s) clk_50M
Related violations: <none>

TIMING-20#1 Warning
Non-clocked latch  
The latch cpu/mux_for_pc_mem0/mem_data_o_reg[0] cannot be properly analyzed as its control pin cpu/mux_for_pc_mem0/mem_data_o_reg[0]/G is not reached by a timing clock
Related violations: <none>

TIMING-20#2 Warning
Non-clocked latch  
The latch cpu/mux_for_pc_mem0/mem_data_o_reg[10] cannot be properly analyzed as its control pin cpu/mux_for_pc_mem0/mem_data_o_reg[10]/G is not reached by a timing clock
Related violations: <none>

TIMING-20#3 Warning
Non-clocked latch  
The latch cpu/mux_for_pc_mem0/mem_data_o_reg[11] cannot be properly analyzed as its control pin cpu/mux_for_pc_mem0/mem_data_o_reg[11]/G is not reached by a timing clock
Related violations: <none>

TIMING-20#4 Warning
Non-clocked latch  
The latch cpu/mux_for_pc_mem0/mem_data_o_reg[12] cannot be properly analyzed as its control pin cpu/mux_for_pc_mem0/mem_data_o_reg[12]/G is not reached by a timing clock
Related violations: <none>

TIMING-20#5 Warning
Non-clocked latch  
The latch cpu/mux_for_pc_mem0/mem_data_o_reg[13] cannot be properly analyzed as its control pin cpu/mux_for_pc_mem0/mem_data_o_reg[13]/G is not reached by a timing clock
Related violations: <none>

TIMING-20#6 Warning
Non-clocked latch  
The latch cpu/mux_for_pc_mem0/mem_data_o_reg[14] cannot be properly analyzed as its control pin cpu/mux_for_pc_mem0/mem_data_o_reg[14]/G is not reached by a timing clock
Related violations: <none>

TIMING-20#7 Warning
Non-clocked latch  
The latch cpu/mux_for_pc_mem0/mem_data_o_reg[15] cannot be properly analyzed as its control pin cpu/mux_for_pc_mem0/mem_data_o_reg[15]/G is not reached by a timing clock
Related violations: <none>

TIMING-20#8 Warning
Non-clocked latch  
The latch cpu/mux_for_pc_mem0/mem_data_o_reg[16] cannot be properly analyzed as its control pin cpu/mux_for_pc_mem0/mem_data_o_reg[16]/G is not reached by a timing clock
Related violations: <none>

TIMING-20#9 Warning
Non-clocked latch  
The latch cpu/mux_for_pc_mem0/mem_data_o_reg[17] cannot be properly analyzed as its control pin cpu/mux_for_pc_mem0/mem_data_o_reg[17]/G is not reached by a timing clock
Related violations: <none>

TIMING-20#10 Warning
Non-clocked latch  
The latch cpu/mux_for_pc_mem0/mem_data_o_reg[18] cannot be properly analyzed as its control pin cpu/mux_for_pc_mem0/mem_data_o_reg[18]/G is not reached by a timing clock
Related violations: <none>

TIMING-20#11 Warning
Non-clocked latch  
The latch cpu/mux_for_pc_mem0/mem_data_o_reg[19] cannot be properly analyzed as its control pin cpu/mux_for_pc_mem0/mem_data_o_reg[19]/G is not reached by a timing clock
Related violations: <none>

TIMING-20#12 Warning
Non-clocked latch  
The latch cpu/mux_for_pc_mem0/mem_data_o_reg[1] cannot be properly analyzed as its control pin cpu/mux_for_pc_mem0/mem_data_o_reg[1]/G is not reached by a timing clock
Related violations: <none>

TIMING-20#13 Warning
Non-clocked latch  
The latch cpu/mux_for_pc_mem0/mem_data_o_reg[20] cannot be properly analyzed as its control pin cpu/mux_for_pc_mem0/mem_data_o_reg[20]/G is not reached by a timing clock
Related violations: <none>

TIMING-20#14 Warning
Non-clocked latch  
The latch cpu/mux_for_pc_mem0/mem_data_o_reg[21] cannot be properly analyzed as its control pin cpu/mux_for_pc_mem0/mem_data_o_reg[21]/G is not reached by a timing clock
Related violations: <none>

TIMING-20#15 Warning
Non-clocked latch  
The latch cpu/mux_for_pc_mem0/mem_data_o_reg[22] cannot be properly analyzed as its control pin cpu/mux_for_pc_mem0/mem_data_o_reg[22]/G is not reached by a timing clock
Related violations: <none>

TIMING-20#16 Warning
Non-clocked latch  
The latch cpu/mux_for_pc_mem0/mem_data_o_reg[23] cannot be properly analyzed as its control pin cpu/mux_for_pc_mem0/mem_data_o_reg[23]/G is not reached by a timing clock
Related violations: <none>

TIMING-20#17 Warning
Non-clocked latch  
The latch cpu/mux_for_pc_mem0/mem_data_o_reg[24] cannot be properly analyzed as its control pin cpu/mux_for_pc_mem0/mem_data_o_reg[24]/G is not reached by a timing clock
Related violations: <none>

TIMING-20#18 Warning
Non-clocked latch  
The latch cpu/mux_for_pc_mem0/mem_data_o_reg[25] cannot be properly analyzed as its control pin cpu/mux_for_pc_mem0/mem_data_o_reg[25]/G is not reached by a timing clock
Related violations: <none>

TIMING-20#19 Warning
Non-clocked latch  
The latch cpu/mux_for_pc_mem0/mem_data_o_reg[26] cannot be properly analyzed as its control pin cpu/mux_for_pc_mem0/mem_data_o_reg[26]/G is not reached by a timing clock
Related violations: <none>

TIMING-20#20 Warning
Non-clocked latch  
The latch cpu/mux_for_pc_mem0/mem_data_o_reg[27] cannot be properly analyzed as its control pin cpu/mux_for_pc_mem0/mem_data_o_reg[27]/G is not reached by a timing clock
Related violations: <none>

TIMING-20#21 Warning
Non-clocked latch  
The latch cpu/mux_for_pc_mem0/mem_data_o_reg[28] cannot be properly analyzed as its control pin cpu/mux_for_pc_mem0/mem_data_o_reg[28]/G is not reached by a timing clock
Related violations: <none>

TIMING-20#22 Warning
Non-clocked latch  
The latch cpu/mux_for_pc_mem0/mem_data_o_reg[29] cannot be properly analyzed as its control pin cpu/mux_for_pc_mem0/mem_data_o_reg[29]/G is not reached by a timing clock
Related violations: <none>

TIMING-20#23 Warning
Non-clocked latch  
The latch cpu/mux_for_pc_mem0/mem_data_o_reg[2] cannot be properly analyzed as its control pin cpu/mux_for_pc_mem0/mem_data_o_reg[2]/G is not reached by a timing clock
Related violations: <none>

TIMING-20#24 Warning
Non-clocked latch  
The latch cpu/mux_for_pc_mem0/mem_data_o_reg[30] cannot be properly analyzed as its control pin cpu/mux_for_pc_mem0/mem_data_o_reg[30]/G is not reached by a timing clock
Related violations: <none>

TIMING-20#25 Warning
Non-clocked latch  
The latch cpu/mux_for_pc_mem0/mem_data_o_reg[31] cannot be properly analyzed as its control pin cpu/mux_for_pc_mem0/mem_data_o_reg[31]/G is not reached by a timing clock
Related violations: <none>

TIMING-20#26 Warning
Non-clocked latch  
The latch cpu/mux_for_pc_mem0/mem_data_o_reg[3] cannot be properly analyzed as its control pin cpu/mux_for_pc_mem0/mem_data_o_reg[3]/G is not reached by a timing clock
Related violations: <none>

TIMING-20#27 Warning
Non-clocked latch  
The latch cpu/mux_for_pc_mem0/mem_data_o_reg[4] cannot be properly analyzed as its control pin cpu/mux_for_pc_mem0/mem_data_o_reg[4]/G is not reached by a timing clock
Related violations: <none>

TIMING-20#28 Warning
Non-clocked latch  
The latch cpu/mux_for_pc_mem0/mem_data_o_reg[5] cannot be properly analyzed as its control pin cpu/mux_for_pc_mem0/mem_data_o_reg[5]/G is not reached by a timing clock
Related violations: <none>

TIMING-20#29 Warning
Non-clocked latch  
The latch cpu/mux_for_pc_mem0/mem_data_o_reg[6] cannot be properly analyzed as its control pin cpu/mux_for_pc_mem0/mem_data_o_reg[6]/G is not reached by a timing clock
Related violations: <none>

TIMING-20#30 Warning
Non-clocked latch  
The latch cpu/mux_for_pc_mem0/mem_data_o_reg[7] cannot be properly analyzed as its control pin cpu/mux_for_pc_mem0/mem_data_o_reg[7]/G is not reached by a timing clock
Related violations: <none>

TIMING-20#31 Warning
Non-clocked latch  
The latch cpu/mux_for_pc_mem0/mem_data_o_reg[8] cannot be properly analyzed as its control pin cpu/mux_for_pc_mem0/mem_data_o_reg[8]/G is not reached by a timing clock
Related violations: <none>

TIMING-20#32 Warning
Non-clocked latch  
The latch cpu/mux_for_pc_mem0/mem_data_o_reg[9] cannot be properly analyzed as its control pin cpu/mux_for_pc_mem0/mem_data_o_reg[9]/G is not reached by a timing clock
Related violations: <none>

TIMING-20#33 Warning
Non-clocked latch  
The latch cpu/mux_for_pc_mem0/pc_inst_reg[0] cannot be properly analyzed as its control pin cpu/mux_for_pc_mem0/pc_inst_reg[0]/G is not reached by a timing clock
Related violations: <none>

TIMING-20#34 Warning
Non-clocked latch  
The latch cpu/mux_for_pc_mem0/pc_inst_reg[10] cannot be properly analyzed as its control pin cpu/mux_for_pc_mem0/pc_inst_reg[10]/G is not reached by a timing clock
Related violations: <none>

TIMING-20#35 Warning
Non-clocked latch  
The latch cpu/mux_for_pc_mem0/pc_inst_reg[11] cannot be properly analyzed as its control pin cpu/mux_for_pc_mem0/pc_inst_reg[11]/G is not reached by a timing clock
Related violations: <none>

TIMING-20#36 Warning
Non-clocked latch  
The latch cpu/mux_for_pc_mem0/pc_inst_reg[12] cannot be properly analyzed as its control pin cpu/mux_for_pc_mem0/pc_inst_reg[12]/G is not reached by a timing clock
Related violations: <none>

TIMING-20#37 Warning
Non-clocked latch  
The latch cpu/mux_for_pc_mem0/pc_inst_reg[13] cannot be properly analyzed as its control pin cpu/mux_for_pc_mem0/pc_inst_reg[13]/G is not reached by a timing clock
Related violations: <none>

TIMING-20#38 Warning
Non-clocked latch  
The latch cpu/mux_for_pc_mem0/pc_inst_reg[14] cannot be properly analyzed as its control pin cpu/mux_for_pc_mem0/pc_inst_reg[14]/G is not reached by a timing clock
Related violations: <none>

TIMING-20#39 Warning
Non-clocked latch  
The latch cpu/mux_for_pc_mem0/pc_inst_reg[15] cannot be properly analyzed as its control pin cpu/mux_for_pc_mem0/pc_inst_reg[15]/G is not reached by a timing clock
Related violations: <none>

TIMING-20#40 Warning
Non-clocked latch  
The latch cpu/mux_for_pc_mem0/pc_inst_reg[16] cannot be properly analyzed as its control pin cpu/mux_for_pc_mem0/pc_inst_reg[16]/G is not reached by a timing clock
Related violations: <none>

TIMING-20#41 Warning
Non-clocked latch  
The latch cpu/mux_for_pc_mem0/pc_inst_reg[17] cannot be properly analyzed as its control pin cpu/mux_for_pc_mem0/pc_inst_reg[17]/G is not reached by a timing clock
Related violations: <none>

TIMING-20#42 Warning
Non-clocked latch  
The latch cpu/mux_for_pc_mem0/pc_inst_reg[18] cannot be properly analyzed as its control pin cpu/mux_for_pc_mem0/pc_inst_reg[18]/G is not reached by a timing clock
Related violations: <none>

TIMING-20#43 Warning
Non-clocked latch  
The latch cpu/mux_for_pc_mem0/pc_inst_reg[19] cannot be properly analyzed as its control pin cpu/mux_for_pc_mem0/pc_inst_reg[19]/G is not reached by a timing clock
Related violations: <none>

TIMING-20#44 Warning
Non-clocked latch  
The latch cpu/mux_for_pc_mem0/pc_inst_reg[1] cannot be properly analyzed as its control pin cpu/mux_for_pc_mem0/pc_inst_reg[1]/G is not reached by a timing clock
Related violations: <none>

TIMING-20#45 Warning
Non-clocked latch  
The latch cpu/mux_for_pc_mem0/pc_inst_reg[20] cannot be properly analyzed as its control pin cpu/mux_for_pc_mem0/pc_inst_reg[20]/G is not reached by a timing clock
Related violations: <none>

TIMING-20#46 Warning
Non-clocked latch  
The latch cpu/mux_for_pc_mem0/pc_inst_reg[21] cannot be properly analyzed as its control pin cpu/mux_for_pc_mem0/pc_inst_reg[21]/G is not reached by a timing clock
Related violations: <none>

TIMING-20#47 Warning
Non-clocked latch  
The latch cpu/mux_for_pc_mem0/pc_inst_reg[22] cannot be properly analyzed as its control pin cpu/mux_for_pc_mem0/pc_inst_reg[22]/G is not reached by a timing clock
Related violations: <none>

TIMING-20#48 Warning
Non-clocked latch  
The latch cpu/mux_for_pc_mem0/pc_inst_reg[23] cannot be properly analyzed as its control pin cpu/mux_for_pc_mem0/pc_inst_reg[23]/G is not reached by a timing clock
Related violations: <none>

TIMING-20#49 Warning
Non-clocked latch  
The latch cpu/mux_for_pc_mem0/pc_inst_reg[24] cannot be properly analyzed as its control pin cpu/mux_for_pc_mem0/pc_inst_reg[24]/G is not reached by a timing clock
Related violations: <none>

TIMING-20#50 Warning
Non-clocked latch  
The latch cpu/mux_for_pc_mem0/pc_inst_reg[25] cannot be properly analyzed as its control pin cpu/mux_for_pc_mem0/pc_inst_reg[25]/G is not reached by a timing clock
Related violations: <none>

TIMING-20#51 Warning
Non-clocked latch  
The latch cpu/mux_for_pc_mem0/pc_inst_reg[26] cannot be properly analyzed as its control pin cpu/mux_for_pc_mem0/pc_inst_reg[26]/G is not reached by a timing clock
Related violations: <none>

TIMING-20#52 Warning
Non-clocked latch  
The latch cpu/mux_for_pc_mem0/pc_inst_reg[27] cannot be properly analyzed as its control pin cpu/mux_for_pc_mem0/pc_inst_reg[27]/G is not reached by a timing clock
Related violations: <none>

TIMING-20#53 Warning
Non-clocked latch  
The latch cpu/mux_for_pc_mem0/pc_inst_reg[28] cannot be properly analyzed as its control pin cpu/mux_for_pc_mem0/pc_inst_reg[28]/G is not reached by a timing clock
Related violations: <none>

TIMING-20#54 Warning
Non-clocked latch  
The latch cpu/mux_for_pc_mem0/pc_inst_reg[29] cannot be properly analyzed as its control pin cpu/mux_for_pc_mem0/pc_inst_reg[29]/G is not reached by a timing clock
Related violations: <none>

TIMING-20#55 Warning
Non-clocked latch  
The latch cpu/mux_for_pc_mem0/pc_inst_reg[2] cannot be properly analyzed as its control pin cpu/mux_for_pc_mem0/pc_inst_reg[2]/G is not reached by a timing clock
Related violations: <none>

TIMING-20#56 Warning
Non-clocked latch  
The latch cpu/mux_for_pc_mem0/pc_inst_reg[30] cannot be properly analyzed as its control pin cpu/mux_for_pc_mem0/pc_inst_reg[30]/G is not reached by a timing clock
Related violations: <none>

TIMING-20#57 Warning
Non-clocked latch  
The latch cpu/mux_for_pc_mem0/pc_inst_reg[31] cannot be properly analyzed as its control pin cpu/mux_for_pc_mem0/pc_inst_reg[31]/G is not reached by a timing clock
Related violations: <none>

TIMING-20#58 Warning
Non-clocked latch  
The latch cpu/mux_for_pc_mem0/pc_inst_reg[3] cannot be properly analyzed as its control pin cpu/mux_for_pc_mem0/pc_inst_reg[3]/G is not reached by a timing clock
Related violations: <none>

TIMING-20#59 Warning
Non-clocked latch  
The latch cpu/mux_for_pc_mem0/pc_inst_reg[4] cannot be properly analyzed as its control pin cpu/mux_for_pc_mem0/pc_inst_reg[4]/G is not reached by a timing clock
Related violations: <none>

TIMING-20#60 Warning
Non-clocked latch  
The latch cpu/mux_for_pc_mem0/pc_inst_reg[5] cannot be properly analyzed as its control pin cpu/mux_for_pc_mem0/pc_inst_reg[5]/G is not reached by a timing clock
Related violations: <none>

TIMING-20#61 Warning
Non-clocked latch  
The latch cpu/mux_for_pc_mem0/pc_inst_reg[6] cannot be properly analyzed as its control pin cpu/mux_for_pc_mem0/pc_inst_reg[6]/G is not reached by a timing clock
Related violations: <none>

TIMING-20#62 Warning
Non-clocked latch  
The latch cpu/mux_for_pc_mem0/pc_inst_reg[7] cannot be properly analyzed as its control pin cpu/mux_for_pc_mem0/pc_inst_reg[7]/G is not reached by a timing clock
Related violations: <none>

TIMING-20#63 Warning
Non-clocked latch  
The latch cpu/mux_for_pc_mem0/pc_inst_reg[8] cannot be properly analyzed as its control pin cpu/mux_for_pc_mem0/pc_inst_reg[8]/G is not reached by a timing clock
Related violations: <none>

TIMING-20#64 Warning
Non-clocked latch  
The latch cpu/mux_for_pc_mem0/pc_inst_reg[9] cannot be properly analyzed as its control pin cpu/mux_for_pc_mem0/pc_inst_reg[9]/G is not reached by a timing clock
Related violations: <none>

TIMING-20#65 Warning
Non-clocked latch  
The latch cpu/mux_for_pc_mem0/pc_invalid_reg cannot be properly analyzed as its control pin cpu/mux_for_pc_mem0/pc_invalid_reg/G is not reached by a timing clock
Related violations: <none>

TIMING-20#66 Warning
Non-clocked latch  
The latch cpu/mux_for_pc_mem0/pc_miss_reg cannot be properly analyzed as its control pin cpu/mux_for_pc_mem0/pc_miss_reg/G is not reached by a timing clock
Related violations: <none>

TIMING-20#67 Warning
Non-clocked latch  
The latch cpu/mux_for_pc_mem0/pc_permissionDenied_reg cannot be properly analyzed as its control pin cpu/mux_for_pc_mem0/pc_permissionDenied_reg/G is not reached by a timing clock
Related violations: <none>

TIMING-20#68 Warning
Non-clocked latch  
The latch flash_controler/flashAddr_o_reg[0] cannot be properly analyzed as its control pin flash_controler/flashAddr_o_reg[0]/G is not reached by a timing clock
Related violations: <none>

TIMING-20#69 Warning
Non-clocked latch  
The latch flash_controler/flashAddr_o_reg[10] cannot be properly analyzed as its control pin flash_controler/flashAddr_o_reg[10]/G is not reached by a timing clock
Related violations: <none>

TIMING-20#70 Warning
Non-clocked latch  
The latch flash_controler/flashAddr_o_reg[11] cannot be properly analyzed as its control pin flash_controler/flashAddr_o_reg[11]/G is not reached by a timing clock
Related violations: <none>

TIMING-20#71 Warning
Non-clocked latch  
The latch flash_controler/flashAddr_o_reg[12] cannot be properly analyzed as its control pin flash_controler/flashAddr_o_reg[12]/G is not reached by a timing clock
Related violations: <none>

TIMING-20#72 Warning
Non-clocked latch  
The latch flash_controler/flashAddr_o_reg[13] cannot be properly analyzed as its control pin flash_controler/flashAddr_o_reg[13]/G is not reached by a timing clock
Related violations: <none>

TIMING-20#73 Warning
Non-clocked latch  
The latch flash_controler/flashAddr_o_reg[14] cannot be properly analyzed as its control pin flash_controler/flashAddr_o_reg[14]/G is not reached by a timing clock
Related violations: <none>

TIMING-20#74 Warning
Non-clocked latch  
The latch flash_controler/flashAddr_o_reg[15] cannot be properly analyzed as its control pin flash_controler/flashAddr_o_reg[15]/G is not reached by a timing clock
Related violations: <none>

TIMING-20#75 Warning
Non-clocked latch  
The latch flash_controler/flashAddr_o_reg[16] cannot be properly analyzed as its control pin flash_controler/flashAddr_o_reg[16]/G is not reached by a timing clock
Related violations: <none>

TIMING-20#76 Warning
Non-clocked latch  
The latch flash_controler/flashAddr_o_reg[17] cannot be properly analyzed as its control pin flash_controler/flashAddr_o_reg[17]/G is not reached by a timing clock
Related violations: <none>

TIMING-20#77 Warning
Non-clocked latch  
The latch flash_controler/flashAddr_o_reg[18] cannot be properly analyzed as its control pin flash_controler/flashAddr_o_reg[18]/G is not reached by a timing clock
Related violations: <none>

TIMING-20#78 Warning
Non-clocked latch  
The latch flash_controler/flashAddr_o_reg[19] cannot be properly analyzed as its control pin flash_controler/flashAddr_o_reg[19]/G is not reached by a timing clock
Related violations: <none>

TIMING-20#79 Warning
Non-clocked latch  
The latch flash_controler/flashAddr_o_reg[1] cannot be properly analyzed as its control pin flash_controler/flashAddr_o_reg[1]/G is not reached by a timing clock
Related violations: <none>

TIMING-20#80 Warning
Non-clocked latch  
The latch flash_controler/flashAddr_o_reg[20] cannot be properly analyzed as its control pin flash_controler/flashAddr_o_reg[20]/G is not reached by a timing clock
Related violations: <none>

TIMING-20#81 Warning
Non-clocked latch  
The latch flash_controler/flashAddr_o_reg[21] cannot be properly analyzed as its control pin flash_controler/flashAddr_o_reg[21]/G is not reached by a timing clock
Related violations: <none>

TIMING-20#82 Warning
Non-clocked latch  
The latch flash_controler/flashAddr_o_reg[22] cannot be properly analyzed as its control pin flash_controler/flashAddr_o_reg[22]/G is not reached by a timing clock
Related violations: <none>

TIMING-20#83 Warning
Non-clocked latch  
The latch flash_controler/flashAddr_o_reg[2] cannot be properly analyzed as its control pin flash_controler/flashAddr_o_reg[2]/G is not reached by a timing clock
Related violations: <none>

TIMING-20#84 Warning
Non-clocked latch  
The latch flash_controler/flashAddr_o_reg[3] cannot be properly analyzed as its control pin flash_controler/flashAddr_o_reg[3]/G is not reached by a timing clock
Related violations: <none>

TIMING-20#85 Warning
Non-clocked latch  
The latch flash_controler/flashAddr_o_reg[4] cannot be properly analyzed as its control pin flash_controler/flashAddr_o_reg[4]/G is not reached by a timing clock
Related violations: <none>

TIMING-20#86 Warning
Non-clocked latch  
The latch flash_controler/flashAddr_o_reg[5] cannot be properly analyzed as its control pin flash_controler/flashAddr_o_reg[5]/G is not reached by a timing clock
Related violations: <none>

TIMING-20#87 Warning
Non-clocked latch  
The latch flash_controler/flashAddr_o_reg[6] cannot be properly analyzed as its control pin flash_controler/flashAddr_o_reg[6]/G is not reached by a timing clock
Related violations: <none>

TIMING-20#88 Warning
Non-clocked latch  
The latch flash_controler/flashAddr_o_reg[7] cannot be properly analyzed as its control pin flash_controler/flashAddr_o_reg[7]/G is not reached by a timing clock
Related violations: <none>

TIMING-20#89 Warning
Non-clocked latch  
The latch flash_controler/flashAddr_o_reg[8] cannot be properly analyzed as its control pin flash_controler/flashAddr_o_reg[8]/G is not reached by a timing clock
Related violations: <none>

TIMING-20#90 Warning
Non-clocked latch  
The latch flash_controler/flashAddr_o_reg[9] cannot be properly analyzed as its control pin flash_controler/flashAddr_o_reg[9]/G is not reached by a timing clock
Related violations: <none>

TIMING-20#91 Warning
Non-clocked latch  
The latch flash_controler/flashData_bus_IOBUF[15]_inst_i_2 cannot be properly analyzed as its control pin flash_controler/flashData_bus_IOBUF[15]_inst_i_2/G is not reached by a timing clock
Related violations: <none>

TIMING-20#92 Warning
Non-clocked latch  
The latch flash_controler/flashData_o_reg[0] cannot be properly analyzed as its control pin flash_controler/flashData_o_reg[0]/G is not reached by a timing clock
Related violations: <none>

TIMING-20#93 Warning
Non-clocked latch  
The latch flash_controler/flashData_o_reg[10] cannot be properly analyzed as its control pin flash_controler/flashData_o_reg[10]/G is not reached by a timing clock
Related violations: <none>

TIMING-20#94 Warning
Non-clocked latch  
The latch flash_controler/flashData_o_reg[11] cannot be properly analyzed as its control pin flash_controler/flashData_o_reg[11]/G is not reached by a timing clock
Related violations: <none>

TIMING-20#95 Warning
Non-clocked latch  
The latch flash_controler/flashData_o_reg[12] cannot be properly analyzed as its control pin flash_controler/flashData_o_reg[12]/G is not reached by a timing clock
Related violations: <none>

TIMING-20#96 Warning
Non-clocked latch  
The latch flash_controler/flashData_o_reg[13] cannot be properly analyzed as its control pin flash_controler/flashData_o_reg[13]/G is not reached by a timing clock
Related violations: <none>

TIMING-20#97 Warning
Non-clocked latch  
The latch flash_controler/flashData_o_reg[14] cannot be properly analyzed as its control pin flash_controler/flashData_o_reg[14]/G is not reached by a timing clock
Related violations: <none>

TIMING-20#98 Warning
Non-clocked latch  
The latch flash_controler/flashData_o_reg[15] cannot be properly analyzed as its control pin flash_controler/flashData_o_reg[15]/G is not reached by a timing clock
Related violations: <none>

TIMING-20#99 Warning
Non-clocked latch  
The latch flash_controler/flashData_o_reg[1] cannot be properly analyzed as its control pin flash_controler/flashData_o_reg[1]/G is not reached by a timing clock
Related violations: <none>

TIMING-20#100 Warning
Non-clocked latch  
The latch flash_controler/flashData_o_reg[2] cannot be properly analyzed as its control pin flash_controler/flashData_o_reg[2]/G is not reached by a timing clock
Related violations: <none>

TIMING-20#101 Warning
Non-clocked latch  
The latch flash_controler/flashData_o_reg[3] cannot be properly analyzed as its control pin flash_controler/flashData_o_reg[3]/G is not reached by a timing clock
Related violations: <none>

TIMING-20#102 Warning
Non-clocked latch  
The latch flash_controler/flashData_o_reg[4] cannot be properly analyzed as its control pin flash_controler/flashData_o_reg[4]/G is not reached by a timing clock
Related violations: <none>

TIMING-20#103 Warning
Non-clocked latch  
The latch flash_controler/flashData_o_reg[5] cannot be properly analyzed as its control pin flash_controler/flashData_o_reg[5]/G is not reached by a timing clock
Related violations: <none>

TIMING-20#104 Warning
Non-clocked latch  
The latch flash_controler/flashData_o_reg[6] cannot be properly analyzed as its control pin flash_controler/flashData_o_reg[6]/G is not reached by a timing clock
Related violations: <none>

TIMING-20#105 Warning
Non-clocked latch  
The latch flash_controler/flashData_o_reg[7] cannot be properly analyzed as its control pin flash_controler/flashData_o_reg[7]/G is not reached by a timing clock
Related violations: <none>

TIMING-20#106 Warning
Non-clocked latch  
The latch flash_controler/flashData_o_reg[8] cannot be properly analyzed as its control pin flash_controler/flashData_o_reg[8]/G is not reached by a timing clock
Related violations: <none>

TIMING-20#107 Warning
Non-clocked latch  
The latch flash_controler/flashData_o_reg[9] cannot be properly analyzed as its control pin flash_controler/flashData_o_reg[9]/G is not reached by a timing clock
Related violations: <none>

TIMING-20#108 Warning
Non-clocked latch  
The latch flash_controler/flashEnable_n_o_reg cannot be properly analyzed as its control pin flash_controler/flashEnable_n_o_reg/G is not reached by a timing clock
Related violations: <none>

TIMING-20#109 Warning
Non-clocked latch  
The latch flash_controler/flashStall_o_reg cannot be properly analyzed as its control pin flash_controler/flashStall_o_reg/G is not reached by a timing clock
Related violations: <none>

TIMING-20#110 Warning
Non-clocked latch  
The latch flash_controler/lowBitMode_n_o_reg cannot be properly analyzed as its control pin flash_controler/lowBitMode_n_o_reg/G is not reached by a timing clock
Related violations: <none>

TIMING-20#111 Warning
Non-clocked latch  
The latch flash_controler/readEnable_n_o_reg cannot be properly analyzed as its control pin flash_controler/readEnable_n_o_reg/G is not reached by a timing clock
Related violations: <none>

TIMING-20#112 Warning
Non-clocked latch  
The latch flash_controler/writeEnable_n_o_reg cannot be properly analyzed as its control pin flash_controler/writeEnable_n_o_reg/G is not reached by a timing clock
Related violations: <none>

TIMING-20#113 Warning
Non-clocked latch  
The latch mmu/tlb0/matchIdx_reg[0] cannot be properly analyzed as its control pin mmu/tlb0/matchIdx_reg[0]/G is not reached by a timing clock
Related violations: <none>

TIMING-20#114 Warning
Non-clocked latch  
The latch mmu/tlb0/matchIdx_reg[1] cannot be properly analyzed as its control pin mmu/tlb0/matchIdx_reg[1]/G is not reached by a timing clock
Related violations: <none>

TIMING-20#115 Warning
Non-clocked latch  
The latch mmu/tlb0/matchIdx_reg[2] cannot be properly analyzed as its control pin mmu/tlb0/matchIdx_reg[2]/G is not reached by a timing clock
Related violations: <none>

TIMING-20#116 Warning
Non-clocked latch  
The latch mmu/tlb0/matchIdx_reg[3] cannot be properly analyzed as its control pin mmu/tlb0/matchIdx_reg[3]/G is not reached by a timing clock
Related violations: <none>

TIMING-20#117 Warning
Non-clocked latch  
The latch sram_controller/byteEnable_o_reg[0] cannot be properly analyzed as its control pin sram_controller/byteEnable_o_reg[0]/G is not reached by a timing clock
Related violations: <none>

TIMING-20#118 Warning
Non-clocked latch  
The latch sram_controller/byteEnable_o_reg[1] cannot be properly analyzed as its control pin sram_controller/byteEnable_o_reg[1]/G is not reached by a timing clock
Related violations: <none>

TIMING-20#119 Warning
Non-clocked latch  
The latch sram_controller/byteEnable_o_reg[2] cannot be properly analyzed as its control pin sram_controller/byteEnable_o_reg[2]/G is not reached by a timing clock
Related violations: <none>

TIMING-20#120 Warning
Non-clocked latch  
The latch sram_controller/byteEnable_o_reg[3] cannot be properly analyzed as its control pin sram_controller/byteEnable_o_reg[3]/G is not reached by a timing clock
Related violations: <none>

TIMING-20#121 Warning
Non-clocked latch  
The latch sram_controller/ramAddr_o_reg[0] cannot be properly analyzed as its control pin sram_controller/ramAddr_o_reg[0]/G is not reached by a timing clock
Related violations: <none>

TIMING-20#122 Warning
Non-clocked latch  
The latch sram_controller/ramAddr_o_reg[10] cannot be properly analyzed as its control pin sram_controller/ramAddr_o_reg[10]/G is not reached by a timing clock
Related violations: <none>

TIMING-20#123 Warning
Non-clocked latch  
The latch sram_controller/ramAddr_o_reg[11] cannot be properly analyzed as its control pin sram_controller/ramAddr_o_reg[11]/G is not reached by a timing clock
Related violations: <none>

TIMING-20#124 Warning
Non-clocked latch  
The latch sram_controller/ramAddr_o_reg[12] cannot be properly analyzed as its control pin sram_controller/ramAddr_o_reg[12]/G is not reached by a timing clock
Related violations: <none>

TIMING-20#125 Warning
Non-clocked latch  
The latch sram_controller/ramAddr_o_reg[13] cannot be properly analyzed as its control pin sram_controller/ramAddr_o_reg[13]/G is not reached by a timing clock
Related violations: <none>

TIMING-20#126 Warning
Non-clocked latch  
The latch sram_controller/ramAddr_o_reg[14] cannot be properly analyzed as its control pin sram_controller/ramAddr_o_reg[14]/G is not reached by a timing clock
Related violations: <none>

TIMING-20#127 Warning
Non-clocked latch  
The latch sram_controller/ramAddr_o_reg[15] cannot be properly analyzed as its control pin sram_controller/ramAddr_o_reg[15]/G is not reached by a timing clock
Related violations: <none>

TIMING-20#128 Warning
Non-clocked latch  
The latch sram_controller/ramAddr_o_reg[16] cannot be properly analyzed as its control pin sram_controller/ramAddr_o_reg[16]/G is not reached by a timing clock
Related violations: <none>

TIMING-20#129 Warning
Non-clocked latch  
The latch sram_controller/ramAddr_o_reg[17] cannot be properly analyzed as its control pin sram_controller/ramAddr_o_reg[17]/G is not reached by a timing clock
Related violations: <none>

TIMING-20#130 Warning
Non-clocked latch  
The latch sram_controller/ramAddr_o_reg[18] cannot be properly analyzed as its control pin sram_controller/ramAddr_o_reg[18]/G is not reached by a timing clock
Related violations: <none>

TIMING-20#131 Warning
Non-clocked latch  
The latch sram_controller/ramAddr_o_reg[19] cannot be properly analyzed as its control pin sram_controller/ramAddr_o_reg[19]/G is not reached by a timing clock
Related violations: <none>

TIMING-20#132 Warning
Non-clocked latch  
The latch sram_controller/ramAddr_o_reg[1] cannot be properly analyzed as its control pin sram_controller/ramAddr_o_reg[1]/G is not reached by a timing clock
Related violations: <none>

TIMING-20#133 Warning
Non-clocked latch  
The latch sram_controller/ramAddr_o_reg[2] cannot be properly analyzed as its control pin sram_controller/ramAddr_o_reg[2]/G is not reached by a timing clock
Related violations: <none>

TIMING-20#134 Warning
Non-clocked latch  
The latch sram_controller/ramAddr_o_reg[3] cannot be properly analyzed as its control pin sram_controller/ramAddr_o_reg[3]/G is not reached by a timing clock
Related violations: <none>

TIMING-20#135 Warning
Non-clocked latch  
The latch sram_controller/ramAddr_o_reg[4] cannot be properly analyzed as its control pin sram_controller/ramAddr_o_reg[4]/G is not reached by a timing clock
Related violations: <none>

TIMING-20#136 Warning
Non-clocked latch  
The latch sram_controller/ramAddr_o_reg[5] cannot be properly analyzed as its control pin sram_controller/ramAddr_o_reg[5]/G is not reached by a timing clock
Related violations: <none>

TIMING-20#137 Warning
Non-clocked latch  
The latch sram_controller/ramAddr_o_reg[6] cannot be properly analyzed as its control pin sram_controller/ramAddr_o_reg[6]/G is not reached by a timing clock
Related violations: <none>

TIMING-20#138 Warning
Non-clocked latch  
The latch sram_controller/ramAddr_o_reg[7] cannot be properly analyzed as its control pin sram_controller/ramAddr_o_reg[7]/G is not reached by a timing clock
Related violations: <none>

TIMING-20#139 Warning
Non-clocked latch  
The latch sram_controller/ramAddr_o_reg[8] cannot be properly analyzed as its control pin sram_controller/ramAddr_o_reg[8]/G is not reached by a timing clock
Related violations: <none>

TIMING-20#140 Warning
Non-clocked latch  
The latch sram_controller/ramAddr_o_reg[9] cannot be properly analyzed as its control pin sram_controller/ramAddr_o_reg[9]/G is not reached by a timing clock
Related violations: <none>

TIMING-20#141 Warning
Non-clocked latch  
The latch sram_controller/ramData_bus_IOBUF[31]_inst_i_2 cannot be properly analyzed as its control pin sram_controller/ramData_bus_IOBUF[31]_inst_i_2/G is not reached by a timing clock
Related violations: <none>

TIMING-20#142 Warning
Non-clocked latch  
The latch sram_controller/ramData_o_reg[0] cannot be properly analyzed as its control pin sram_controller/ramData_o_reg[0]/G is not reached by a timing clock
Related violations: <none>

TIMING-20#143 Warning
Non-clocked latch  
The latch sram_controller/ramData_o_reg[10] cannot be properly analyzed as its control pin sram_controller/ramData_o_reg[10]/G is not reached by a timing clock
Related violations: <none>

TIMING-20#144 Warning
Non-clocked latch  
The latch sram_controller/ramData_o_reg[11] cannot be properly analyzed as its control pin sram_controller/ramData_o_reg[11]/G is not reached by a timing clock
Related violations: <none>

TIMING-20#145 Warning
Non-clocked latch  
The latch sram_controller/ramData_o_reg[12] cannot be properly analyzed as its control pin sram_controller/ramData_o_reg[12]/G is not reached by a timing clock
Related violations: <none>

TIMING-20#146 Warning
Non-clocked latch  
The latch sram_controller/ramData_o_reg[13] cannot be properly analyzed as its control pin sram_controller/ramData_o_reg[13]/G is not reached by a timing clock
Related violations: <none>

TIMING-20#147 Warning
Non-clocked latch  
The latch sram_controller/ramData_o_reg[14] cannot be properly analyzed as its control pin sram_controller/ramData_o_reg[14]/G is not reached by a timing clock
Related violations: <none>

TIMING-20#148 Warning
Non-clocked latch  
The latch sram_controller/ramData_o_reg[15] cannot be properly analyzed as its control pin sram_controller/ramData_o_reg[15]/G is not reached by a timing clock
Related violations: <none>

TIMING-20#149 Warning
Non-clocked latch  
The latch sram_controller/ramData_o_reg[16] cannot be properly analyzed as its control pin sram_controller/ramData_o_reg[16]/G is not reached by a timing clock
Related violations: <none>

TIMING-20#150 Warning
Non-clocked latch  
The latch sram_controller/ramData_o_reg[17] cannot be properly analyzed as its control pin sram_controller/ramData_o_reg[17]/G is not reached by a timing clock
Related violations: <none>

TIMING-20#151 Warning
Non-clocked latch  
The latch sram_controller/ramData_o_reg[18] cannot be properly analyzed as its control pin sram_controller/ramData_o_reg[18]/G is not reached by a timing clock
Related violations: <none>

TIMING-20#152 Warning
Non-clocked latch  
The latch sram_controller/ramData_o_reg[19] cannot be properly analyzed as its control pin sram_controller/ramData_o_reg[19]/G is not reached by a timing clock
Related violations: <none>

TIMING-20#153 Warning
Non-clocked latch  
The latch sram_controller/ramData_o_reg[1] cannot be properly analyzed as its control pin sram_controller/ramData_o_reg[1]/G is not reached by a timing clock
Related violations: <none>

TIMING-20#154 Warning
Non-clocked latch  
The latch sram_controller/ramData_o_reg[20] cannot be properly analyzed as its control pin sram_controller/ramData_o_reg[20]/G is not reached by a timing clock
Related violations: <none>

TIMING-20#155 Warning
Non-clocked latch  
The latch sram_controller/ramData_o_reg[21] cannot be properly analyzed as its control pin sram_controller/ramData_o_reg[21]/G is not reached by a timing clock
Related violations: <none>

TIMING-20#156 Warning
Non-clocked latch  
The latch sram_controller/ramData_o_reg[22] cannot be properly analyzed as its control pin sram_controller/ramData_o_reg[22]/G is not reached by a timing clock
Related violations: <none>

TIMING-20#157 Warning
Non-clocked latch  
The latch sram_controller/ramData_o_reg[23] cannot be properly analyzed as its control pin sram_controller/ramData_o_reg[23]/G is not reached by a timing clock
Related violations: <none>

TIMING-20#158 Warning
Non-clocked latch  
The latch sram_controller/ramData_o_reg[24] cannot be properly analyzed as its control pin sram_controller/ramData_o_reg[24]/G is not reached by a timing clock
Related violations: <none>

TIMING-20#159 Warning
Non-clocked latch  
The latch sram_controller/ramData_o_reg[25] cannot be properly analyzed as its control pin sram_controller/ramData_o_reg[25]/G is not reached by a timing clock
Related violations: <none>

TIMING-20#160 Warning
Non-clocked latch  
The latch sram_controller/ramData_o_reg[26] cannot be properly analyzed as its control pin sram_controller/ramData_o_reg[26]/G is not reached by a timing clock
Related violations: <none>

TIMING-20#161 Warning
Non-clocked latch  
The latch sram_controller/ramData_o_reg[27] cannot be properly analyzed as its control pin sram_controller/ramData_o_reg[27]/G is not reached by a timing clock
Related violations: <none>

TIMING-20#162 Warning
Non-clocked latch  
The latch sram_controller/ramData_o_reg[28] cannot be properly analyzed as its control pin sram_controller/ramData_o_reg[28]/G is not reached by a timing clock
Related violations: <none>

TIMING-20#163 Warning
Non-clocked latch  
The latch sram_controller/ramData_o_reg[29] cannot be properly analyzed as its control pin sram_controller/ramData_o_reg[29]/G is not reached by a timing clock
Related violations: <none>

TIMING-20#164 Warning
Non-clocked latch  
The latch sram_controller/ramData_o_reg[2] cannot be properly analyzed as its control pin sram_controller/ramData_o_reg[2]/G is not reached by a timing clock
Related violations: <none>

TIMING-20#165 Warning
Non-clocked latch  
The latch sram_controller/ramData_o_reg[30] cannot be properly analyzed as its control pin sram_controller/ramData_o_reg[30]/G is not reached by a timing clock
Related violations: <none>

TIMING-20#166 Warning
Non-clocked latch  
The latch sram_controller/ramData_o_reg[31] cannot be properly analyzed as its control pin sram_controller/ramData_o_reg[31]/G is not reached by a timing clock
Related violations: <none>

TIMING-20#167 Warning
Non-clocked latch  
The latch sram_controller/ramData_o_reg[3] cannot be properly analyzed as its control pin sram_controller/ramData_o_reg[3]/G is not reached by a timing clock
Related violations: <none>

TIMING-20#168 Warning
Non-clocked latch  
The latch sram_controller/ramData_o_reg[4] cannot be properly analyzed as its control pin sram_controller/ramData_o_reg[4]/G is not reached by a timing clock
Related violations: <none>

TIMING-20#169 Warning
Non-clocked latch  
The latch sram_controller/ramData_o_reg[5] cannot be properly analyzed as its control pin sram_controller/ramData_o_reg[5]/G is not reached by a timing clock
Related violations: <none>

TIMING-20#170 Warning
Non-clocked latch  
The latch sram_controller/ramData_o_reg[6] cannot be properly analyzed as its control pin sram_controller/ramData_o_reg[6]/G is not reached by a timing clock
Related violations: <none>

TIMING-20#171 Warning
Non-clocked latch  
The latch sram_controller/ramData_o_reg[7] cannot be properly analyzed as its control pin sram_controller/ramData_o_reg[7]/G is not reached by a timing clock
Related violations: <none>

TIMING-20#172 Warning
Non-clocked latch  
The latch sram_controller/ramData_o_reg[8] cannot be properly analyzed as its control pin sram_controller/ramData_o_reg[8]/G is not reached by a timing clock
Related violations: <none>

TIMING-20#173 Warning
Non-clocked latch  
The latch sram_controller/ramData_o_reg[9] cannot be properly analyzed as its control pin sram_controller/ramData_o_reg[9]/G is not reached by a timing clock
Related violations: <none>

TIMING-20#174 Warning
Non-clocked latch  
The latch sram_controller/readEnable_n_o_reg cannot be properly analyzed as its control pin sram_controller/readEnable_n_o_reg/G is not reached by a timing clock
Related violations: <none>

TIMING-20#175 Warning
Non-clocked latch  
The latch sram_controller/sramEnable_n_o_reg cannot be properly analyzed as its control pin sram_controller/sramEnable_n_o_reg/G is not reached by a timing clock
Related violations: <none>

TIMING-20#176 Warning
Non-clocked latch  
The latch sram_controller/wrbuf_reg[0] cannot be properly analyzed as its control pin sram_controller/wrbuf_reg[0]/G is not reached by a timing clock
Related violations: <none>

TIMING-20#177 Warning
Non-clocked latch  
The latch sram_controller/wrbuf_reg[10] cannot be properly analyzed as its control pin sram_controller/wrbuf_reg[10]/G is not reached by a timing clock
Related violations: <none>

TIMING-20#178 Warning
Non-clocked latch  
The latch sram_controller/wrbuf_reg[11] cannot be properly analyzed as its control pin sram_controller/wrbuf_reg[11]/G is not reached by a timing clock
Related violations: <none>

TIMING-20#179 Warning
Non-clocked latch  
The latch sram_controller/wrbuf_reg[12] cannot be properly analyzed as its control pin sram_controller/wrbuf_reg[12]/G is not reached by a timing clock
Related violations: <none>

TIMING-20#180 Warning
Non-clocked latch  
The latch sram_controller/wrbuf_reg[13] cannot be properly analyzed as its control pin sram_controller/wrbuf_reg[13]/G is not reached by a timing clock
Related violations: <none>

TIMING-20#181 Warning
Non-clocked latch  
The latch sram_controller/wrbuf_reg[14] cannot be properly analyzed as its control pin sram_controller/wrbuf_reg[14]/G is not reached by a timing clock
Related violations: <none>

TIMING-20#182 Warning
Non-clocked latch  
The latch sram_controller/wrbuf_reg[15] cannot be properly analyzed as its control pin sram_controller/wrbuf_reg[15]/G is not reached by a timing clock
Related violations: <none>

TIMING-20#183 Warning
Non-clocked latch  
The latch sram_controller/wrbuf_reg[16] cannot be properly analyzed as its control pin sram_controller/wrbuf_reg[16]/G is not reached by a timing clock
Related violations: <none>

TIMING-20#184 Warning
Non-clocked latch  
The latch sram_controller/wrbuf_reg[17] cannot be properly analyzed as its control pin sram_controller/wrbuf_reg[17]/G is not reached by a timing clock
Related violations: <none>

TIMING-20#185 Warning
Non-clocked latch  
The latch sram_controller/wrbuf_reg[18] cannot be properly analyzed as its control pin sram_controller/wrbuf_reg[18]/G is not reached by a timing clock
Related violations: <none>

TIMING-20#186 Warning
Non-clocked latch  
The latch sram_controller/wrbuf_reg[19] cannot be properly analyzed as its control pin sram_controller/wrbuf_reg[19]/G is not reached by a timing clock
Related violations: <none>

TIMING-20#187 Warning
Non-clocked latch  
The latch sram_controller/wrbuf_reg[1] cannot be properly analyzed as its control pin sram_controller/wrbuf_reg[1]/G is not reached by a timing clock
Related violations: <none>

TIMING-20#188 Warning
Non-clocked latch  
The latch sram_controller/wrbuf_reg[20] cannot be properly analyzed as its control pin sram_controller/wrbuf_reg[20]/G is not reached by a timing clock
Related violations: <none>

TIMING-20#189 Warning
Non-clocked latch  
The latch sram_controller/wrbuf_reg[21] cannot be properly analyzed as its control pin sram_controller/wrbuf_reg[21]/G is not reached by a timing clock
Related violations: <none>

TIMING-20#190 Warning
Non-clocked latch  
The latch sram_controller/wrbuf_reg[22] cannot be properly analyzed as its control pin sram_controller/wrbuf_reg[22]/G is not reached by a timing clock
Related violations: <none>

TIMING-20#191 Warning
Non-clocked latch  
The latch sram_controller/wrbuf_reg[23] cannot be properly analyzed as its control pin sram_controller/wrbuf_reg[23]/G is not reached by a timing clock
Related violations: <none>

TIMING-20#192 Warning
Non-clocked latch  
The latch sram_controller/wrbuf_reg[24] cannot be properly analyzed as its control pin sram_controller/wrbuf_reg[24]/G is not reached by a timing clock
Related violations: <none>

TIMING-20#193 Warning
Non-clocked latch  
The latch sram_controller/wrbuf_reg[25] cannot be properly analyzed as its control pin sram_controller/wrbuf_reg[25]/G is not reached by a timing clock
Related violations: <none>

TIMING-20#194 Warning
Non-clocked latch  
The latch sram_controller/wrbuf_reg[26] cannot be properly analyzed as its control pin sram_controller/wrbuf_reg[26]/G is not reached by a timing clock
Related violations: <none>

TIMING-20#195 Warning
Non-clocked latch  
The latch sram_controller/wrbuf_reg[27] cannot be properly analyzed as its control pin sram_controller/wrbuf_reg[27]/G is not reached by a timing clock
Related violations: <none>

TIMING-20#196 Warning
Non-clocked latch  
The latch sram_controller/wrbuf_reg[28] cannot be properly analyzed as its control pin sram_controller/wrbuf_reg[28]/G is not reached by a timing clock
Related violations: <none>

TIMING-20#197 Warning
Non-clocked latch  
The latch sram_controller/wrbuf_reg[29] cannot be properly analyzed as its control pin sram_controller/wrbuf_reg[29]/G is not reached by a timing clock
Related violations: <none>

TIMING-20#198 Warning
Non-clocked latch  
The latch sram_controller/wrbuf_reg[2] cannot be properly analyzed as its control pin sram_controller/wrbuf_reg[2]/G is not reached by a timing clock
Related violations: <none>

TIMING-20#199 Warning
Non-clocked latch  
The latch sram_controller/wrbuf_reg[30] cannot be properly analyzed as its control pin sram_controller/wrbuf_reg[30]/G is not reached by a timing clock
Related violations: <none>

TIMING-20#200 Warning
Non-clocked latch  
The latch sram_controller/wrbuf_reg[31] cannot be properly analyzed as its control pin sram_controller/wrbuf_reg[31]/G is not reached by a timing clock
Related violations: <none>

TIMING-20#201 Warning
Non-clocked latch  
The latch sram_controller/wrbuf_reg[3] cannot be properly analyzed as its control pin sram_controller/wrbuf_reg[3]/G is not reached by a timing clock
Related violations: <none>

TIMING-20#202 Warning
Non-clocked latch  
The latch sram_controller/wrbuf_reg[4] cannot be properly analyzed as its control pin sram_controller/wrbuf_reg[4]/G is not reached by a timing clock
Related violations: <none>

TIMING-20#203 Warning
Non-clocked latch  
The latch sram_controller/wrbuf_reg[5] cannot be properly analyzed as its control pin sram_controller/wrbuf_reg[5]/G is not reached by a timing clock
Related violations: <none>

TIMING-20#204 Warning
Non-clocked latch  
The latch sram_controller/wrbuf_reg[6] cannot be properly analyzed as its control pin sram_controller/wrbuf_reg[6]/G is not reached by a timing clock
Related violations: <none>

TIMING-20#205 Warning
Non-clocked latch  
The latch sram_controller/wrbuf_reg[7] cannot be properly analyzed as its control pin sram_controller/wrbuf_reg[7]/G is not reached by a timing clock
Related violations: <none>

TIMING-20#206 Warning
Non-clocked latch  
The latch sram_controller/wrbuf_reg[8] cannot be properly analyzed as its control pin sram_controller/wrbuf_reg[8]/G is not reached by a timing clock
Related violations: <none>

TIMING-20#207 Warning
Non-clocked latch  
The latch sram_controller/wrbuf_reg[9] cannot be properly analyzed as its control pin sram_controller/wrbuf_reg[9]/G is not reached by a timing clock
Related violations: <none>

TIMING-20#208 Warning
Non-clocked latch  
The latch sram_controller/writeEnable_n_o_reg cannot be properly analyzed as its control pin sram_controller/writeEnable_n_o_reg/G is not reached by a timing clock
Related violations: <none>

XDCC-1#1 Warning
Scoped Clock constraint overwritten with the same name  
A new clock constraint create_clock overrides a previous scoped clock constraint with the same name. It is not recommended to override a scoped (typically an IP) clock constraint and could result in unexpected behaviors.
New: create_clock -period 20.000 -name clk_50M -waveform {0.000 10.000} [get_ports clk_50M] (Source: D:/Totoro/Src/thinpad_top.srcs/constrs_1/new/thinpad_top.xdc (Line: 6))
Previous: create_clock -period 20.000 [get_ports clk_50M] (Source: d:/Totoro/Src/thinpad_top.srcs/sources_1/ip/pll_example/pll_example.xdc (Line: 56))
Related violations: <none>

XDCC-7#1 Warning
Scoped Clock constraint overwritten on the same source  
A new clock constraint create_clock overrides a previous scoped clock constraint defined on the same source. It is not recommended to override a scoped (typically an IP) clock constraint and could result in unexpected behaviors.
New: create_clock -period 20.000 -name clk_50M -waveform {0.000 10.000} [get_ports clk_50M] (Source: D:/Totoro/Src/thinpad_top.srcs/constrs_1/new/thinpad_top.xdc (Line: 6))
Previous: create_clock -period 20.000 [get_ports clk_50M] (Source: d:/Totoro/Src/thinpad_top.srcs/sources_1/ip/pll_example/pll_example.xdc (Line: 56))
Related violations: <none>


