Copyright 1986-2018 Xilinx, Inc. All Rights Reserved.
-------------------------------------------------------------------------------------------------------------------------------------------------------
| Tool Version     : Vivado v.2018.3 (win64) Build 2405991 Thu Dec  6 23:38:27 MST 2018
| Date             : Sun Jul 28 02:46:16 2019
| Host             : zzt running 64-bit major release  (build 9200)
| Command          : report_power -file thinpad_top_power_routed.rpt -pb thinpad_top_power_summary_routed.pb -rpx thinpad_top_power_routed.rpx
| Design           : thinpad_top
| Device           : xc7a100tfgg676-2L
| Design State     : routed
| Grade            : extended
| Process          : typical
| Characterization : Production
-------------------------------------------------------------------------------------------------------------------------------------------------------

Power Report

Table of Contents
-----------------
1. Summary
1.1 On-Chip Components
1.2 Power Supply Summary
1.3 Confidence Level
2. Settings
2.1 Environment
2.2 Clock Constraints
3. Detailed Reports
3.1 By Hierarchy

1. Summary
----------

+--------------------------+--------------+
| Total On-Chip Power (W)  | 0.240        |
| Design Power Budget (W)  | Unspecified* |
| Power Budget Margin (W)  | NA           |
| Dynamic (W)              | 0.139        |
| Device Static (W)        | 0.101        |
| Effective TJA (C/W)      | 2.6          |
| Max Ambient (C)          | 99.4         |
| Junction Temperature (C) | 25.6         |
| Confidence Level         | Low          |
| Setting File             | ---          |
| Simulation Activity File | ---          |
| Design Nets Matched      | NA           |
+--------------------------+--------------+
* Specify Design Power Budget using, set_operating_conditions -design_power_budget <value in Watts>


1.1 On-Chip Components
----------------------

+----------------+-----------+----------+-----------+-----------------+
| On-Chip        | Power (W) | Used     | Available | Utilization (%) |
+----------------+-----------+----------+-----------+-----------------+
| Clocks         |     0.007 |        9 |       --- |             --- |
| Slice Logic    |    <0.001 |     9963 |       --- |             --- |
|   LUT as Logic |    <0.001 |     4371 |     63400 |            6.89 |
|   CARRY4       |    <0.001 |      199 |     15850 |            1.26 |
|   Register     |    <0.001 |     3717 |    126800 |            2.93 |
|   F7/F8 Muxes  |    <0.001 |      606 |     63400 |            0.96 |
|   Others       |     0.000 |      345 |       --- |             --- |
|   BUFG         |     0.000 |        2 |        32 |            6.25 |
| Signals        |     0.002 |     8921 |       --- |             --- |
| Block RAM      |     0.008 |    107.5 |       135 |           79.63 |
| PLL            |     0.102 |        1 |         6 |           16.67 |
| DSPs           |    <0.001 |        5 |       240 |            2.08 |
| I/O            |     0.019 |      195 |       300 |           65.00 |
| Static Power   |     0.101 |          |           |                 |
| Total          |     0.240 |          |           |                 |
+----------------+-----------+----------+-----------+-----------------+


1.2 Power Supply Summary
------------------------

+-----------+-------------+-----------+-------------+------------+
| Source    | Voltage (V) | Total (A) | Dynamic (A) | Static (A) |
+-----------+-------------+-----------+-------------+------------+
| Vccint    |       1.000 |     0.040 |       0.023 |      0.017 |
| Vccaux    |       1.800 |     0.073 |       0.055 |      0.018 |
| Vcco33    |       3.300 |     0.009 |       0.005 |      0.004 |
| Vcco25    |       2.500 |     0.000 |       0.000 |      0.000 |
| Vcco18    |       1.800 |     0.000 |       0.000 |      0.000 |
| Vcco15    |       1.500 |     0.000 |       0.000 |      0.000 |
| Vcco135   |       1.350 |     0.000 |       0.000 |      0.000 |
| Vcco12    |       1.200 |     0.000 |       0.000 |      0.000 |
| Vccaux_io |       1.800 |     0.000 |       0.000 |      0.000 |
| Vccbram   |       1.000 |     0.003 |       0.001 |      0.002 |
| MGTAVcc   |       1.000 |     0.000 |       0.000 |      0.000 |
| MGTAVtt   |       1.200 |     0.000 |       0.000 |      0.000 |
| Vccadc    |       1.800 |     0.020 |       0.000 |      0.020 |
+-----------+-------------+-----------+-------------+------------+


1.3 Confidence Level
--------------------

+-----------------------------+------------+--------------------------------------------------------+--------------------------------------------------------------------------------------------------------------------+
| User Input Data             | Confidence | Details                                                | Action                                                                                                             |
+-----------------------------+------------+--------------------------------------------------------+--------------------------------------------------------------------------------------------------------------------+
| Design implementation state | High       | Design is routed                                       |                                                                                                                    |
| Clock nodes activity        | Medium     | More than 5% of clocks are missing user specification  | Provide missing clock activity with a constraint file, simulation results or by editing the "By Clock Domain" view |
| I/O nodes activity          | Low        | More than 75% of inputs are missing user specification | Provide missing input activity with simulation results or by editing the "By Resource Type -> I/Os" view           |
| Internal nodes activity     | Medium     | User specified less than 25% of internal nodes         | Provide missing internal nodes activity with simulation results or by editing the "By Resource Type" views         |
| Device models               | High       | Device models are Production                           |                                                                                                                    |
|                             |            |                                                        |                                                                                                                    |
| Overall confidence level    | Low        |                                                        |                                                                                                                    |
+-----------------------------+------------+--------------------------------------------------------+--------------------------------------------------------------------------------------------------------------------+


2. Settings
-----------

2.1 Environment
---------------

+-----------------------+--------------------------+
| Ambient Temp (C)      | 25.0                     |
| ThetaJA (C/W)         | 2.6                      |
| Airflow (LFM)         | 250                      |
| Heat Sink             | medium (Medium Profile)  |
| ThetaSA (C/W)         | 4.6                      |
| Board Selection       | medium (10"x10")         |
| # of Board Layers     | 12to15 (12 to 15 Layers) |
| Board Temperature (C) | 25.0                     |
+-----------------------+--------------------------+


2.2 Clock Constraints
---------------------

+----------------------+-------------------------------------+-----------------+
| Clock                | Domain                              | Constraint (ns) |
+----------------------+-------------------------------------+-----------------+
| clk_50M              | clk_50M                             |            20.0 |
| clk_out1_pll_example | clock_gen/inst/clk_out1_pll_example |            40.0 |
| clk_out2_pll_example | clock_gen/inst/clk_out2_pll_example |            20.0 |
| clk_out3_pll_example | clock_gen/inst/clk_out3_pll_example |            40.0 |
| clk_out4_pll_example | clock_gen/inst/clk_out4_pll_example |            20.0 |
| clkfbout_pll_example | clock_gen/inst/clkfbout_pll_example |            20.0 |
+----------------------+-------------------------------------+-----------------+


3. Detailed Reports
-------------------

3.1 By Hierarchy
----------------

+------------------+-----------+
| Name             | Power (W) |
+------------------+-----------+
| thinpad_top      |     0.139 |
|   clock_gen      |     0.102 |
|     inst         |     0.102 |
|   cpu            |     0.003 |
|     openmips0    |     0.003 |
|   vga800x600at75 |     0.014 |
|     gpuMem       |     0.012 |
|       U0         |     0.012 |
+------------------+-----------+


