
*** Running vivado
    with args -log thinpad_top.vds -m64 -product Vivado -mode batch -messageDb vivado.pb -notrace -source thinpad_top.tcl


****** Vivado v2018.3 (64-bit)
  **** SW Build 2405991 on Thu Dec  6 23:38:27 MST 2018
  **** IP Build 2404404 on Fri Dec  7 01:43:56 MST 2018
    ** Copyright 1986-2018 Xilinx, Inc. All Rights Reserved.

source thinpad_top.tcl -notrace
Command: synth_design -top thinpad_top -part xc7a100tfgg676-2L
Starting synth_design
Attempting to get a license for feature 'Synthesis' and/or device 'xc7a100t'
INFO: [Common 17-349] Got license for feature 'Synthesis' and/or device 'xc7a100t'
INFO: Launching helper process for spawning children vivado processes
INFO: Helper process launched with PID 16496 
---------------------------------------------------------------------------------
Starting RTL Elaboration : Time (s): cpu = 00:00:04 ; elapsed = 00:00:04 . Memory (MB): peak = 341.238 ; gain = 91.648
---------------------------------------------------------------------------------
INFO: [Synth 8-6157] synthesizing module 'thinpad_top' [C:/Users/yilin/Desktop/csproject2019_group10/thinpad_top-rev.3/thinpad_top.srcs/sources_1/new/thinpad_top.v:4]
INFO: [Synth 8-6157] synthesizing module 'pc_reg' [C:/Users/yilin/Desktop/csproject2019_group10/thinpad_top-rev.3/thinpad_top.srcs/sources_1/new/pc_reg.v:3]
INFO: [Synth 8-6155] done synthesizing module 'pc_reg' (1#1) [C:/Users/yilin/Desktop/csproject2019_group10/thinpad_top-rev.3/thinpad_top.srcs/sources_1/new/pc_reg.v:3]
INFO: [Synth 8-6157] synthesizing module 'if_id' [C:/Users/yilin/Desktop/csproject2019_group10/thinpad_top-rev.3/thinpad_top.srcs/sources_1/new/if_id.v:3]
INFO: [Synth 8-6155] done synthesizing module 'if_id' (2#1) [C:/Users/yilin/Desktop/csproject2019_group10/thinpad_top-rev.3/thinpad_top.srcs/sources_1/new/if_id.v:3]
INFO: [Synth 8-6157] synthesizing module 'id' [C:/Users/yilin/Desktop/csproject2019_group10/thinpad_top-rev.3/thinpad_top.srcs/sources_1/new/id.v:5]
INFO: [Synth 8-6155] done synthesizing module 'id' (3#1) [C:/Users/yilin/Desktop/csproject2019_group10/thinpad_top-rev.3/thinpad_top.srcs/sources_1/new/id.v:5]
INFO: [Synth 8-6157] synthesizing module 'regfile' [C:/Users/yilin/Desktop/csproject2019_group10/thinpad_top-rev.3/thinpad_top.srcs/sources_1/new/regfile.v:3]
INFO: [Synth 8-6155] done synthesizing module 'regfile' (4#1) [C:/Users/yilin/Desktop/csproject2019_group10/thinpad_top-rev.3/thinpad_top.srcs/sources_1/new/regfile.v:3]
INFO: [Synth 8-6157] synthesizing module 'id_ex' [C:/Users/yilin/Desktop/csproject2019_group10/thinpad_top-rev.3/thinpad_top.srcs/sources_1/new/id_ex.v:3]
INFO: [Synth 8-6155] done synthesizing module 'id_ex' (5#1) [C:/Users/yilin/Desktop/csproject2019_group10/thinpad_top-rev.3/thinpad_top.srcs/sources_1/new/id_ex.v:3]
INFO: [Synth 8-6157] synthesizing module 'ex' [C:/Users/yilin/Desktop/csproject2019_group10/thinpad_top-rev.3/thinpad_top.srcs/sources_1/new/ex.v:4]
INFO: [Synth 8-6155] done synthesizing module 'ex' (6#1) [C:/Users/yilin/Desktop/csproject2019_group10/thinpad_top-rev.3/thinpad_top.srcs/sources_1/new/ex.v:4]
INFO: [Synth 8-6157] synthesizing module 'ex_mem' [C:/Users/yilin/Desktop/csproject2019_group10/thinpad_top-rev.3/thinpad_top.srcs/sources_1/new/ex_mem.v:4]
INFO: [Synth 8-6155] done synthesizing module 'ex_mem' (7#1) [C:/Users/yilin/Desktop/csproject2019_group10/thinpad_top-rev.3/thinpad_top.srcs/sources_1/new/ex_mem.v:4]
INFO: [Synth 8-6157] synthesizing module 'mem' [C:/Users/yilin/Desktop/csproject2019_group10/thinpad_top-rev.3/thinpad_top.srcs/sources_1/new/mem.v:24]
INFO: [Synth 8-6155] done synthesizing module 'mem' (8#1) [C:/Users/yilin/Desktop/csproject2019_group10/thinpad_top-rev.3/thinpad_top.srcs/sources_1/new/mem.v:24]
INFO: [Synth 8-6157] synthesizing module 'mem_wb' [C:/Users/yilin/Desktop/csproject2019_group10/thinpad_top-rev.3/thinpad_top.srcs/sources_1/new/mem_wb.v:25]
INFO: [Synth 8-6155] done synthesizing module 'mem_wb' (9#1) [C:/Users/yilin/Desktop/csproject2019_group10/thinpad_top-rev.3/thinpad_top.srcs/sources_1/new/mem_wb.v:25]
INFO: [Synth 8-6155] done synthesizing module 'thinpad_top' (10#1) [C:/Users/yilin/Desktop/csproject2019_group10/thinpad_top-rev.3/thinpad_top.srcs/sources_1/new/thinpad_top.v:4]
WARNING: [Synth 8-3331] design id has unconnected port pc_i[31]
WARNING: [Synth 8-3331] design id has unconnected port pc_i[30]
WARNING: [Synth 8-3331] design id has unconnected port pc_i[29]
WARNING: [Synth 8-3331] design id has unconnected port pc_i[28]
WARNING: [Synth 8-3331] design id has unconnected port pc_i[27]
WARNING: [Synth 8-3331] design id has unconnected port pc_i[26]
WARNING: [Synth 8-3331] design id has unconnected port pc_i[25]
WARNING: [Synth 8-3331] design id has unconnected port pc_i[24]
WARNING: [Synth 8-3331] design id has unconnected port pc_i[23]
WARNING: [Synth 8-3331] design id has unconnected port pc_i[22]
WARNING: [Synth 8-3331] design id has unconnected port pc_i[21]
WARNING: [Synth 8-3331] design id has unconnected port pc_i[20]
WARNING: [Synth 8-3331] design id has unconnected port pc_i[19]
WARNING: [Synth 8-3331] design id has unconnected port pc_i[18]
WARNING: [Synth 8-3331] design id has unconnected port pc_i[17]
WARNING: [Synth 8-3331] design id has unconnected port pc_i[16]
WARNING: [Synth 8-3331] design id has unconnected port pc_i[15]
WARNING: [Synth 8-3331] design id has unconnected port pc_i[14]
WARNING: [Synth 8-3331] design id has unconnected port pc_i[13]
WARNING: [Synth 8-3331] design id has unconnected port pc_i[12]
WARNING: [Synth 8-3331] design id has unconnected port pc_i[11]
WARNING: [Synth 8-3331] design id has unconnected port pc_i[10]
WARNING: [Synth 8-3331] design id has unconnected port pc_i[9]
WARNING: [Synth 8-3331] design id has unconnected port pc_i[8]
WARNING: [Synth 8-3331] design id has unconnected port pc_i[7]
WARNING: [Synth 8-3331] design id has unconnected port pc_i[6]
WARNING: [Synth 8-3331] design id has unconnected port pc_i[5]
WARNING: [Synth 8-3331] design id has unconnected port pc_i[4]
WARNING: [Synth 8-3331] design id has unconnected port pc_i[3]
WARNING: [Synth 8-3331] design id has unconnected port pc_i[2]
WARNING: [Synth 8-3331] design id has unconnected port pc_i[1]
WARNING: [Synth 8-3331] design id has unconnected port pc_i[0]
WARNING: [Synth 8-3331] design id has unconnected port reg2_data_i[31]
WARNING: [Synth 8-3331] design id has unconnected port reg2_data_i[30]
WARNING: [Synth 8-3331] design id has unconnected port reg2_data_i[29]
WARNING: [Synth 8-3331] design id has unconnected port reg2_data_i[28]
WARNING: [Synth 8-3331] design id has unconnected port reg2_data_i[27]
WARNING: [Synth 8-3331] design id has unconnected port reg2_data_i[26]
WARNING: [Synth 8-3331] design id has unconnected port reg2_data_i[25]
WARNING: [Synth 8-3331] design id has unconnected port reg2_data_i[24]
WARNING: [Synth 8-3331] design id has unconnected port reg2_data_i[23]
WARNING: [Synth 8-3331] design id has unconnected port reg2_data_i[22]
WARNING: [Synth 8-3331] design id has unconnected port reg2_data_i[21]
WARNING: [Synth 8-3331] design id has unconnected port reg2_data_i[20]
WARNING: [Synth 8-3331] design id has unconnected port reg2_data_i[19]
WARNING: [Synth 8-3331] design id has unconnected port reg2_data_i[18]
WARNING: [Synth 8-3331] design id has unconnected port reg2_data_i[17]
WARNING: [Synth 8-3331] design id has unconnected port reg2_data_i[16]
WARNING: [Synth 8-3331] design id has unconnected port reg2_data_i[15]
WARNING: [Synth 8-3331] design id has unconnected port reg2_data_i[14]
WARNING: [Synth 8-3331] design id has unconnected port reg2_data_i[13]
WARNING: [Synth 8-3331] design id has unconnected port reg2_data_i[12]
WARNING: [Synth 8-3331] design id has unconnected port reg2_data_i[11]
WARNING: [Synth 8-3331] design id has unconnected port reg2_data_i[10]
WARNING: [Synth 8-3331] design id has unconnected port reg2_data_i[9]
WARNING: [Synth 8-3331] design id has unconnected port reg2_data_i[8]
WARNING: [Synth 8-3331] design id has unconnected port reg2_data_i[7]
WARNING: [Synth 8-3331] design id has unconnected port reg2_data_i[6]
WARNING: [Synth 8-3331] design id has unconnected port reg2_data_i[5]
WARNING: [Synth 8-3331] design id has unconnected port reg2_data_i[4]
WARNING: [Synth 8-3331] design id has unconnected port reg2_data_i[3]
WARNING: [Synth 8-3331] design id has unconnected port reg2_data_i[2]
WARNING: [Synth 8-3331] design id has unconnected port reg2_data_i[1]
WARNING: [Synth 8-3331] design id has unconnected port reg2_data_i[0]
---------------------------------------------------------------------------------
Finished RTL Elaboration : Time (s): cpu = 00:00:05 ; elapsed = 00:00:05 . Memory (MB): peak = 396.363 ; gain = 146.773
---------------------------------------------------------------------------------

Report Check Netlist: 
+------+------------------+-------+---------+-------+------------------+
|      |Item              |Errors |Warnings |Status |Description       |
+------+------------------+-------+---------+-------+------------------+
|1     |multi_driven_nets |      0|        0|Passed |Multi driven nets |
+------+------------------+-------+---------+-------+------------------+
---------------------------------------------------------------------------------
Start Handling Custom Attributes
---------------------------------------------------------------------------------
---------------------------------------------------------------------------------
Finished Handling Custom Attributes : Time (s): cpu = 00:00:05 ; elapsed = 00:00:05 . Memory (MB): peak = 396.363 ; gain = 146.773
---------------------------------------------------------------------------------
---------------------------------------------------------------------------------
Finished RTL Optimization Phase 1 : Time (s): cpu = 00:00:05 ; elapsed = 00:00:05 . Memory (MB): peak = 396.363 ; gain = 146.773
---------------------------------------------------------------------------------
INFO: [Device 21-403] Loading part xc7a100tfgg676-2L
INFO: [Project 1-570] Preparing netlist for logic optimization

Processing XDC Constraints
Initializing timing engine
Parsing XDC File [C:/Users/yilin/Desktop/csproject2019_group10/thinpad_top-rev.3/thinpad_top.srcs/constrs_1/new/thinpad_top.xdc]
WARNING: [Vivado 12-584] No ports matched 'clk_50M'. [C:/Users/yilin/Desktop/csproject2019_group10/thinpad_top-rev.3/thinpad_top.srcs/constrs_1/new/thinpad_top.xdc:2]
CRITICAL WARNING: [Common 17-55] 'set_property' expects at least one object. [C:/Users/yilin/Desktop/csproject2019_group10/thinpad_top-rev.3/thinpad_top.srcs/constrs_1/new/thinpad_top.xdc:2]
Resolution: If [get_<value>] was used to populate the object, check to make sure this command returns at least one valid object.
WARNING: [Vivado 12-584] No ports matched 'clk_11M0592'. [C:/Users/yilin/Desktop/csproject2019_group10/thinpad_top-rev.3/thinpad_top.srcs/constrs_1/new/thinpad_top.xdc:3]
CRITICAL WARNING: [Common 17-55] 'set_property' expects at least one object. [C:/Users/yilin/Desktop/csproject2019_group10/thinpad_top-rev.3/thinpad_top.srcs/constrs_1/new/thinpad_top.xdc:3]
Resolution: If [get_<value>] was used to populate the object, check to make sure this command returns at least one valid object.
WARNING: [Vivado 12-507] No nets matched 'clk_11M0592_IBUF'. [C:/Users/yilin/Desktop/csproject2019_group10/thinpad_top-rev.3/thinpad_top.srcs/constrs_1/new/thinpad_top.xdc:4]
CRITICAL WARNING: [Common 17-55] 'set_property' expects at least one object. [C:/Users/yilin/Desktop/csproject2019_group10/thinpad_top-rev.3/thinpad_top.srcs/constrs_1/new/thinpad_top.xdc:4]
Resolution: If [get_<value>] was used to populate the object, check to make sure this command returns at least one valid object.
WARNING: [Vivado 12-584] No ports matched 'clk_50M'. [C:/Users/yilin/Desktop/csproject2019_group10/thinpad_top-rev.3/thinpad_top.srcs/constrs_1/new/thinpad_top.xdc:6]
CRITICAL WARNING: [Vivado 12-4739] create_clock:No valid object(s) found for '-objects [get_ports clk_50M]'. [C:/Users/yilin/Desktop/csproject2019_group10/thinpad_top-rev.3/thinpad_top.srcs/constrs_1/new/thinpad_top.xdc:6]
Resolution: Check if the specified object(s) exists in the current design. If it does, ensure that the correct design hierarchy was specified for the object. If you are working with clocks, make sure create_clock was used to create the clock object before it is referenced.
WARNING: [Vivado 12-584] No ports matched 'clk_11M0592'. [C:/Users/yilin/Desktop/csproject2019_group10/thinpad_top-rev.3/thinpad_top.srcs/constrs_1/new/thinpad_top.xdc:7]
CRITICAL WARNING: [Vivado 12-4739] create_clock:No valid object(s) found for '-objects [get_ports clk_11M0592]'. [C:/Users/yilin/Desktop/csproject2019_group10/thinpad_top-rev.3/thinpad_top.srcs/constrs_1/new/thinpad_top.xdc:7]
Resolution: Check if the specified object(s) exists in the current design. If it does, ensure that the correct design hierarchy was specified for the object. If you are working with clocks, make sure create_clock was used to create the clock object before it is referenced.
WARNING: [Vivado 12-584] No ports matched 'touch_btn[0]'. [C:/Users/yilin/Desktop/csproject2019_group10/thinpad_top-rev.3/thinpad_top.srcs/constrs_1/new/thinpad_top.xdc:10]
CRITICAL WARNING: [Common 17-55] 'set_property' expects at least one object. [C:/Users/yilin/Desktop/csproject2019_group10/thinpad_top-rev.3/thinpad_top.srcs/constrs_1/new/thinpad_top.xdc:10]
Resolution: If [get_<value>] was used to populate the object, check to make sure this command returns at least one valid object.
WARNING: [Vivado 12-584] No ports matched 'touch_btn[1]'. [C:/Users/yilin/Desktop/csproject2019_group10/thinpad_top-rev.3/thinpad_top.srcs/constrs_1/new/thinpad_top.xdc:11]
CRITICAL WARNING: [Common 17-55] 'set_property' expects at least one object. [C:/Users/yilin/Desktop/csproject2019_group10/thinpad_top-rev.3/thinpad_top.srcs/constrs_1/new/thinpad_top.xdc:11]
Resolution: If [get_<value>] was used to populate the object, check to make sure this command returns at least one valid object.
WARNING: [Vivado 12-584] No ports matched 'touch_btn[2]'. [C:/Users/yilin/Desktop/csproject2019_group10/thinpad_top-rev.3/thinpad_top.srcs/constrs_1/new/thinpad_top.xdc:12]
CRITICAL WARNING: [Common 17-55] 'set_property' expects at least one object. [C:/Users/yilin/Desktop/csproject2019_group10/thinpad_top-rev.3/thinpad_top.srcs/constrs_1/new/thinpad_top.xdc:12]
Resolution: If [get_<value>] was used to populate the object, check to make sure this command returns at least one valid object.
WARNING: [Vivado 12-584] No ports matched 'touch_btn[3]'. [C:/Users/yilin/Desktop/csproject2019_group10/thinpad_top-rev.3/thinpad_top.srcs/constrs_1/new/thinpad_top.xdc:13]
CRITICAL WARNING: [Common 17-55] 'set_property' expects at least one object. [C:/Users/yilin/Desktop/csproject2019_group10/thinpad_top-rev.3/thinpad_top.srcs/constrs_1/new/thinpad_top.xdc:13]
Resolution: If [get_<value>] was used to populate the object, check to make sure this command returns at least one valid object.
WARNING: [Vivado 12-584] No ports matched 'clock_btn'. [C:/Users/yilin/Desktop/csproject2019_group10/thinpad_top-rev.3/thinpad_top.srcs/constrs_1/new/thinpad_top.xdc:14]
CRITICAL WARNING: [Common 17-55] 'set_property' expects at least one object. [C:/Users/yilin/Desktop/csproject2019_group10/thinpad_top-rev.3/thinpad_top.srcs/constrs_1/new/thinpad_top.xdc:14]
Resolution: If [get_<value>] was used to populate the object, check to make sure this command returns at least one valid object.
WARNING: [Vivado 12-584] No ports matched 'reset_btn'. [C:/Users/yilin/Desktop/csproject2019_group10/thinpad_top-rev.3/thinpad_top.srcs/constrs_1/new/thinpad_top.xdc:15]
CRITICAL WARNING: [Common 17-55] 'set_property' expects at least one object. [C:/Users/yilin/Desktop/csproject2019_group10/thinpad_top-rev.3/thinpad_top.srcs/constrs_1/new/thinpad_top.xdc:15]
Resolution: If [get_<value>] was used to populate the object, check to make sure this command returns at least one valid object.
WARNING: [Vivado 12-507] No nets matched 'clock_btn_IBUF'. [C:/Users/yilin/Desktop/csproject2019_group10/thinpad_top-rev.3/thinpad_top.srcs/constrs_1/new/thinpad_top.xdc:18]
CRITICAL WARNING: [Common 17-55] 'set_property' expects at least one object. [C:/Users/yilin/Desktop/csproject2019_group10/thinpad_top-rev.3/thinpad_top.srcs/constrs_1/new/thinpad_top.xdc:18]
Resolution: If [get_<value>] was used to populate the object, check to make sure this command returns at least one valid object.
WARNING: [Vivado 12-507] No nets matched 'reset_btn_IBUF'. [C:/Users/yilin/Desktop/csproject2019_group10/thinpad_top-rev.3/thinpad_top.srcs/constrs_1/new/thinpad_top.xdc:19]
CRITICAL WARNING: [Common 17-55] 'set_property' expects at least one object. [C:/Users/yilin/Desktop/csproject2019_group10/thinpad_top-rev.3/thinpad_top.srcs/constrs_1/new/thinpad_top.xdc:19]
Resolution: If [get_<value>] was used to populate the object, check to make sure this command returns at least one valid object.
WARNING: [Vivado 12-584] No ports matched 'uart_wrn'. [C:/Users/yilin/Desktop/csproject2019_group10/thinpad_top-rev.3/thinpad_top.srcs/constrs_1/new/thinpad_top.xdc:22]
CRITICAL WARNING: [Common 17-55] 'set_property' expects at least one object. [C:/Users/yilin/Desktop/csproject2019_group10/thinpad_top-rev.3/thinpad_top.srcs/constrs_1/new/thinpad_top.xdc:22]
Resolution: If [get_<value>] was used to populate the object, check to make sure this command returns at least one valid object.
WARNING: [Vivado 12-584] No ports matched 'uart_rdn'. [C:/Users/yilin/Desktop/csproject2019_group10/thinpad_top-rev.3/thinpad_top.srcs/constrs_1/new/thinpad_top.xdc:23]
CRITICAL WARNING: [Common 17-55] 'set_property' expects at least one object. [C:/Users/yilin/Desktop/csproject2019_group10/thinpad_top-rev.3/thinpad_top.srcs/constrs_1/new/thinpad_top.xdc:23]
Resolution: If [get_<value>] was used to populate the object, check to make sure this command returns at least one valid object.
WARNING: [Vivado 12-584] No ports matched 'uart_tbre'. [C:/Users/yilin/Desktop/csproject2019_group10/thinpad_top-rev.3/thinpad_top.srcs/constrs_1/new/thinpad_top.xdc:24]
CRITICAL WARNING: [Common 17-55] 'set_property' expects at least one object. [C:/Users/yilin/Desktop/csproject2019_group10/thinpad_top-rev.3/thinpad_top.srcs/constrs_1/new/thinpad_top.xdc:24]
Resolution: If [get_<value>] was used to populate the object, check to make sure this command returns at least one valid object.
WARNING: [Vivado 12-584] No ports matched 'uart_tsre'. [C:/Users/yilin/Desktop/csproject2019_group10/thinpad_top-rev.3/thinpad_top.srcs/constrs_1/new/thinpad_top.xdc:25]
CRITICAL WARNING: [Common 17-55] 'set_property' expects at least one object. [C:/Users/yilin/Desktop/csproject2019_group10/thinpad_top-rev.3/thinpad_top.srcs/constrs_1/new/thinpad_top.xdc:25]
Resolution: If [get_<value>] was used to populate the object, check to make sure this command returns at least one valid object.
WARNING: [Vivado 12-584] No ports matched 'uart_dataready'. [C:/Users/yilin/Desktop/csproject2019_group10/thinpad_top-rev.3/thinpad_top.srcs/constrs_1/new/thinpad_top.xdc:26]
CRITICAL WARNING: [Common 17-55] 'set_property' expects at least one object. [C:/Users/yilin/Desktop/csproject2019_group10/thinpad_top-rev.3/thinpad_top.srcs/constrs_1/new/thinpad_top.xdc:26]
Resolution: If [get_<value>] was used to populate the object, check to make sure this command returns at least one valid object.
WARNING: [Vivado 12-584] No ports matched 'txd'. [C:/Users/yilin/Desktop/csproject2019_group10/thinpad_top-rev.3/thinpad_top.srcs/constrs_1/new/thinpad_top.xdc:29]
CRITICAL WARNING: [Common 17-55] 'set_property' expects at least one object. [C:/Users/yilin/Desktop/csproject2019_group10/thinpad_top-rev.3/thinpad_top.srcs/constrs_1/new/thinpad_top.xdc:29]
Resolution: If [get_<value>] was used to populate the object, check to make sure this command returns at least one valid object.
WARNING: [Vivado 12-584] No ports matched 'rxd'. [C:/Users/yilin/Desktop/csproject2019_group10/thinpad_top-rev.3/thinpad_top.srcs/constrs_1/new/thinpad_top.xdc:30]
CRITICAL WARNING: [Common 17-55] 'set_property' expects at least one object. [C:/Users/yilin/Desktop/csproject2019_group10/thinpad_top-rev.3/thinpad_top.srcs/constrs_1/new/thinpad_top.xdc:30]
Resolution: If [get_<value>] was used to populate the object, check to make sure this command returns at least one valid object.
WARNING: [Vivado 12-584] No ports matched 'sl811_a0'. [C:/Users/yilin/Desktop/csproject2019_group10/thinpad_top-rev.3/thinpad_top.srcs/constrs_1/new/thinpad_top.xdc:33]
CRITICAL WARNING: [Common 17-55] 'set_property' expects at least one object. [C:/Users/yilin/Desktop/csproject2019_group10/thinpad_top-rev.3/thinpad_top.srcs/constrs_1/new/thinpad_top.xdc:33]
Resolution: If [get_<value>] was used to populate the object, check to make sure this command returns at least one valid object.
WARNING: [Vivado 12-584] No ports matched 'sl811_wr_n'. [C:/Users/yilin/Desktop/csproject2019_group10/thinpad_top-rev.3/thinpad_top.srcs/constrs_1/new/thinpad_top.xdc:34]
CRITICAL WARNING: [Common 17-55] 'set_property' expects at least one object. [C:/Users/yilin/Desktop/csproject2019_group10/thinpad_top-rev.3/thinpad_top.srcs/constrs_1/new/thinpad_top.xdc:34]
Resolution: If [get_<value>] was used to populate the object, check to make sure this command returns at least one valid object.
WARNING: [Vivado 12-584] No ports matched 'sl811_rd_n'. [C:/Users/yilin/Desktop/csproject2019_group10/thinpad_top-rev.3/thinpad_top.srcs/constrs_1/new/thinpad_top.xdc:35]
CRITICAL WARNING: [Common 17-55] 'set_property' expects at least one object. [C:/Users/yilin/Desktop/csproject2019_group10/thinpad_top-rev.3/thinpad_top.srcs/constrs_1/new/thinpad_top.xdc:35]
Resolution: If [get_<value>] was used to populate the object, check to make sure this command returns at least one valid object.
WARNING: [Vivado 12-584] No ports matched 'sl811_cs_n'. [C:/Users/yilin/Desktop/csproject2019_group10/thinpad_top-rev.3/thinpad_top.srcs/constrs_1/new/thinpad_top.xdc:36]
CRITICAL WARNING: [Common 17-55] 'set_property' expects at least one object. [C:/Users/yilin/Desktop/csproject2019_group10/thinpad_top-rev.3/thinpad_top.srcs/constrs_1/new/thinpad_top.xdc:36]
Resolution: If [get_<value>] was used to populate the object, check to make sure this command returns at least one valid object.
WARNING: [Vivado 12-584] No ports matched 'sl811_rst_n'. [C:/Users/yilin/Desktop/csproject2019_group10/thinpad_top-rev.3/thinpad_top.srcs/constrs_1/new/thinpad_top.xdc:37]
CRITICAL WARNING: [Common 17-55] 'set_property' expects at least one object. [C:/Users/yilin/Desktop/csproject2019_group10/thinpad_top-rev.3/thinpad_top.srcs/constrs_1/new/thinpad_top.xdc:37]
Resolution: If [get_<value>] was used to populate the object, check to make sure this command returns at least one valid object.
WARNING: [Vivado 12-584] No ports matched 'sl811_drq_n'. [C:/Users/yilin/Desktop/csproject2019_group10/thinpad_top-rev.3/thinpad_top.srcs/constrs_1/new/thinpad_top.xdc:38]
CRITICAL WARNING: [Common 17-55] 'set_property' expects at least one object. [C:/Users/yilin/Desktop/csproject2019_group10/thinpad_top-rev.3/thinpad_top.srcs/constrs_1/new/thinpad_top.xdc:38]
Resolution: If [get_<value>] was used to populate the object, check to make sure this command returns at least one valid object.
WARNING: [Vivado 12-584] No ports matched 'sl811_dack_n'. [C:/Users/yilin/Desktop/csproject2019_group10/thinpad_top-rev.3/thinpad_top.srcs/constrs_1/new/thinpad_top.xdc:39]
CRITICAL WARNING: [Common 17-55] 'set_property' expects at least one object. [C:/Users/yilin/Desktop/csproject2019_group10/thinpad_top-rev.3/thinpad_top.srcs/constrs_1/new/thinpad_top.xdc:39]
Resolution: If [get_<value>] was used to populate the object, check to make sure this command returns at least one valid object.
WARNING: [Vivado 12-584] No ports matched 'sl811_intrq'. [C:/Users/yilin/Desktop/csproject2019_group10/thinpad_top-rev.3/thinpad_top.srcs/constrs_1/new/thinpad_top.xdc:40]
CRITICAL WARNING: [Common 17-55] 'set_property' expects at least one object. [C:/Users/yilin/Desktop/csproject2019_group10/thinpad_top-rev.3/thinpad_top.srcs/constrs_1/new/thinpad_top.xdc:40]
Resolution: If [get_<value>] was used to populate the object, check to make sure this command returns at least one valid object.
WARNING: [Vivado 12-584] No ports matched 'dm9k_iow_n'. [C:/Users/yilin/Desktop/csproject2019_group10/thinpad_top-rev.3/thinpad_top.srcs/constrs_1/new/thinpad_top.xdc:43]
CRITICAL WARNING: [Common 17-55] 'set_property' expects at least one object. [C:/Users/yilin/Desktop/csproject2019_group10/thinpad_top-rev.3/thinpad_top.srcs/constrs_1/new/thinpad_top.xdc:43]
Resolution: If [get_<value>] was used to populate the object, check to make sure this command returns at least one valid object.
WARNING: [Vivado 12-584] No ports matched 'dm9k_ior_n'. [C:/Users/yilin/Desktop/csproject2019_group10/thinpad_top-rev.3/thinpad_top.srcs/constrs_1/new/thinpad_top.xdc:44]
CRITICAL WARNING: [Common 17-55] 'set_property' expects at least one object. [C:/Users/yilin/Desktop/csproject2019_group10/thinpad_top-rev.3/thinpad_top.srcs/constrs_1/new/thinpad_top.xdc:44]
Resolution: If [get_<value>] was used to populate the object, check to make sure this command returns at least one valid object.
WARNING: [Vivado 12-584] No ports matched 'dm9k_cs_n'. [C:/Users/yilin/Desktop/csproject2019_group10/thinpad_top-rev.3/thinpad_top.srcs/constrs_1/new/thinpad_top.xdc:45]
CRITICAL WARNING: [Common 17-55] 'set_property' expects at least one object. [C:/Users/yilin/Desktop/csproject2019_group10/thinpad_top-rev.3/thinpad_top.srcs/constrs_1/new/thinpad_top.xdc:45]
Resolution: If [get_<value>] was used to populate the object, check to make sure this command returns at least one valid object.
WARNING: [Vivado 12-584] No ports matched 'dm9k_pwrst_n'. [C:/Users/yilin/Desktop/csproject2019_group10/thinpad_top-rev.3/thinpad_top.srcs/constrs_1/new/thinpad_top.xdc:46]
CRITICAL WARNING: [Common 17-55] 'set_property' expects at least one object. [C:/Users/yilin/Desktop/csproject2019_group10/thinpad_top-rev.3/thinpad_top.srcs/constrs_1/new/thinpad_top.xdc:46]
Resolution: If [get_<value>] was used to populate the object, check to make sure this command returns at least one valid object.
WARNING: [Vivado 12-584] No ports matched 'dm9k_int'. [C:/Users/yilin/Desktop/csproject2019_group10/thinpad_top-rev.3/thinpad_top.srcs/constrs_1/new/thinpad_top.xdc:47]
CRITICAL WARNING: [Common 17-55] 'set_property' expects at least one object. [C:/Users/yilin/Desktop/csproject2019_group10/thinpad_top-rev.3/thinpad_top.srcs/constrs_1/new/thinpad_top.xdc:47]
Resolution: If [get_<value>] was used to populate the object, check to make sure this command returns at least one valid object.
WARNING: [Vivado 12-584] No ports matched 'dm9k_cmd'. [C:/Users/yilin/Desktop/csproject2019_group10/thinpad_top-rev.3/thinpad_top.srcs/constrs_1/new/thinpad_top.xdc:48]
CRITICAL WARNING: [Common 17-55] 'set_property' expects at least one object. [C:/Users/yilin/Desktop/csproject2019_group10/thinpad_top-rev.3/thinpad_top.srcs/constrs_1/new/thinpad_top.xdc:48]
Resolution: If [get_<value>] was used to populate the object, check to make sure this command returns at least one valid object.
WARNING: [Vivado 12-584] No ports matched 'dm9k_sd[0]'. [C:/Users/yilin/Desktop/csproject2019_group10/thinpad_top-rev.3/thinpad_top.srcs/constrs_1/new/thinpad_top.xdc:49]
CRITICAL WARNING: [Common 17-55] 'set_property' expects at least one object. [C:/Users/yilin/Desktop/csproject2019_group10/thinpad_top-rev.3/thinpad_top.srcs/constrs_1/new/thinpad_top.xdc:49]
Resolution: If [get_<value>] was used to populate the object, check to make sure this command returns at least one valid object.
WARNING: [Vivado 12-584] No ports matched 'dm9k_sd[1]'. [C:/Users/yilin/Desktop/csproject2019_group10/thinpad_top-rev.3/thinpad_top.srcs/constrs_1/new/thinpad_top.xdc:50]
CRITICAL WARNING: [Common 17-55] 'set_property' expects at least one object. [C:/Users/yilin/Desktop/csproject2019_group10/thinpad_top-rev.3/thinpad_top.srcs/constrs_1/new/thinpad_top.xdc:50]
Resolution: If [get_<value>] was used to populate the object, check to make sure this command returns at least one valid object.
WARNING: [Vivado 12-584] No ports matched 'dm9k_sd[2]'. [C:/Users/yilin/Desktop/csproject2019_group10/thinpad_top-rev.3/thinpad_top.srcs/constrs_1/new/thinpad_top.xdc:51]
CRITICAL WARNING: [Common 17-55] 'set_property' expects at least one object. [C:/Users/yilin/Desktop/csproject2019_group10/thinpad_top-rev.3/thinpad_top.srcs/constrs_1/new/thinpad_top.xdc:51]
Resolution: If [get_<value>] was used to populate the object, check to make sure this command returns at least one valid object.
WARNING: [Vivado 12-584] No ports matched 'dm9k_sd[3]'. [C:/Users/yilin/Desktop/csproject2019_group10/thinpad_top-rev.3/thinpad_top.srcs/constrs_1/new/thinpad_top.xdc:52]
CRITICAL WARNING: [Common 17-55] 'set_property' expects at least one object. [C:/Users/yilin/Desktop/csproject2019_group10/thinpad_top-rev.3/thinpad_top.srcs/constrs_1/new/thinpad_top.xdc:52]
Resolution: If [get_<value>] was used to populate the object, check to make sure this command returns at least one valid object.
WARNING: [Vivado 12-584] No ports matched 'dm9k_sd[4]'. [C:/Users/yilin/Desktop/csproject2019_group10/thinpad_top-rev.3/thinpad_top.srcs/constrs_1/new/thinpad_top.xdc:53]
CRITICAL WARNING: [Common 17-55] 'set_property' expects at least one object. [C:/Users/yilin/Desktop/csproject2019_group10/thinpad_top-rev.3/thinpad_top.srcs/constrs_1/new/thinpad_top.xdc:53]
Resolution: If [get_<value>] was used to populate the object, check to make sure this command returns at least one valid object.
WARNING: [Vivado 12-584] No ports matched 'dm9k_sd[5]'. [C:/Users/yilin/Desktop/csproject2019_group10/thinpad_top-rev.3/thinpad_top.srcs/constrs_1/new/thinpad_top.xdc:54]
CRITICAL WARNING: [Common 17-55] 'set_property' expects at least one object. [C:/Users/yilin/Desktop/csproject2019_group10/thinpad_top-rev.3/thinpad_top.srcs/constrs_1/new/thinpad_top.xdc:54]
Resolution: If [get_<value>] was used to populate the object, check to make sure this command returns at least one valid object.
WARNING: [Vivado 12-584] No ports matched 'dm9k_sd[6]'. [C:/Users/yilin/Desktop/csproject2019_group10/thinpad_top-rev.3/thinpad_top.srcs/constrs_1/new/thinpad_top.xdc:55]
CRITICAL WARNING: [Common 17-55] 'set_property' expects at least one object. [C:/Users/yilin/Desktop/csproject2019_group10/thinpad_top-rev.3/thinpad_top.srcs/constrs_1/new/thinpad_top.xdc:55]
Resolution: If [get_<value>] was used to populate the object, check to make sure this command returns at least one valid object.
WARNING: [Vivado 12-584] No ports matched 'dm9k_sd[7]'. [C:/Users/yilin/Desktop/csproject2019_group10/thinpad_top-rev.3/thinpad_top.srcs/constrs_1/new/thinpad_top.xdc:56]
CRITICAL WARNING: [Common 17-55] 'set_property' expects at least one object. [C:/Users/yilin/Desktop/csproject2019_group10/thinpad_top-rev.3/thinpad_top.srcs/constrs_1/new/thinpad_top.xdc:56]
Resolution: If [get_<value>] was used to populate the object, check to make sure this command returns at least one valid object.
WARNING: [Vivado 12-584] No ports matched 'dm9k_sd[8]'. [C:/Users/yilin/Desktop/csproject2019_group10/thinpad_top-rev.3/thinpad_top.srcs/constrs_1/new/thinpad_top.xdc:57]
CRITICAL WARNING: [Common 17-55] 'set_property' expects at least one object. [C:/Users/yilin/Desktop/csproject2019_group10/thinpad_top-rev.3/thinpad_top.srcs/constrs_1/new/thinpad_top.xdc:57]
Resolution: If [get_<value>] was used to populate the object, check to make sure this command returns at least one valid object.
WARNING: [Vivado 12-584] No ports matched 'dm9k_sd[9]'. [C:/Users/yilin/Desktop/csproject2019_group10/thinpad_top-rev.3/thinpad_top.srcs/constrs_1/new/thinpad_top.xdc:58]
CRITICAL WARNING: [Common 17-55] 'set_property' expects at least one object. [C:/Users/yilin/Desktop/csproject2019_group10/thinpad_top-rev.3/thinpad_top.srcs/constrs_1/new/thinpad_top.xdc:58]
Resolution: If [get_<value>] was used to populate the object, check to make sure this command returns at least one valid object.
WARNING: [Vivado 12-584] No ports matched 'dm9k_sd[10]'. [C:/Users/yilin/Desktop/csproject2019_group10/thinpad_top-rev.3/thinpad_top.srcs/constrs_1/new/thinpad_top.xdc:59]
CRITICAL WARNING: [Common 17-55] 'set_property' expects at least one object. [C:/Users/yilin/Desktop/csproject2019_group10/thinpad_top-rev.3/thinpad_top.srcs/constrs_1/new/thinpad_top.xdc:59]
Resolution: If [get_<value>] was used to populate the object, check to make sure this command returns at least one valid object.
WARNING: [Vivado 12-584] No ports matched 'dm9k_sd[11]'. [C:/Users/yilin/Desktop/csproject2019_group10/thinpad_top-rev.3/thinpad_top.srcs/constrs_1/new/thinpad_top.xdc:60]
CRITICAL WARNING: [Common 17-55] 'set_property' expects at least one object. [C:/Users/yilin/Desktop/csproject2019_group10/thinpad_top-rev.3/thinpad_top.srcs/constrs_1/new/thinpad_top.xdc:60]
Resolution: If [get_<value>] was used to populate the object, check to make sure this command returns at least one valid object.
WARNING: [Vivado 12-584] No ports matched 'dm9k_sd[12]'. [C:/Users/yilin/Desktop/csproject2019_group10/thinpad_top-rev.3/thinpad_top.srcs/constrs_1/new/thinpad_top.xdc:61]
CRITICAL WARNING: [Common 17-55] 'set_property' expects at least one object. [C:/Users/yilin/Desktop/csproject2019_group10/thinpad_top-rev.3/thinpad_top.srcs/constrs_1/new/thinpad_top.xdc:61]
Resolution: If [get_<value>] was used to populate the object, check to make sure this command returns at least one valid object.
WARNING: [Vivado 12-584] No ports matched 'dm9k_sd[13]'. [C:/Users/yilin/Desktop/csproject2019_group10/thinpad_top-rev.3/thinpad_top.srcs/constrs_1/new/thinpad_top.xdc:62]
CRITICAL WARNING: [Common 17-55] 'set_property' expects at least one object. [C:/Users/yilin/Desktop/csproject2019_group10/thinpad_top-rev.3/thinpad_top.srcs/constrs_1/new/thinpad_top.xdc:62]
Resolution: If [get_<value>] was used to populate the object, check to make sure this command returns at least one valid object.
WARNING: [Vivado 12-584] No ports matched 'dm9k_sd[14]'. [C:/Users/yilin/Desktop/csproject2019_group10/thinpad_top-rev.3/thinpad_top.srcs/constrs_1/new/thinpad_top.xdc:63]
CRITICAL WARNING: [Common 17-55] 'set_property' expects at least one object. [C:/Users/yilin/Desktop/csproject2019_group10/thinpad_top-rev.3/thinpad_top.srcs/constrs_1/new/thinpad_top.xdc:63]
Resolution: If [get_<value>] was used to populate the object, check to make sure this command returns at least one valid object.
WARNING: [Vivado 12-584] No ports matched 'dm9k_sd[15]'. [C:/Users/yilin/Desktop/csproject2019_group10/thinpad_top-rev.3/thinpad_top.srcs/constrs_1/new/thinpad_top.xdc:64]
CRITICAL WARNING: [Common 17-55] 'set_property' expects at least one object. [C:/Users/yilin/Desktop/csproject2019_group10/thinpad_top-rev.3/thinpad_top.srcs/constrs_1/new/thinpad_top.xdc:64]
Resolution: If [get_<value>] was used to populate the object, check to make sure this command returns at least one valid object.
WARNING: [Vivado 12-584] No ports matched 'video_clk'. [C:/Users/yilin/Desktop/csproject2019_group10/thinpad_top-rev.3/thinpad_top.srcs/constrs_1/new/thinpad_top.xdc:67]
CRITICAL WARNING: [Common 17-55] 'set_property' expects at least one object. [C:/Users/yilin/Desktop/csproject2019_group10/thinpad_top-rev.3/thinpad_top.srcs/constrs_1/new/thinpad_top.xdc:67]
Resolution: If [get_<value>] was used to populate the object, check to make sure this command returns at least one valid object.
WARNING: [Vivado 12-584] No ports matched 'video_red[2]'. [C:/Users/yilin/Desktop/csproject2019_group10/thinpad_top-rev.3/thinpad_top.srcs/constrs_1/new/thinpad_top.xdc:68]
CRITICAL WARNING: [Common 17-55] 'set_property' expects at least one object. [C:/Users/yilin/Desktop/csproject2019_group10/thinpad_top-rev.3/thinpad_top.srcs/constrs_1/new/thinpad_top.xdc:68]
Resolution: If [get_<value>] was used to populate the object, check to make sure this command returns at least one valid object.
WARNING: [Vivado 12-584] No ports matched 'video_red[1]'. [C:/Users/yilin/Desktop/csproject2019_group10/thinpad_top-rev.3/thinpad_top.srcs/constrs_1/new/thinpad_top.xdc:69]
CRITICAL WARNING: [Common 17-55] 'set_property' expects at least one object. [C:/Users/yilin/Desktop/csproject2019_group10/thinpad_top-rev.3/thinpad_top.srcs/constrs_1/new/thinpad_top.xdc:69]
Resolution: If [get_<value>] was used to populate the object, check to make sure this command returns at least one valid object.
WARNING: [Vivado 12-584] No ports matched 'video_red[0]'. [C:/Users/yilin/Desktop/csproject2019_group10/thinpad_top-rev.3/thinpad_top.srcs/constrs_1/new/thinpad_top.xdc:70]
CRITICAL WARNING: [Common 17-55] 'set_property' expects at least one object. [C:/Users/yilin/Desktop/csproject2019_group10/thinpad_top-rev.3/thinpad_top.srcs/constrs_1/new/thinpad_top.xdc:70]
Resolution: If [get_<value>] was used to populate the object, check to make sure this command returns at least one valid object.
WARNING: [Vivado 12-584] No ports matched 'video_green[2]'. [C:/Users/yilin/Desktop/csproject2019_group10/thinpad_top-rev.3/thinpad_top.srcs/constrs_1/new/thinpad_top.xdc:71]
CRITICAL WARNING: [Common 17-55] 'set_property' expects at least one object. [C:/Users/yilin/Desktop/csproject2019_group10/thinpad_top-rev.3/thinpad_top.srcs/constrs_1/new/thinpad_top.xdc:71]
Resolution: If [get_<value>] was used to populate the object, check to make sure this command returns at least one valid object.
WARNING: [Vivado 12-584] No ports matched 'video_green[1]'. [C:/Users/yilin/Desktop/csproject2019_group10/thinpad_top-rev.3/thinpad_top.srcs/constrs_1/new/thinpad_top.xdc:72]
CRITICAL WARNING: [Common 17-55] 'set_property' expects at least one object. [C:/Users/yilin/Desktop/csproject2019_group10/thinpad_top-rev.3/thinpad_top.srcs/constrs_1/new/thinpad_top.xdc:72]
Resolution: If [get_<value>] was used to populate the object, check to make sure this command returns at least one valid object.
WARNING: [Vivado 12-584] No ports matched 'video_green[0]'. [C:/Users/yilin/Desktop/csproject2019_group10/thinpad_top-rev.3/thinpad_top.srcs/constrs_1/new/thinpad_top.xdc:73]
CRITICAL WARNING: [Common 17-55] 'set_property' expects at least one object. [C:/Users/yilin/Desktop/csproject2019_group10/thinpad_top-rev.3/thinpad_top.srcs/constrs_1/new/thinpad_top.xdc:73]
Resolution: If [get_<value>] was used to populate the object, check to make sure this command returns at least one valid object.
WARNING: [Vivado 12-584] No ports matched 'video_blue[1]'. [C:/Users/yilin/Desktop/csproject2019_group10/thinpad_top-rev.3/thinpad_top.srcs/constrs_1/new/thinpad_top.xdc:74]
CRITICAL WARNING: [Common 17-55] 'set_property' expects at least one object. [C:/Users/yilin/Desktop/csproject2019_group10/thinpad_top-rev.3/thinpad_top.srcs/constrs_1/new/thinpad_top.xdc:74]
Resolution: If [get_<value>] was used to populate the object, check to make sure this command returns at least one valid object.
WARNING: [Vivado 12-584] No ports matched 'video_blue[0]'. [C:/Users/yilin/Desktop/csproject2019_group10/thinpad_top-rev.3/thinpad_top.srcs/constrs_1/new/thinpad_top.xdc:75]
CRITICAL WARNING: [Common 17-55] 'set_property' expects at least one object. [C:/Users/yilin/Desktop/csproject2019_group10/thinpad_top-rev.3/thinpad_top.srcs/constrs_1/new/thinpad_top.xdc:75]
Resolution: If [get_<value>] was used to populate the object, check to make sure this command returns at least one valid object.
WARNING: [Vivado 12-584] No ports matched 'video_hsync'. [C:/Users/yilin/Desktop/csproject2019_group10/thinpad_top-rev.3/thinpad_top.srcs/constrs_1/new/thinpad_top.xdc:76]
CRITICAL WARNING: [Common 17-55] 'set_property' expects at least one object. [C:/Users/yilin/Desktop/csproject2019_group10/thinpad_top-rev.3/thinpad_top.srcs/constrs_1/new/thinpad_top.xdc:76]
Resolution: If [get_<value>] was used to populate the object, check to make sure this command returns at least one valid object.
WARNING: [Vivado 12-584] No ports matched 'video_vsync'. [C:/Users/yilin/Desktop/csproject2019_group10/thinpad_top-rev.3/thinpad_top.srcs/constrs_1/new/thinpad_top.xdc:77]
CRITICAL WARNING: [Common 17-55] 'set_property' expects at least one object. [C:/Users/yilin/Desktop/csproject2019_group10/thinpad_top-rev.3/thinpad_top.srcs/constrs_1/new/thinpad_top.xdc:77]
Resolution: If [get_<value>] was used to populate the object, check to make sure this command returns at least one valid object.
WARNING: [Vivado 12-584] No ports matched 'video_de'. [C:/Users/yilin/Desktop/csproject2019_group10/thinpad_top-rev.3/thinpad_top.srcs/constrs_1/new/thinpad_top.xdc:78]
CRITICAL WARNING: [Common 17-55] 'set_property' expects at least one object. [C:/Users/yilin/Desktop/csproject2019_group10/thinpad_top-rev.3/thinpad_top.srcs/constrs_1/new/thinpad_top.xdc:78]
Resolution: If [get_<value>] was used to populate the object, check to make sure this command returns at least one valid object.
WARNING: [Vivado 12-584] No ports matched 'leds[0]'. [C:/Users/yilin/Desktop/csproject2019_group10/thinpad_top-rev.3/thinpad_top.srcs/constrs_1/new/thinpad_top.xdc:81]
CRITICAL WARNING: [Common 17-55] 'set_property' expects at least one object. [C:/Users/yilin/Desktop/csproject2019_group10/thinpad_top-rev.3/thinpad_top.srcs/constrs_1/new/thinpad_top.xdc:81]
Resolution: If [get_<value>] was used to populate the object, check to make sure this command returns at least one valid object.
WARNING: [Vivado 12-584] No ports matched 'leds[1]'. [C:/Users/yilin/Desktop/csproject2019_group10/thinpad_top-rev.3/thinpad_top.srcs/constrs_1/new/thinpad_top.xdc:82]
CRITICAL WARNING: [Common 17-55] 'set_property' expects at least one object. [C:/Users/yilin/Desktop/csproject2019_group10/thinpad_top-rev.3/thinpad_top.srcs/constrs_1/new/thinpad_top.xdc:82]
Resolution: If [get_<value>] was used to populate the object, check to make sure this command returns at least one valid object.
WARNING: [Vivado 12-584] No ports matched 'leds[2]'. [C:/Users/yilin/Desktop/csproject2019_group10/thinpad_top-rev.3/thinpad_top.srcs/constrs_1/new/thinpad_top.xdc:83]
CRITICAL WARNING: [Common 17-55] 'set_property' expects at least one object. [C:/Users/yilin/Desktop/csproject2019_group10/thinpad_top-rev.3/thinpad_top.srcs/constrs_1/new/thinpad_top.xdc:83]
Resolution: If [get_<value>] was used to populate the object, check to make sure this command returns at least one valid object.
WARNING: [Vivado 12-584] No ports matched 'leds[3]'. [C:/Users/yilin/Desktop/csproject2019_group10/thinpad_top-rev.3/thinpad_top.srcs/constrs_1/new/thinpad_top.xdc:84]
CRITICAL WARNING: [Common 17-55] 'set_property' expects at least one object. [C:/Users/yilin/Desktop/csproject2019_group10/thinpad_top-rev.3/thinpad_top.srcs/constrs_1/new/thinpad_top.xdc:84]
Resolution: If [get_<value>] was used to populate the object, check to make sure this command returns at least one valid object.
WARNING: [Vivado 12-584] No ports matched 'leds[4]'. [C:/Users/yilin/Desktop/csproject2019_group10/thinpad_top-rev.3/thinpad_top.srcs/constrs_1/new/thinpad_top.xdc:85]
CRITICAL WARNING: [Common 17-55] 'set_property' expects at least one object. [C:/Users/yilin/Desktop/csproject2019_group10/thinpad_top-rev.3/thinpad_top.srcs/constrs_1/new/thinpad_top.xdc:85]
Resolution: If [get_<value>] was used to populate the object, check to make sure this command returns at least one valid object.
WARNING: [Vivado 12-584] No ports matched 'leds[5]'. [C:/Users/yilin/Desktop/csproject2019_group10/thinpad_top-rev.3/thinpad_top.srcs/constrs_1/new/thinpad_top.xdc:86]
CRITICAL WARNING: [Common 17-55] 'set_property' expects at least one object. [C:/Users/yilin/Desktop/csproject2019_group10/thinpad_top-rev.3/thinpad_top.srcs/constrs_1/new/thinpad_top.xdc:86]
Resolution: If [get_<value>] was used to populate the object, check to make sure this command returns at least one valid object.
WARNING: [Vivado 12-584] No ports matched 'leds[6]'. [C:/Users/yilin/Desktop/csproject2019_group10/thinpad_top-rev.3/thinpad_top.srcs/constrs_1/new/thinpad_top.xdc:87]
CRITICAL WARNING: [Common 17-55] 'set_property' expects at least one object. [C:/Users/yilin/Desktop/csproject2019_group10/thinpad_top-rev.3/thinpad_top.srcs/constrs_1/new/thinpad_top.xdc:87]
Resolution: If [get_<value>] was used to populate the object, check to make sure this command returns at least one valid object.
WARNING: [Vivado 12-584] No ports matched 'leds[7]'. [C:/Users/yilin/Desktop/csproject2019_group10/thinpad_top-rev.3/thinpad_top.srcs/constrs_1/new/thinpad_top.xdc:88]
CRITICAL WARNING: [Common 17-55] 'set_property' expects at least one object. [C:/Users/yilin/Desktop/csproject2019_group10/thinpad_top-rev.3/thinpad_top.srcs/constrs_1/new/thinpad_top.xdc:88]
Resolution: If [get_<value>] was used to populate the object, check to make sure this command returns at least one valid object.
WARNING: [Vivado 12-584] No ports matched 'leds[8]'. [C:/Users/yilin/Desktop/csproject2019_group10/thinpad_top-rev.3/thinpad_top.srcs/constrs_1/new/thinpad_top.xdc:89]
CRITICAL WARNING: [Common 17-55] 'set_property' expects at least one object. [C:/Users/yilin/Desktop/csproject2019_group10/thinpad_top-rev.3/thinpad_top.srcs/constrs_1/new/thinpad_top.xdc:89]
Resolution: If [get_<value>] was used to populate the object, check to make sure this command returns at least one valid object.
WARNING: [Vivado 12-584] No ports matched 'leds[9]'. [C:/Users/yilin/Desktop/csproject2019_group10/thinpad_top-rev.3/thinpad_top.srcs/constrs_1/new/thinpad_top.xdc:90]
CRITICAL WARNING: [Common 17-55] 'set_property' expects at least one object. [C:/Users/yilin/Desktop/csproject2019_group10/thinpad_top-rev.3/thinpad_top.srcs/constrs_1/new/thinpad_top.xdc:90]
Resolution: If [get_<value>] was used to populate the object, check to make sure this command returns at least one valid object.
WARNING: [Vivado 12-584] No ports matched 'leds[10]'. [C:/Users/yilin/Desktop/csproject2019_group10/thinpad_top-rev.3/thinpad_top.srcs/constrs_1/new/thinpad_top.xdc:91]
CRITICAL WARNING: [Common 17-55] 'set_property' expects at least one object. [C:/Users/yilin/Desktop/csproject2019_group10/thinpad_top-rev.3/thinpad_top.srcs/constrs_1/new/thinpad_top.xdc:91]
Resolution: If [get_<value>] was used to populate the object, check to make sure this command returns at least one valid object.
WARNING: [Vivado 12-584] No ports matched 'leds[11]'. [C:/Users/yilin/Desktop/csproject2019_group10/thinpad_top-rev.3/thinpad_top.srcs/constrs_1/new/thinpad_top.xdc:92]
CRITICAL WARNING: [Common 17-55] 'set_property' expects at least one object. [C:/Users/yilin/Desktop/csproject2019_group10/thinpad_top-rev.3/thinpad_top.srcs/constrs_1/new/thinpad_top.xdc:92]
Resolution: If [get_<value>] was used to populate the object, check to make sure this command returns at least one valid object.
WARNING: [Vivado 12-584] No ports matched 'leds[12]'. [C:/Users/yilin/Desktop/csproject2019_group10/thinpad_top-rev.3/thinpad_top.srcs/constrs_1/new/thinpad_top.xdc:93]
CRITICAL WARNING: [Common 17-55] 'set_property' expects at least one object. [C:/Users/yilin/Desktop/csproject2019_group10/thinpad_top-rev.3/thinpad_top.srcs/constrs_1/new/thinpad_top.xdc:93]
Resolution: If [get_<value>] was used to populate the object, check to make sure this command returns at least one valid object.
WARNING: [Vivado 12-584] No ports matched 'leds[13]'. [C:/Users/yilin/Desktop/csproject2019_group10/thinpad_top-rev.3/thinpad_top.srcs/constrs_1/new/thinpad_top.xdc:94]
CRITICAL WARNING: [Common 17-55] 'set_property' expects at least one object. [C:/Users/yilin/Desktop/csproject2019_group10/thinpad_top-rev.3/thinpad_top.srcs/constrs_1/new/thinpad_top.xdc:94]
Resolution: If [get_<value>] was used to populate the object, check to make sure this command returns at least one valid object.
WARNING: [Vivado 12-584] No ports matched 'leds[14]'. [C:/Users/yilin/Desktop/csproject2019_group10/thinpad_top-rev.3/thinpad_top.srcs/constrs_1/new/thinpad_top.xdc:95]
CRITICAL WARNING: [Common 17-55] 'set_property' expects at least one object. [C:/Users/yilin/Desktop/csproject2019_group10/thinpad_top-rev.3/thinpad_top.srcs/constrs_1/new/thinpad_top.xdc:95]
Resolution: If [get_<value>] was used to populate the object, check to make sure this command returns at least one valid object.
WARNING: [Vivado 12-584] No ports matched 'leds[15]'. [C:/Users/yilin/Desktop/csproject2019_group10/thinpad_top-rev.3/thinpad_top.srcs/constrs_1/new/thinpad_top.xdc:96]
CRITICAL WARNING: [Common 17-55] 'set_property' expects at least one object. [C:/Users/yilin/Desktop/csproject2019_group10/thinpad_top-rev.3/thinpad_top.srcs/constrs_1/new/thinpad_top.xdc:96]
Resolution: If [get_<value>] was used to populate the object, check to make sure this command returns at least one valid object.
WARNING: [Vivado 12-584] No ports matched 'dpy0[0]'. [C:/Users/yilin/Desktop/csproject2019_group10/thinpad_top-rev.3/thinpad_top.srcs/constrs_1/new/thinpad_top.xdc:99]
CRITICAL WARNING: [Common 17-55] 'set_property' expects at least one object. [C:/Users/yilin/Desktop/csproject2019_group10/thinpad_top-rev.3/thinpad_top.srcs/constrs_1/new/thinpad_top.xdc:99]
Resolution: If [get_<value>] was used to populate the object, check to make sure this command returns at least one valid object.
WARNING: [Vivado 12-584] No ports matched 'dpy0[1]'. [C:/Users/yilin/Desktop/csproject2019_group10/thinpad_top-rev.3/thinpad_top.srcs/constrs_1/new/thinpad_top.xdc:100]
CRITICAL WARNING: [Common 17-55] 'set_property' expects at least one object. [C:/Users/yilin/Desktop/csproject2019_group10/thinpad_top-rev.3/thinpad_top.srcs/constrs_1/new/thinpad_top.xdc:100]
Resolution: If [get_<value>] was used to populate the object, check to make sure this command returns at least one valid object.
WARNING: [Vivado 12-584] No ports matched 'dpy0[2]'. [C:/Users/yilin/Desktop/csproject2019_group10/thinpad_top-rev.3/thinpad_top.srcs/constrs_1/new/thinpad_top.xdc:101]
CRITICAL WARNING: [Common 17-55] 'set_property' expects at least one object. [C:/Users/yilin/Desktop/csproject2019_group10/thinpad_top-rev.3/thinpad_top.srcs/constrs_1/new/thinpad_top.xdc:101]
Resolution: If [get_<value>] was used to populate the object, check to make sure this command returns at least one valid object.
WARNING: [Vivado 12-584] No ports matched 'dpy0[3]'. [C:/Users/yilin/Desktop/csproject2019_group10/thinpad_top-rev.3/thinpad_top.srcs/constrs_1/new/thinpad_top.xdc:102]
CRITICAL WARNING: [Common 17-55] 'set_property' expects at least one object. [C:/Users/yilin/Desktop/csproject2019_group10/thinpad_top-rev.3/thinpad_top.srcs/constrs_1/new/thinpad_top.xdc:102]
Resolution: If [get_<value>] was used to populate the object, check to make sure this command returns at least one valid object.
WARNING: [Vivado 12-584] No ports matched 'dpy0[4]'. [C:/Users/yilin/Desktop/csproject2019_group10/thinpad_top-rev.3/thinpad_top.srcs/constrs_1/new/thinpad_top.xdc:103]
CRITICAL WARNING: [Common 17-55] 'set_property' expects at least one object. [C:/Users/yilin/Desktop/csproject2019_group10/thinpad_top-rev.3/thinpad_top.srcs/constrs_1/new/thinpad_top.xdc:103]
Resolution: If [get_<value>] was used to populate the object, check to make sure this command returns at least one valid object.
WARNING: [Vivado 12-584] No ports matched 'dpy0[5]'. [C:/Users/yilin/Desktop/csproject2019_group10/thinpad_top-rev.3/thinpad_top.srcs/constrs_1/new/thinpad_top.xdc:104]
CRITICAL WARNING: [Common 17-55] 'set_property' expects at least one object. [C:/Users/yilin/Desktop/csproject2019_group10/thinpad_top-rev.3/thinpad_top.srcs/constrs_1/new/thinpad_top.xdc:104]
Resolution: If [get_<value>] was used to populate the object, check to make sure this command returns at least one valid object.
WARNING: [Vivado 12-584] No ports matched 'dpy0[6]'. [C:/Users/yilin/Desktop/csproject2019_group10/thinpad_top-rev.3/thinpad_top.srcs/constrs_1/new/thinpad_top.xdc:105]
CRITICAL WARNING: [Common 17-55] 'set_property' expects at least one object. [C:/Users/yilin/Desktop/csproject2019_group10/thinpad_top-rev.3/thinpad_top.srcs/constrs_1/new/thinpad_top.xdc:105]
Resolution: If [get_<value>] was used to populate the object, check to make sure this command returns at least one valid object.
WARNING: [Vivado 12-584] No ports matched 'dpy0[7]'. [C:/Users/yilin/Desktop/csproject2019_group10/thinpad_top-rev.3/thinpad_top.srcs/constrs_1/new/thinpad_top.xdc:106]
CRITICAL WARNING: [Common 17-55] 'set_property' expects at least one object. [C:/Users/yilin/Desktop/csproject2019_group10/thinpad_top-rev.3/thinpad_top.srcs/constrs_1/new/thinpad_top.xdc:106]
Resolution: If [get_<value>] was used to populate the object, check to make sure this command returns at least one valid object.
WARNING: [Vivado 12-584] No ports matched 'dpy1[0]'. [C:/Users/yilin/Desktop/csproject2019_group10/thinpad_top-rev.3/thinpad_top.srcs/constrs_1/new/thinpad_top.xdc:109]
CRITICAL WARNING: [Common 17-55] 'set_property' expects at least one object. [C:/Users/yilin/Desktop/csproject2019_group10/thinpad_top-rev.3/thinpad_top.srcs/constrs_1/new/thinpad_top.xdc:109]
Resolution: If [get_<value>] was used to populate the object, check to make sure this command returns at least one valid object.
WARNING: [Vivado 12-584] No ports matched 'dpy1[1]'. [C:/Users/yilin/Desktop/csproject2019_group10/thinpad_top-rev.3/thinpad_top.srcs/constrs_1/new/thinpad_top.xdc:110]
CRITICAL WARNING: [Common 17-55] 'set_property' expects at least one object. [C:/Users/yilin/Desktop/csproject2019_group10/thinpad_top-rev.3/thinpad_top.srcs/constrs_1/new/thinpad_top.xdc:110]
Resolution: If [get_<value>] was used to populate the object, check to make sure this command returns at least one valid object.
WARNING: [Vivado 12-584] No ports matched 'dpy1[2]'. [C:/Users/yilin/Desktop/csproject2019_group10/thinpad_top-rev.3/thinpad_top.srcs/constrs_1/new/thinpad_top.xdc:111]
CRITICAL WARNING: [Common 17-55] 'set_property' expects at least one object. [C:/Users/yilin/Desktop/csproject2019_group10/thinpad_top-rev.3/thinpad_top.srcs/constrs_1/new/thinpad_top.xdc:111]
Resolution: If [get_<value>] was used to populate the object, check to make sure this command returns at least one valid object.
WARNING: [Vivado 12-584] No ports matched 'dpy1[3]'. [C:/Users/yilin/Desktop/csproject2019_group10/thinpad_top-rev.3/thinpad_top.srcs/constrs_1/new/thinpad_top.xdc:112]
CRITICAL WARNING: [Common 17-55] 'set_property' expects at least one object. [C:/Users/yilin/Desktop/csproject2019_group10/thinpad_top-rev.3/thinpad_top.srcs/constrs_1/new/thinpad_top.xdc:112]
Resolution: If [get_<value>] was used to populate the object, check to make sure this command returns at least one valid object.
WARNING: [Vivado 12-584] No ports matched 'dpy1[4]'. [C:/Users/yilin/Desktop/csproject2019_group10/thinpad_top-rev.3/thinpad_top.srcs/constrs_1/new/thinpad_top.xdc:113]
CRITICAL WARNING: [Common 17-55] 'set_property' expects at least one object. [C:/Users/yilin/Desktop/csproject2019_group10/thinpad_top-rev.3/thinpad_top.srcs/constrs_1/new/thinpad_top.xdc:113]
Resolution: If [get_<value>] was used to populate the object, check to make sure this command returns at least one valid object.
WARNING: [Vivado 12-584] No ports matched 'dpy1[5]'. [C:/Users/yilin/Desktop/csproject2019_group10/thinpad_top-rev.3/thinpad_top.srcs/constrs_1/new/thinpad_top.xdc:114]
CRITICAL WARNING: [Common 17-55] 'set_property' expects at least one object. [C:/Users/yilin/Desktop/csproject2019_group10/thinpad_top-rev.3/thinpad_top.srcs/constrs_1/new/thinpad_top.xdc:114]
Resolution: If [get_<value>] was used to populate the object, check to make sure this command returns at least one valid object.
WARNING: [Vivado 12-584] No ports matched 'dpy1[6]'. [C:/Users/yilin/Desktop/csproject2019_group10/thinpad_top-rev.3/thinpad_top.srcs/constrs_1/new/thinpad_top.xdc:115]
CRITICAL WARNING: [Common 17-55] 'set_property' expects at least one object. [C:/Users/yilin/Desktop/csproject2019_group10/thinpad_top-rev.3/thinpad_top.srcs/constrs_1/new/thinpad_top.xdc:115]
Resolution: If [get_<value>] was used to populate the object, check to make sure this command returns at least one valid object.
WARNING: [Vivado 12-584] No ports matched 'dpy1[7]'. [C:/Users/yilin/Desktop/csproject2019_group10/thinpad_top-rev.3/thinpad_top.srcs/constrs_1/new/thinpad_top.xdc:116]
CRITICAL WARNING: [Common 17-55] 'set_property' expects at least one object. [C:/Users/yilin/Desktop/csproject2019_group10/thinpad_top-rev.3/thinpad_top.srcs/constrs_1/new/thinpad_top.xdc:116]
Resolution: If [get_<value>] was used to populate the object, check to make sure this command returns at least one valid object.
WARNING: [Vivado 12-584] No ports matched 'dip_sw[0]'. [C:/Users/yilin/Desktop/csproject2019_group10/thinpad_top-rev.3/thinpad_top.srcs/constrs_1/new/thinpad_top.xdc:119]
CRITICAL WARNING: [Common 17-55] 'set_property' expects at least one object. [C:/Users/yilin/Desktop/csproject2019_group10/thinpad_top-rev.3/thinpad_top.srcs/constrs_1/new/thinpad_top.xdc:119]
Resolution: If [get_<value>] was used to populate the object, check to make sure this command returns at least one valid object.
WARNING: [Vivado 12-584] No ports matched 'dip_sw[1]'. [C:/Users/yilin/Desktop/csproject2019_group10/thinpad_top-rev.3/thinpad_top.srcs/constrs_1/new/thinpad_top.xdc:120]
CRITICAL WARNING: [Common 17-55] 'set_property' expects at least one object. [C:/Users/yilin/Desktop/csproject2019_group10/thinpad_top-rev.3/thinpad_top.srcs/constrs_1/new/thinpad_top.xdc:120]
Resolution: If [get_<value>] was used to populate the object, check to make sure this command returns at least one valid object.
WARNING: [Vivado 12-584] No ports matched 'dip_sw[2]'. [C:/Users/yilin/Desktop/csproject2019_group10/thinpad_top-rev.3/thinpad_top.srcs/constrs_1/new/thinpad_top.xdc:121]
CRITICAL WARNING: [Common 17-55] 'set_property' expects at least one object. [C:/Users/yilin/Desktop/csproject2019_group10/thinpad_top-rev.3/thinpad_top.srcs/constrs_1/new/thinpad_top.xdc:121]
Resolution: If [get_<value>] was used to populate the object, check to make sure this command returns at least one valid object.
WARNING: [Vivado 12-584] No ports matched 'dip_sw[3]'. [C:/Users/yilin/Desktop/csproject2019_group10/thinpad_top-rev.3/thinpad_top.srcs/constrs_1/new/thinpad_top.xdc:122]
CRITICAL WARNING: [Common 17-55] 'set_property' expects at least one object. [C:/Users/yilin/Desktop/csproject2019_group10/thinpad_top-rev.3/thinpad_top.srcs/constrs_1/new/thinpad_top.xdc:122]
Resolution: If [get_<value>] was used to populate the object, check to make sure this command returns at least one valid object.
WARNING: [Vivado 12-584] No ports matched 'dip_sw[4]'. [C:/Users/yilin/Desktop/csproject2019_group10/thinpad_top-rev.3/thinpad_top.srcs/constrs_1/new/thinpad_top.xdc:123]
CRITICAL WARNING: [Common 17-55] 'set_property' expects at least one object. [C:/Users/yilin/Desktop/csproject2019_group10/thinpad_top-rev.3/thinpad_top.srcs/constrs_1/new/thinpad_top.xdc:123]
Resolution: If [get_<value>] was used to populate the object, check to make sure this command returns at least one valid object.
WARNING: [Vivado 12-584] No ports matched 'dip_sw[5]'. [C:/Users/yilin/Desktop/csproject2019_group10/thinpad_top-rev.3/thinpad_top.srcs/constrs_1/new/thinpad_top.xdc:124]
CRITICAL WARNING: [Common 17-55] 'set_property' expects at least one object. [C:/Users/yilin/Desktop/csproject2019_group10/thinpad_top-rev.3/thinpad_top.srcs/constrs_1/new/thinpad_top.xdc:124]
Resolution: If [get_<value>] was used to populate the object, check to make sure this command returns at least one valid object.
WARNING: [Vivado 12-584] No ports matched 'dip_sw[6]'. [C:/Users/yilin/Desktop/csproject2019_group10/thinpad_top-rev.3/thinpad_top.srcs/constrs_1/new/thinpad_top.xdc:125]
CRITICAL WARNING: [Common 17-55] 'set_property' expects at least one object. [C:/Users/yilin/Desktop/csproject2019_group10/thinpad_top-rev.3/thinpad_top.srcs/constrs_1/new/thinpad_top.xdc:125]
Resolution: If [get_<value>] was used to populate the object, check to make sure this command returns at least one valid object.
WARNING: [Vivado 12-584] No ports matched 'dip_sw[7]'. [C:/Users/yilin/Desktop/csproject2019_group10/thinpad_top-rev.3/thinpad_top.srcs/constrs_1/new/thinpad_top.xdc:126]
CRITICAL WARNING: [Common 17-55] 'set_property' expects at least one object. [C:/Users/yilin/Desktop/csproject2019_group10/thinpad_top-rev.3/thinpad_top.srcs/constrs_1/new/thinpad_top.xdc:126]
Resolution: If [get_<value>] was used to populate the object, check to make sure this command returns at least one valid object.
WARNING: [Vivado 12-584] No ports matched 'dip_sw[8]'. [C:/Users/yilin/Desktop/csproject2019_group10/thinpad_top-rev.3/thinpad_top.srcs/constrs_1/new/thinpad_top.xdc:127]
INFO: [Common 17-14] Message 'Vivado 12-584' appears 100 times and further instances of the messages will be disabled. Use the Tcl command set_msg_config to change the current settings. [C:/Users/yilin/Desktop/csproject2019_group10/thinpad_top-rev.3/thinpad_top.srcs/constrs_1/new/thinpad_top.xdc:127]
Finished Parsing XDC File [C:/Users/yilin/Desktop/csproject2019_group10/thinpad_top-rev.3/thinpad_top.srcs/constrs_1/new/thinpad_top.xdc]
Completed Processing XDC Constraints

Netlist sorting complete. Time (s): cpu = 00:00:00 ; elapsed = 00:00:00 . Memory (MB): peak = 735.129 ; gain = 0.000
INFO: [Project 1-111] Unisim Transformation Summary:
No Unisim elements were transformed.

Netlist sorting complete. Time (s): cpu = 00:00:00 ; elapsed = 00:00:00.001 . Memory (MB): peak = 735.129 ; gain = 0.000
Constraint Validation Runtime : Time (s): cpu = 00:00:00 ; elapsed = 00:00:00.018 . Memory (MB): peak = 735.129 ; gain = 0.000
---------------------------------------------------------------------------------
Finished Constraint Validation : Time (s): cpu = 00:00:16 ; elapsed = 00:00:19 . Memory (MB): peak = 735.129 ; gain = 485.539
---------------------------------------------------------------------------------
---------------------------------------------------------------------------------
Start Loading Part and Timing Information
---------------------------------------------------------------------------------
Loading part: xc7a100tfgg676-2L
---------------------------------------------------------------------------------
Finished Loading Part and Timing Information : Time (s): cpu = 00:00:16 ; elapsed = 00:00:19 . Memory (MB): peak = 735.129 ; gain = 485.539
---------------------------------------------------------------------------------
---------------------------------------------------------------------------------
Start Applying 'set_property' XDC Constraints
---------------------------------------------------------------------------------
---------------------------------------------------------------------------------
Finished applying 'set_property' XDC Constraints : Time (s): cpu = 00:00:16 ; elapsed = 00:00:19 . Memory (MB): peak = 735.129 ; gain = 485.539
---------------------------------------------------------------------------------
INFO: [Synth 8-5546] ROM "wreg_o" won't be mapped to RAM because it is too sparse
INFO: [Synth 8-5546] ROM "aluop_o" won't be mapped to RAM because it is too sparse
---------------------------------------------------------------------------------
Finished RTL Optimization Phase 2 : Time (s): cpu = 00:00:17 ; elapsed = 00:00:19 . Memory (MB): peak = 735.129 ; gain = 485.539
---------------------------------------------------------------------------------

Report RTL Partitions: 
+-+--------------+------------+----------+
| |RTL Partition |Replication |Instances |
+-+--------------+------------+----------+
+-+--------------+------------+----------+
---------------------------------------------------------------------------------
Start RTL Component Statistics 
---------------------------------------------------------------------------------
Detailed RTL Component Info : 
+---Registers : 
	               32 Bit    Registers := 6     
	                8 Bit    Registers := 1     
	                5 Bit    Registers := 3     
	                3 Bit    Registers := 1     
	                1 Bit    Registers := 4     
+---RAMs : 
	             1024 Bit         RAMs := 1     
+---Muxes : 
	   2 Input     32 Bit        Muxes := 13    
	   2 Input     16 Bit        Muxes := 1     
	   3 Input      6 Bit        Muxes := 1     
	   2 Input      5 Bit        Muxes := 5     
	   2 Input      1 Bit        Muxes := 1     
---------------------------------------------------------------------------------
Finished RTL Component Statistics 
---------------------------------------------------------------------------------
---------------------------------------------------------------------------------
Start RTL Hierarchical Component Statistics 
---------------------------------------------------------------------------------
Hierarchical RTL Component report 
Module pc_reg 
Detailed RTL Component Info : 
+---Registers : 
	                1 Bit    Registers := 1     
Module if_id 
Detailed RTL Component Info : 
+---Registers : 
	               32 Bit    Registers := 2     
Module id 
Detailed RTL Component Info : 
+---Muxes : 
	   2 Input     32 Bit        Muxes := 2     
	   2 Input     16 Bit        Muxes := 1     
	   3 Input      6 Bit        Muxes := 1     
	   2 Input      5 Bit        Muxes := 4     
	   2 Input      1 Bit        Muxes := 1     
Module regfile 
Detailed RTL Component Info : 
+---RAMs : 
	             1024 Bit         RAMs := 1     
+---Muxes : 
	   2 Input     32 Bit        Muxes := 8     
Module id_ex 
Detailed RTL Component Info : 
+---Registers : 
	               32 Bit    Registers := 2     
	                8 Bit    Registers := 1     
	                5 Bit    Registers := 1     
	                3 Bit    Registers := 1     
	                1 Bit    Registers := 1     
Module ex 
Detailed RTL Component Info : 
+---Muxes : 
	   2 Input     32 Bit        Muxes := 2     
Module ex_mem 
Detailed RTL Component Info : 
+---Registers : 
	               32 Bit    Registers := 1     
	                5 Bit    Registers := 1     
	                1 Bit    Registers := 1     
Module mem 
Detailed RTL Component Info : 
+---Muxes : 
	   2 Input     32 Bit        Muxes := 1     
	   2 Input      5 Bit        Muxes := 1     
Module mem_wb 
Detailed RTL Component Info : 
+---Registers : 
	               32 Bit    Registers := 1     
	                5 Bit    Registers := 1     
	                1 Bit    Registers := 1     
---------------------------------------------------------------------------------
Finished RTL Hierarchical Component Statistics
---------------------------------------------------------------------------------
---------------------------------------------------------------------------------
Start Part Resource Summary
---------------------------------------------------------------------------------
Part Resources:
DSPs: 240 (col length:80)
BRAMs: 270 (col length: RAMB18 80 RAMB36 40)
---------------------------------------------------------------------------------
Finished Part Resource Summary
---------------------------------------------------------------------------------
---------------------------------------------------------------------------------
Start Cross Boundary and Area Optimization
---------------------------------------------------------------------------------
Warning: Parallel synthesis criteria is not met 
INFO: [Synth 8-3333] propagating constant 0 across sequential element (i_3/\pc_reg0/pc_reg[0] )
INFO: [Synth 8-3333] propagating constant 0 across sequential element (i_3/\pc_reg0/pc_reg[1] )
---------------------------------------------------------------------------------
Finished Cross Boundary and Area Optimization : Time (s): cpu = 00:00:18 ; elapsed = 00:00:21 . Memory (MB): peak = 735.129 ; gain = 485.539
---------------------------------------------------------------------------------

Report RTL Partitions: 
+-+--------------+------------+----------+
| |RTL Partition |Replication |Instances |
+-+--------------+------------+----------+
+-+--------------+------------+----------+
---------------------------------------------------------------------------------
Start Applying XDC Timing Constraints
---------------------------------------------------------------------------------
---------------------------------------------------------------------------------
Finished Applying XDC Timing Constraints : Time (s): cpu = 00:00:29 ; elapsed = 00:00:32 . Memory (MB): peak = 735.129 ; gain = 485.539
---------------------------------------------------------------------------------
---------------------------------------------------------------------------------
Start Timing Optimization
---------------------------------------------------------------------------------
---------------------------------------------------------------------------------
Finished Timing Optimization : Time (s): cpu = 00:00:29 ; elapsed = 00:00:32 . Memory (MB): peak = 735.129 ; gain = 485.539
---------------------------------------------------------------------------------

Report RTL Partitions: 
+-+--------------+------------+----------+
| |RTL Partition |Replication |Instances |
+-+--------------+------------+----------+
+-+--------------+------------+----------+
---------------------------------------------------------------------------------
Start Technology Mapping
---------------------------------------------------------------------------------
---------------------------------------------------------------------------------
Finished Technology Mapping : Time (s): cpu = 00:00:29 ; elapsed = 00:00:32 . Memory (MB): peak = 742.402 ; gain = 492.813
---------------------------------------------------------------------------------

Report RTL Partitions: 
+-+--------------+------------+----------+
| |RTL Partition |Replication |Instances |
+-+--------------+------------+----------+
+-+--------------+------------+----------+
---------------------------------------------------------------------------------
Start IO Insertion
---------------------------------------------------------------------------------
---------------------------------------------------------------------------------
Start Flattening Before IO Insertion
---------------------------------------------------------------------------------
---------------------------------------------------------------------------------
Finished Flattening Before IO Insertion
---------------------------------------------------------------------------------
---------------------------------------------------------------------------------
Start Final Netlist Cleanup
---------------------------------------------------------------------------------
---------------------------------------------------------------------------------
Finished Final Netlist Cleanup
---------------------------------------------------------------------------------
---------------------------------------------------------------------------------
Finished IO Insertion : Time (s): cpu = 00:00:31 ; elapsed = 00:00:34 . Memory (MB): peak = 742.402 ; gain = 492.813
---------------------------------------------------------------------------------

Report Check Netlist: 
+------+------------------+-------+---------+-------+------------------+
|      |Item              |Errors |Warnings |Status |Description       |
+------+------------------+-------+---------+-------+------------------+
|1     |multi_driven_nets |      0|        0|Passed |Multi driven nets |
+------+------------------+-------+---------+-------+------------------+
---------------------------------------------------------------------------------
Start Renaming Generated Instances
---------------------------------------------------------------------------------
---------------------------------------------------------------------------------
Finished Renaming Generated Instances : Time (s): cpu = 00:00:31 ; elapsed = 00:00:34 . Memory (MB): peak = 742.402 ; gain = 492.813
---------------------------------------------------------------------------------

Report RTL Partitions: 
+-+--------------+------------+----------+
| |RTL Partition |Replication |Instances |
+-+--------------+------------+----------+
+-+--------------+------------+----------+
---------------------------------------------------------------------------------
Start Rebuilding User Hierarchy
---------------------------------------------------------------------------------
---------------------------------------------------------------------------------
Finished Rebuilding User Hierarchy : Time (s): cpu = 00:00:31 ; elapsed = 00:00:34 . Memory (MB): peak = 742.402 ; gain = 492.813
---------------------------------------------------------------------------------
---------------------------------------------------------------------------------
Start Renaming Generated Ports
---------------------------------------------------------------------------------
---------------------------------------------------------------------------------
Finished Renaming Generated Ports : Time (s): cpu = 00:00:31 ; elapsed = 00:00:34 . Memory (MB): peak = 742.402 ; gain = 492.813
---------------------------------------------------------------------------------
---------------------------------------------------------------------------------
Start Handling Custom Attributes
---------------------------------------------------------------------------------
---------------------------------------------------------------------------------
Finished Handling Custom Attributes : Time (s): cpu = 00:00:31 ; elapsed = 00:00:34 . Memory (MB): peak = 742.402 ; gain = 492.813
---------------------------------------------------------------------------------
---------------------------------------------------------------------------------
Start Renaming Generated Nets
---------------------------------------------------------------------------------
---------------------------------------------------------------------------------
Finished Renaming Generated Nets : Time (s): cpu = 00:00:31 ; elapsed = 00:00:34 . Memory (MB): peak = 742.402 ; gain = 492.813
---------------------------------------------------------------------------------
---------------------------------------------------------------------------------
Start Writing Synthesis Report
---------------------------------------------------------------------------------

Report BlackBoxes: 
+-+--------------+----------+
| |BlackBox name |Instances |
+-+--------------+----------+
+-+--------------+----------+

Report Cell Usage: 
+------+-------+------+
|      |Cell   |Count |
+------+-------+------+
|1     |BUFG   |     1|
|2     |CARRY4 |     8|
|3     |LUT1   |     3|
|4     |FDRE   |    31|
|5     |IBUF   |     2|
|6     |OBUF   |    33|
+------+-------+------+

Report Instance Areas: 
+------+----------+-------+------+
|      |Instance  |Module |Cells |
+------+----------+-------+------+
|1     |top       |       |    78|
|2     |  pc_reg0 |pc_reg |    42|
+------+----------+-------+------+
---------------------------------------------------------------------------------
Finished Writing Synthesis Report : Time (s): cpu = 00:00:31 ; elapsed = 00:00:34 . Memory (MB): peak = 742.402 ; gain = 492.813
---------------------------------------------------------------------------------
Synthesis finished with 0 errors, 0 critical warnings and 0 warnings.
Synthesis Optimization Runtime : Time (s): cpu = 00:00:18 ; elapsed = 00:00:24 . Memory (MB): peak = 742.402 ; gain = 154.047
Synthesis Optimization Complete : Time (s): cpu = 00:00:31 ; elapsed = 00:00:34 . Memory (MB): peak = 742.402 ; gain = 492.813
INFO: [Project 1-571] Translating synthesized netlist
INFO: [Netlist 29-17] Analyzing 8 Unisim elements for replacement
INFO: [Netlist 29-28] Unisim Transformation completed in 0 CPU seconds
INFO: [Project 1-570] Preparing netlist for logic optimization
INFO: [Opt 31-138] Pushed 0 inverter(s) to 0 load pin(s).
Netlist sorting complete. Time (s): cpu = 00:00:00 ; elapsed = 00:00:00 . Memory (MB): peak = 755.816 ; gain = 0.000
INFO: [Project 1-111] Unisim Transformation Summary:
No Unisim elements were transformed.

INFO: [Common 17-83] Releasing license: Synthesis
36 Infos, 167 Warnings, 102 Critical Warnings and 0 Errors encountered.
synth_design completed successfully
synth_design: Time (s): cpu = 00:00:33 ; elapsed = 00:00:37 . Memory (MB): peak = 755.816 ; gain = 506.227
Netlist sorting complete. Time (s): cpu = 00:00:00 ; elapsed = 00:00:00 . Memory (MB): peak = 755.816 ; gain = 0.000
WARNING: [Constraints 18-5210] No constraints selected for write.
Resolution: This message can indicate that there are no constraints for the design, or it can indicate that the used_in flags are set such that the constraints are ignored. This later case is used when running synth_design to not write synthesis constraints to the resulting checkpoint. Instead, project constraints are read when the synthesized design is opened.
INFO: [Common 17-1381] The checkpoint 'C:/Users/yilin/Desktop/csproject2019_group10/thinpad_top-rev.3/thinpad_top.runs/synth_1/thinpad_top.dcp' has been generated.
INFO: [runtcl-4] Executing : report_utilization -file thinpad_top_utilization_synth.rpt -pb thinpad_top_utilization_synth.pb
INFO: [Common 17-206] Exiting Vivado at Sat Aug 17 01:24:42 2019...
