#-----------------------------------------------------------
# Vivado v2018.3 (64-bit)
# SW Build 2405991 on Thu Dec  6 23:38:27 MST 2018
# IP Build 2404404 on Fri Dec  7 01:43:56 MST 2018
# Start of session at: Sat Aug 17 06:57:32 2019
# Process ID: 6596
# Current directory: C:/thinpad_top-rev.3/thinpad_top-rev.3
# Command line: vivado.exe -gui_launcher_event rodinguilauncherevent1920 C:\thinpad_top-rev.3\thinpad_top-rev.3\thinpad_top.xpr
# Log file: C:/thinpad_top-rev.3/thinpad_top-rev.3/vivado.log
# Journal file: C:/thinpad_top-rev.3/thinpad_top-rev.3\vivado.jou
#-----------------------------------------------------------
start_gui
open_project C:/thinpad_top-rev.3/thinpad_top-rev.3/thinpad_top.xpr
INFO: [Project 1-313] Project file moved from '/home/zhang/Projects/thinpad_top' since last save.
Scanning sources...
Finished scanning sources
WARNING: [Project 1-509] GeneratedRun file for 'pll_example_synth_1' not found
WARNING: [filemgmt 56-2] IPUserFilesDir: Could not find the directory 'C:/thinpad_top-rev.3/thinpad_top-rev.3/thinpad_top.ip_user_files', nor could it be found using path 'C:/home/zhang/Projects/thinpad_top/thinpad_top.ip_user_files'.
INFO: [IP_Flow 19-234] Refreshing IP repositories
INFO: [IP_Flow 19-1704] No user IP repositories specified
INFO: [IP_Flow 19-2313] Loaded Vivado IP repository 'C:/Xilinx/Vivado/2018.3/data/ip'.
open_project: Time (s): cpu = 00:00:12 ; elapsed = 00:00:12 . Memory (MB): peak = 807.473 ; gain = 232.355
update_compile_order -fileset sources_1
update_compile_order -fileset sim_1
add_files -norecurse {C:/thinpad_top-rev.3/thinpad_top-rev.3/thinpad_top.srcs/sources_1/new/ex.v C:/thinpad_top-rev.3/thinpad_top-rev.3/thinpad_top.srcs/sources_1/new/ex_mem.v C:/thinpad_top-rev.3/thinpad_top-rev.3/thinpad_top.srcs/sources_1/new/pc_reg.v C:/thinpad_top-rev.3/thinpad_top-rev.3/thinpad_top.srcs/sources_1/new/if_id.v C:/thinpad_top-rev.3/thinpad_top-rev.3/thinpad_top.srcs/sources_1/new/id_ex.v C:/thinpad_top-rev.3/thinpad_top-rev.3/thinpad_top.srcs/sources_1/new/inst_rom.v C:/thinpad_top-rev.3/thinpad_top-rev.3/thinpad_top.srcs/sources_1/new/regfile.v C:/thinpad_top-rev.3/thinpad_top-rev.3/thinpad_top.srcs/sources_1/new/defines.v C:/thinpad_top-rev.3/thinpad_top-rev.3/thinpad_top.srcs/sources_1/new/id.v C:/thinpad_top-rev.3/thinpad_top-rev.3/thinpad_top.srcs/sources_1/new/mem_wb.v C:/thinpad_top-rev.3/thinpad_top-rev.3/thinpad_top.srcs/sources_1/new/mem.v}
update_compile_order -fileset sources_1
export_ip_user_files -of_objects  [get_files C:/thinpad_top-rev.3/thinpad_top-rev.3/thinpad_top.srcs/sources_1/new/ex.v] -no_script -reset -force -quiet
export_ip_user_files -of_objects  [get_files C:/thinpad_top-rev.3/thinpad_top-rev.3/thinpad_top.srcs/sources_1/new/ex_mem.v] -no_script -reset -force -quiet
export_ip_user_files -of_objects  [get_files C:/thinpad_top-rev.3/thinpad_top-rev.3/thinpad_top.srcs/sources_1/new/id.v] -no_script -reset -force -quiet
export_ip_user_files -of_objects  [get_files C:/thinpad_top-rev.3/thinpad_top-rev.3/thinpad_top.srcs/sources_1/new/id_ex.v] -no_script -reset -force -quiet
export_ip_user_files -of_objects  [get_files C:/thinpad_top-rev.3/thinpad_top-rev.3/thinpad_top.srcs/sources_1/new/if_id.v] -no_script -reset -force -quiet
export_ip_user_files -of_objects  [get_files C:/thinpad_top-rev.3/thinpad_top-rev.3/thinpad_top.srcs/sources_1/new/inst_rom.v] -no_script -reset -force -quiet
export_ip_user_files -of_objects  [get_files C:/thinpad_top-rev.3/thinpad_top-rev.3/thinpad_top.srcs/sources_1/new/mem.v] -no_script -reset -force -quiet
export_ip_user_files -of_objects  [get_files C:/thinpad_top-rev.3/thinpad_top-rev.3/thinpad_top.srcs/sources_1/new/mem_wb.v] -no_script -reset -force -quiet
export_ip_user_files -of_objects  [get_files C:/thinpad_top-rev.3/thinpad_top-rev.3/thinpad_top.srcs/sources_1/new/pc_reg.v] -no_script -reset -force -quiet
export_ip_user_files -of_objects  [get_files C:/thinpad_top-rev.3/thinpad_top-rev.3/thinpad_top.srcs/sources_1/new/regfile.v] -no_script -reset -force -quiet
remove_files  {C:/thinpad_top-rev.3/thinpad_top-rev.3/thinpad_top.srcs/sources_1/new/ex.v C:/thinpad_top-rev.3/thinpad_top-rev.3/thinpad_top.srcs/sources_1/new/ex_mem.v C:/thinpad_top-rev.3/thinpad_top-rev.3/thinpad_top.srcs/sources_1/new/id.v C:/thinpad_top-rev.3/thinpad_top-rev.3/thinpad_top.srcs/sources_1/new/id_ex.v C:/thinpad_top-rev.3/thinpad_top-rev.3/thinpad_top.srcs/sources_1/new/if_id.v C:/thinpad_top-rev.3/thinpad_top-rev.3/thinpad_top.srcs/sources_1/new/inst_rom.v C:/thinpad_top-rev.3/thinpad_top-rev.3/thinpad_top.srcs/sources_1/new/mem.v C:/thinpad_top-rev.3/thinpad_top-rev.3/thinpad_top.srcs/sources_1/new/mem_wb.v C:/thinpad_top-rev.3/thinpad_top-rev.3/thinpad_top.srcs/sources_1/new/pc_reg.v C:/thinpad_top-rev.3/thinpad_top-rev.3/thinpad_top.srcs/sources_1/new/regfile.v}
export_ip_user_files -of_objects  [get_files C:/thinpad_top-rev.3/thinpad_top-rev.3/thinpad_top.srcs/sources_1/new/defines.v] -no_script -reset -force -quiet
remove_files  C:/thinpad_top-rev.3/thinpad_top-rev.3/thinpad_top.srcs/sources_1/new/defines.v
add_files -norecurse {C:/thinpad_top-rev.3/thinpad_top-rev.3/thinpad_top.srcs/sources_1/new/ex.v C:/thinpad_top-rev.3/thinpad_top-rev.3/thinpad_top.srcs/sources_1/new/ex_mem.v C:/thinpad_top-rev.3/thinpad_top-rev.3/thinpad_top.srcs/sources_1/new/pc_reg.v C:/thinpad_top-rev.3/thinpad_top-rev.3/thinpad_top.srcs/sources_1/new/if_id.v C:/thinpad_top-rev.3/thinpad_top-rev.3/thinpad_top.srcs/sources_1/new/id_ex.v C:/thinpad_top-rev.3/thinpad_top-rev.3/thinpad_top.srcs/sources_1/new/inst_rom.v C:/thinpad_top-rev.3/thinpad_top-rev.3/thinpad_top.srcs/sources_1/new/regfile.v C:/thinpad_top-rev.3/thinpad_top-rev.3/thinpad_top.srcs/sources_1/new/defines.v C:/thinpad_top-rev.3/thinpad_top-rev.3/thinpad_top.srcs/sources_1/new/id.v C:/thinpad_top-rev.3/thinpad_top-rev.3/thinpad_top.srcs/sources_1/new/mem_wb.v C:/thinpad_top-rev.3/thinpad_top-rev.3/thinpad_top.srcs/sources_1/new/mem.v}
update_compile_order -fileset sources_1
exit
INFO: [Common 17-206] Exiting Vivado at Sat Aug 17 15:49:18 2019...
