#-----------------------------------------------------------
# Vivado v2018.3 (64-bit)
# SW Build 2405991 on Thu Dec  6 23:38:27 MST 2018
# IP Build 2404404 on Fri Dec  7 01:43:56 MST 2018
# Start of session at: Mon Aug 19 23:08:31 2019
# Process ID: 4520
# Current directory: C:/thinpad_top-rev.3/thinpad_top-rev.3
# Command line: vivado.exe -gui_launcher_event rodinguilauncherevent3824 C:\thinpad_top-rev.3\thinpad_top-rev.3\thinpad_top.xpr
# Log file: C:/thinpad_top-rev.3/thinpad_top-rev.3/vivado.log
# Journal file: C:/thinpad_top-rev.3/thinpad_top-rev.3\vivado.jou
#-----------------------------------------------------------
start_gui
open_project C:/thinpad_top-rev.3/thinpad_top-rev.3/thinpad_top.xpr
Scanning sources...
Finished scanning sources
INFO: [IP_Flow 19-234] Refreshing IP repositories
INFO: [IP_Flow 19-1704] No user IP repositories specified
INFO: [IP_Flow 19-2313] Loaded Vivado IP repository 'C:/Xilinx/Vivado/2018.3/data/ip'.
open_project: Time (s): cpu = 00:00:13 ; elapsed = 00:00:09 . Memory (MB): peak = 829.098 ; gain = 255.344
update_compile_order -fileset sources_1
add_files -norecurse {C:/thinpad_top-rev.3/thinpad_top-rev.3/thinpad_top.srcs/sources_1/new/ex_mem.v C:/thinpad_top-rev.3/thinpad_top-rev.3/thinpad_top.srcs/sources_1/new/hilo_reg.v C:/thinpad_top-rev.3/thinpad_top-rev.3/thinpad_top.srcs/sources_1/new/if_id.v C:/thinpad_top-rev.3/thinpad_top-rev.3/thinpad_top.srcs/sources_1/new/thinpad_top.v C:/thinpad_top-rev.3/thinpad_top-rev.3/thinpad_top.srcs/sources_1/new/ctrl.v C:/thinpad_top-rev.3/thinpad_top-rev.3/thinpad_top.srcs/sources_1/new/regfile.v C:/thinpad_top-rev.3/thinpad_top-rev.3/thinpad_top.srcs/sources_1/new/cp0_reg.v C:/thinpad_top-rev.3/thinpad_top-rev.3/thinpad_top.srcs/sources_1/new/defines.v C:/thinpad_top-rev.3/thinpad_top-rev.3/thinpad_top.srcs/sources_1/new/mem_wb.v C:/thinpad_top-rev.3/thinpad_top-rev.3/thinpad_top.srcs/sources_1/new/LLbit_reg.v C:/thinpad_top-rev.3/thinpad_top-rev.3/thinpad_top.srcs/sources_1/new/openmips_min_sopc.v C:/thinpad_top-rev.3/thinpad_top-rev.3/thinpad_top.srcs/sources_1/new/ex.v C:/thinpad_top-rev.3/thinpad_top-rev.3/thinpad_top.srcs/sources_1/new/openmips_min_sopc_tb.v C:/thinpad_top-rev.3/thinpad_top-rev.3/thinpad_top.srcs/sources_1/new/pc_reg.v C:/thinpad_top-rev.3/thinpad_top-rev.3/thinpad_top.srcs/sources_1/new/SEG7_LUT.v C:/thinpad_top-rev.3/thinpad_top-rev.3/thinpad_top.srcs/sources_1/new/id_ex.v C:/thinpad_top-rev.3/thinpad_top-rev.3/thinpad_top.srcs/sources_1/new/inst_rom.v C:/thinpad_top-rev.3/thinpad_top-rev.3/thinpad_top.srcs/sources_1/new/openmips.v C:/thinpad_top-rev.3/thinpad_top-rev.3/thinpad_top.srcs/sources_1/new/data_ram.v C:/thinpad_top-rev.3/thinpad_top-rev.3/thinpad_top.srcs/sources_1/new/async.v C:/thinpad_top-rev.3/thinpad_top-rev.3/thinpad_top.srcs/sources_1/new/div.v C:/thinpad_top-rev.3/thinpad_top-rev.3/thinpad_top.srcs/sources_1/new/id.v C:/thinpad_top-rev.3/thinpad_top-rev.3/thinpad_top.srcs/sources_1/new/mem.v}
WARNING: [filemgmt 56-12] File 'C:/thinpad_top-rev.3/thinpad_top-rev.3/thinpad_top.srcs/sources_1/new/defines.v' cannot be added to the project because it already exists in the project, skipping this file
WARNING: [filemgmt 56-12] File 'C:/thinpad_top-rev.3/thinpad_top-rev.3/thinpad_top.srcs/sources_1/new/SEG7_LUT.v' cannot be added to the project because it already exists in the project, skipping this file
WARNING: [filemgmt 56-12] File 'C:/thinpad_top-rev.3/thinpad_top-rev.3/thinpad_top.srcs/sources_1/new/async.v' cannot be added to the project because it already exists in the project, skipping this file
update_compile_order -fileset sources_1
update_compile_order -fileset sources_1
reset_run synth_1
launch_runs synth_1
WARNING: [HDL 9-3756] overwriting previous definition of module 'SEG7_LUT' [C:/thinpad_top-rev.3/thinpad_top-rev.3/thinpad_top.srcs/sources_1/new/SEG7_LUT.v:1]
WARNING: [HDL 9-3756] overwriting previous definition of module 'ex' [C:/thinpad_top-rev.3/thinpad_top-rev.3/thinpad_top.srcs/sources_1/new/ex.v:4]
WARNING: [HDL 9-3756] overwriting previous definition of module 'ex_mem' [C:/thinpad_top-rev.3/thinpad_top-rev.3/thinpad_top.srcs/sources_1/new/ex_mem.v:4]
WARNING: [HDL 9-3756] overwriting previous definition of module 'id' [C:/thinpad_top-rev.3/thinpad_top-rev.3/thinpad_top.srcs/sources_1/new/id.v:4]
WARNING: [HDL 9-3756] overwriting previous definition of module 'id_ex' [C:/thinpad_top-rev.3/thinpad_top-rev.3/thinpad_top.srcs/sources_1/new/id_ex.v:4]
WARNING: [HDL 9-3756] overwriting previous definition of module 'if_id' [C:/thinpad_top-rev.3/thinpad_top-rev.3/thinpad_top.srcs/sources_1/new/if_id.v:4]
WARNING: [HDL 9-3756] overwriting previous definition of module 'inst_rom' [C:/thinpad_top-rev.3/thinpad_top-rev.3/thinpad_top.srcs/sources_1/new/inst_rom.v:4]
WARNING: [HDL 9-3756] overwriting previous definition of module 'mem' [C:/thinpad_top-rev.3/thinpad_top-rev.3/thinpad_top.srcs/sources_1/new/mem.v:4]
WARNING: [HDL 9-3756] overwriting previous definition of module 'mem_wb' [C:/thinpad_top-rev.3/thinpad_top-rev.3/thinpad_top.srcs/sources_1/new/mem_wb.v:4]
WARNING: [HDL 9-3756] overwriting previous definition of module 'pc_reg' [C:/thinpad_top-rev.3/thinpad_top-rev.3/thinpad_top.srcs/sources_1/new/pc_reg.v:3]
WARNING: [HDL 9-3756] overwriting previous definition of module 'regfile' [C:/thinpad_top-rev.3/thinpad_top-rev.3/thinpad_top.srcs/sources_1/new/regfile.v:4]
WARNING: [HDL 9-3756] overwriting previous definition of module 'openmips' [C:/csproject2019_group10-master/thinpad_top-rev.3/thinpad_top.srcs/sources_1/new/thinpad_top.v:3]
WARNING: [filemgmt 20-1318] Duplicate Design Unit 'SEG7_LUT()' found in library 'xil_defaultlib'
Duplicate found at line 1 of file C:/csproject2019_group10-master/thinpad_top-rev.3/thinpad_top.srcs/sources_1/new/SEG7_LUT.v
	(Active) Duplicate found at line 1 of file C:/thinpad_top-rev.3/thinpad_top-rev.3/thinpad_top.srcs/sources_1/new/SEG7_LUT.v
WARNING: [filemgmt 20-1318] Duplicate Design Unit 'ex()' found in library 'xil_defaultlib'
Duplicate found at line 4 of file C:/csproject2019_group10-master/thinpad_top-rev.3/thinpad_top.srcs/sources_1/new/ex.v
	(Active) Duplicate found at line 4 of file C:/thinpad_top-rev.3/thinpad_top-rev.3/thinpad_top.srcs/sources_1/new/ex.v
WARNING: [filemgmt 20-1318] Duplicate Design Unit 'ex_mem()' found in library 'xil_defaultlib'
Duplicate found at line 4 of file C:/csproject2019_group10-master/thinpad_top-rev.3/thinpad_top.srcs/sources_1/new/ex_mem.v
	(Active) Duplicate found at line 4 of file C:/thinpad_top-rev.3/thinpad_top-rev.3/thinpad_top.srcs/sources_1/new/ex_mem.v
WARNING: [filemgmt 20-1318] Duplicate Design Unit 'id()' found in library 'xil_defaultlib'
Duplicate found at line 5 of file C:/csproject2019_group10-master/thinpad_top-rev.3/thinpad_top.srcs/sources_1/new/id.v
	(Active) Duplicate found at line 4 of file C:/thinpad_top-rev.3/thinpad_top-rev.3/thinpad_top.srcs/sources_1/new/id.v
WARNING: [filemgmt 20-1318] Duplicate Design Unit 'id_ex()' found in library 'xil_defaultlib'
Duplicate found at line 3 of file C:/csproject2019_group10-master/thinpad_top-rev.3/thinpad_top.srcs/sources_1/new/id_ex.v
	(Active) Duplicate found at line 4 of file C:/thinpad_top-rev.3/thinpad_top-rev.3/thinpad_top.srcs/sources_1/new/id_ex.v
WARNING: [filemgmt 20-1318] Duplicate Design Unit 'if_id()' found in library 'xil_defaultlib'
Duplicate found at line 3 of file C:/csproject2019_group10-master/thinpad_top-rev.3/thinpad_top.srcs/sources_1/new/if_id.v
	(Active) Duplicate found at line 4 of file C:/thinpad_top-rev.3/thinpad_top-rev.3/thinpad_top.srcs/sources_1/new/if_id.v
WARNING: [filemgmt 20-1318] Duplicate Design Unit 'inst_rom()' found in library 'xil_defaultlib'
Duplicate found at line 25 of file C:/csproject2019_group10-master/thinpad_top-rev.3/thinpad_top.srcs/sources_1/new/inst_rom.v
	(Active) Duplicate found at line 4 of file C:/thinpad_top-rev.3/thinpad_top-rev.3/thinpad_top.srcs/sources_1/new/inst_rom.v
WARNING: [filemgmt 20-1318] Duplicate Design Unit 'mem()' found in library 'xil_defaultlib'
Duplicate found at line 24 of file C:/csproject2019_group10-master/thinpad_top-rev.3/thinpad_top.srcs/sources_1/new/mem.v
	(Active) Duplicate found at line 4 of file C:/thinpad_top-rev.3/thinpad_top-rev.3/thinpad_top.srcs/sources_1/new/mem.v
WARNING: [filemgmt 20-1318] Duplicate Design Unit 'mem_wb()' found in library 'xil_defaultlib'
Duplicate found at line 4 of file C:/csproject2019_group10-master/thinpad_top-rev.3/thinpad_top.srcs/sources_1/new/mem_wb.v
	(Active) Duplicate found at line 4 of file C:/thinpad_top-rev.3/thinpad_top-rev.3/thinpad_top.srcs/sources_1/new/mem_wb.v
WARNING: [filemgmt 20-1318] Duplicate Design Unit 'openmips()' found in library 'xil_defaultlib'
Duplicate found at line 3 of file C:/thinpad_top-rev.3/thinpad_top-rev.3/thinpad_top.srcs/sources_1/new/openmips.v
	(Active) Duplicate found at line 3 of file C:/csproject2019_group10-master/thinpad_top-rev.3/thinpad_top.srcs/sources_1/new/thinpad_top.v
WARNING: [filemgmt 20-1318] Duplicate Design Unit 'pc_reg()' found in library 'xil_defaultlib'
Duplicate found at line 3 of file C:/csproject2019_group10-master/thinpad_top-rev.3/thinpad_top.srcs/sources_1/new/pc_reg.v
	(Active) Duplicate found at line 3 of file C:/thinpad_top-rev.3/thinpad_top-rev.3/thinpad_top.srcs/sources_1/new/pc_reg.v
WARNING: [filemgmt 20-1318] Duplicate Design Unit 'regfile()' found in library 'xil_defaultlib'
Duplicate found at line 3 of file C:/csproject2019_group10-master/thinpad_top-rev.3/thinpad_top.srcs/sources_1/new/regfile.v
	(Active) Duplicate found at line 4 of file C:/thinpad_top-rev.3/thinpad_top-rev.3/thinpad_top.srcs/sources_1/new/regfile.v
INFO: [IP_Flow 19-1686] Generating 'Synthesis' target for IP 'pll_example'...
INFO: [IP_Flow 19-1686] Generating 'Implementation' target for IP 'pll_example'...
[Mon Aug 19 23:10:57 2019] Launched pll_example_synth_1...
Run output will be captured here: C:/thinpad_top-rev.3/thinpad_top-rev.3/thinpad_top.runs/pll_example_synth_1/runme.log
[Mon Aug 19 23:10:57 2019] Launched synth_1...
Run output will be captured here: C:/thinpad_top-rev.3/thinpad_top-rev.3/thinpad_top.runs/synth_1/runme.log
launch_runs impl_1
[Mon Aug 19 23:12:24 2019] Launched impl_1...
Run output will be captured here: C:/thinpad_top-rev.3/thinpad_top-rev.3/thinpad_top.runs/impl_1/runme.log
open_run synth_1 -name synth_1
Design is defaulting to impl run constrset: constrs_1
Design is defaulting to synth run part: xc7a100tfgg676-2L
INFO: [Project 1-454] Reading design checkpoint 'c:/thinpad_top-rev.3/thinpad_top-rev.3/thinpad_top.srcs/sources_1/ip/pll_example/pll_example.dcp' for cell 'clock_gen'
INFO: [Netlist 29-17] Analyzing 19 Unisim elements for replacement
INFO: [Netlist 29-28] Unisim Transformation completed in 0 CPU seconds
INFO: [Project 1-479] Netlist was created with Vivado 2018.3
INFO: [Device 21-403] Loading part xc7a100tfgg676-2L
INFO: [Project 1-570] Preparing netlist for logic optimization
WARNING: [Opt 31-35] Removing redundant IBUF, clock_gen/inst/clkin1_ibufg, from the path connected to top-level port: clk_50M 
Resolution: The tool has removed redundant IBUF. To resolve this warning, check for redundant IBUF in the input design.
WARNING: [Constraints 18-550] Could not create 'IBUF_LOW_PWR' constraint because net 'clock_gen/clk_in1' is not directly connected to top level port. Synthesis is ignored for IBUF_LOW_PWR but preserved for implementation.
Parsing XDC File [c:/thinpad_top-rev.3/thinpad_top-rev.3/thinpad_top.srcs/sources_1/ip/pll_example/pll_example_board.xdc] for cell 'clock_gen/inst'
Finished Parsing XDC File [c:/thinpad_top-rev.3/thinpad_top-rev.3/thinpad_top.srcs/sources_1/ip/pll_example/pll_example_board.xdc] for cell 'clock_gen/inst'
Parsing XDC File [c:/thinpad_top-rev.3/thinpad_top-rev.3/thinpad_top.srcs/sources_1/ip/pll_example/pll_example.xdc] for cell 'clock_gen/inst'
INFO: [Timing 38-35] Done setting XDC timing constraints. [c:/thinpad_top-rev.3/thinpad_top-rev.3/thinpad_top.srcs/sources_1/ip/pll_example/pll_example.xdc:57]
INFO: [Timing 38-2] Deriving generated clocks [c:/thinpad_top-rev.3/thinpad_top-rev.3/thinpad_top.srcs/sources_1/ip/pll_example/pll_example.xdc:57]
get_clocks: Time (s): cpu = 00:00:11 ; elapsed = 00:00:12 . Memory (MB): peak = 1643.066 ; gain = 547.785
Finished Parsing XDC File [c:/thinpad_top-rev.3/thinpad_top-rev.3/thinpad_top.srcs/sources_1/ip/pll_example/pll_example.xdc] for cell 'clock_gen/inst'
Parsing XDC File [C:/thinpad_top-rev.3/thinpad_top-rev.3/thinpad_top.srcs/constrs_1/new/thinpad_top.xdc]
WARNING: [Vivado 12-507] No nets matched 'clk_11M0592_IBUF'. [C:/thinpad_top-rev.3/thinpad_top-rev.3/thinpad_top.srcs/constrs_1/new/thinpad_top.xdc:4]
CRITICAL WARNING: [Common 17-55] 'set_property' expects at least one object. [C:/thinpad_top-rev.3/thinpad_top-rev.3/thinpad_top.srcs/constrs_1/new/thinpad_top.xdc:4]
Resolution: If [get_<value>] was used to populate the object, check to make sure this command returns at least one valid object.
Finished Parsing XDC File [C:/thinpad_top-rev.3/thinpad_top-rev.3/thinpad_top.srcs/constrs_1/new/thinpad_top.xdc]
INFO: [Opt 31-138] Pushed 0 inverter(s) to 0 load pin(s).
Netlist sorting complete. Time (s): cpu = 00:00:00 ; elapsed = 00:00:00.001 . Memory (MB): peak = 1647.117 ; gain = 0.000
INFO: [Project 1-111] Unisim Transformation Summary:
No Unisim elements were transformed.

open_run: Time (s): cpu = 00:00:25 ; elapsed = 00:00:27 . Memory (MB): peak = 1658.574 ; gain = 775.043
export_ip_user_files -of_objects  [get_files C:/thinpad_top-rev.3/thinpad_top-rev.3/thinpad_top.srcs/sources_1/new/openmips_min_sopc_tb.v] -no_script -reset -force -quiet
remove_files  C:/thinpad_top-rev.3/thinpad_top-rev.3/thinpad_top.srcs/sources_1/new/openmips_min_sopc_tb.v
export_ip_user_files -of_objects  [get_files C:/thinpad_top-rev.3/thinpad_top-rev.3/thinpad_top.srcs/sources_1/new/openmips_min_sopc.v] -no_script -reset -force -quiet
remove_files  C:/thinpad_top-rev.3/thinpad_top-rev.3/thinpad_top.srcs/sources_1/new/openmips_min_sopc.v
reset_run synth_1
WARNING: [Vivado 12-1017] Problems encountered:
1. Failed to delete one or more files in run directory C:/thinpad_top-rev.3/thinpad_top-rev.3/thinpad_top.runs/synth_1

launch_runs synth_1
WARNING: [HDL 9-3756] overwriting previous definition of module 'SEG7_LUT' [C:/thinpad_top-rev.3/thinpad_top-rev.3/thinpad_top.srcs/sources_1/new/SEG7_LUT.v:1]
WARNING: [HDL 9-3756] overwriting previous definition of module 'ex' [C:/thinpad_top-rev.3/thinpad_top-rev.3/thinpad_top.srcs/sources_1/new/ex.v:4]
WARNING: [HDL 9-3756] overwriting previous definition of module 'ex_mem' [C:/thinpad_top-rev.3/thinpad_top-rev.3/thinpad_top.srcs/sources_1/new/ex_mem.v:4]
WARNING: [HDL 9-3756] overwriting previous definition of module 'id' [C:/thinpad_top-rev.3/thinpad_top-rev.3/thinpad_top.srcs/sources_1/new/id.v:4]
WARNING: [HDL 9-3756] overwriting previous definition of module 'id_ex' [C:/thinpad_top-rev.3/thinpad_top-rev.3/thinpad_top.srcs/sources_1/new/id_ex.v:4]
WARNING: [HDL 9-3756] overwriting previous definition of module 'if_id' [C:/thinpad_top-rev.3/thinpad_top-rev.3/thinpad_top.srcs/sources_1/new/if_id.v:4]
WARNING: [HDL 9-3756] overwriting previous definition of module 'inst_rom' [C:/thinpad_top-rev.3/thinpad_top-rev.3/thinpad_top.srcs/sources_1/new/inst_rom.v:4]
WARNING: [HDL 9-3756] overwriting previous definition of module 'mem' [C:/thinpad_top-rev.3/thinpad_top-rev.3/thinpad_top.srcs/sources_1/new/mem.v:4]
WARNING: [HDL 9-3756] overwriting previous definition of module 'mem_wb' [C:/thinpad_top-rev.3/thinpad_top-rev.3/thinpad_top.srcs/sources_1/new/mem_wb.v:4]
WARNING: [HDL 9-3756] overwriting previous definition of module 'pc_reg' [C:/thinpad_top-rev.3/thinpad_top-rev.3/thinpad_top.srcs/sources_1/new/pc_reg.v:3]
WARNING: [HDL 9-3756] overwriting previous definition of module 'regfile' [C:/thinpad_top-rev.3/thinpad_top-rev.3/thinpad_top.srcs/sources_1/new/regfile.v:4]
WARNING: [HDL 9-3756] overwriting previous definition of module 'openmips' [C:/csproject2019_group10-master/thinpad_top-rev.3/thinpad_top.srcs/sources_1/new/thinpad_top.v:3]
WARNING: [filemgmt 20-1318] Duplicate Design Unit 'SEG7_LUT()' found in library 'xil_defaultlib'
Duplicate found at line 1 of file C:/csproject2019_group10-master/thinpad_top-rev.3/thinpad_top.srcs/sources_1/new/SEG7_LUT.v
	(Active) Duplicate found at line 1 of file C:/thinpad_top-rev.3/thinpad_top-rev.3/thinpad_top.srcs/sources_1/new/SEG7_LUT.v
WARNING: [filemgmt 20-1318] Duplicate Design Unit 'ex()' found in library 'xil_defaultlib'
Duplicate found at line 4 of file C:/csproject2019_group10-master/thinpad_top-rev.3/thinpad_top.srcs/sources_1/new/ex.v
	(Active) Duplicate found at line 4 of file C:/thinpad_top-rev.3/thinpad_top-rev.3/thinpad_top.srcs/sources_1/new/ex.v
WARNING: [filemgmt 20-1318] Duplicate Design Unit 'ex_mem()' found in library 'xil_defaultlib'
Duplicate found at line 4 of file C:/csproject2019_group10-master/thinpad_top-rev.3/thinpad_top.srcs/sources_1/new/ex_mem.v
	(Active) Duplicate found at line 4 of file C:/thinpad_top-rev.3/thinpad_top-rev.3/thinpad_top.srcs/sources_1/new/ex_mem.v
WARNING: [filemgmt 20-1318] Duplicate Design Unit 'id()' found in library 'xil_defaultlib'
Duplicate found at line 5 of file C:/csproject2019_group10-master/thinpad_top-rev.3/thinpad_top.srcs/sources_1/new/id.v
	(Active) Duplicate found at line 4 of file C:/thinpad_top-rev.3/thinpad_top-rev.3/thinpad_top.srcs/sources_1/new/id.v
WARNING: [filemgmt 20-1318] Duplicate Design Unit 'id_ex()' found in library 'xil_defaultlib'
Duplicate found at line 3 of file C:/csproject2019_group10-master/thinpad_top-rev.3/thinpad_top.srcs/sources_1/new/id_ex.v
	(Active) Duplicate found at line 4 of file C:/thinpad_top-rev.3/thinpad_top-rev.3/thinpad_top.srcs/sources_1/new/id_ex.v
WARNING: [filemgmt 20-1318] Duplicate Design Unit 'if_id()' found in library 'xil_defaultlib'
Duplicate found at line 3 of file C:/csproject2019_group10-master/thinpad_top-rev.3/thinpad_top.srcs/sources_1/new/if_id.v
	(Active) Duplicate found at line 4 of file C:/thinpad_top-rev.3/thinpad_top-rev.3/thinpad_top.srcs/sources_1/new/if_id.v
WARNING: [filemgmt 20-1318] Duplicate Design Unit 'inst_rom()' found in library 'xil_defaultlib'
Duplicate found at line 25 of file C:/csproject2019_group10-master/thinpad_top-rev.3/thinpad_top.srcs/sources_1/new/inst_rom.v
	(Active) Duplicate found at line 4 of file C:/thinpad_top-rev.3/thinpad_top-rev.3/thinpad_top.srcs/sources_1/new/inst_rom.v
WARNING: [filemgmt 20-1318] Duplicate Design Unit 'mem()' found in library 'xil_defaultlib'
Duplicate found at line 24 of file C:/csproject2019_group10-master/thinpad_top-rev.3/thinpad_top.srcs/sources_1/new/mem.v
	(Active) Duplicate found at line 4 of file C:/thinpad_top-rev.3/thinpad_top-rev.3/thinpad_top.srcs/sources_1/new/mem.v
WARNING: [filemgmt 20-1318] Duplicate Design Unit 'mem_wb()' found in library 'xil_defaultlib'
Duplicate found at line 4 of file C:/csproject2019_group10-master/thinpad_top-rev.3/thinpad_top.srcs/sources_1/new/mem_wb.v
	(Active) Duplicate found at line 4 of file C:/thinpad_top-rev.3/thinpad_top-rev.3/thinpad_top.srcs/sources_1/new/mem_wb.v
WARNING: [filemgmt 20-1318] Duplicate Design Unit 'openmips()' found in library 'xil_defaultlib'
Duplicate found at line 3 of file C:/thinpad_top-rev.3/thinpad_top-rev.3/thinpad_top.srcs/sources_1/new/openmips.v
	(Active) Duplicate found at line 3 of file C:/csproject2019_group10-master/thinpad_top-rev.3/thinpad_top.srcs/sources_1/new/thinpad_top.v
WARNING: [filemgmt 20-1318] Duplicate Design Unit 'pc_reg()' found in library 'xil_defaultlib'
Duplicate found at line 3 of file C:/csproject2019_group10-master/thinpad_top-rev.3/thinpad_top.srcs/sources_1/new/pc_reg.v
	(Active) Duplicate found at line 3 of file C:/thinpad_top-rev.3/thinpad_top-rev.3/thinpad_top.srcs/sources_1/new/pc_reg.v
WARNING: [filemgmt 20-1318] Duplicate Design Unit 'regfile()' found in library 'xil_defaultlib'
Duplicate found at line 3 of file C:/csproject2019_group10-master/thinpad_top-rev.3/thinpad_top.srcs/sources_1/new/regfile.v
	(Active) Duplicate found at line 4 of file C:/thinpad_top-rev.3/thinpad_top-rev.3/thinpad_top.srcs/sources_1/new/regfile.v
[Mon Aug 19 23:14:23 2019] Launched synth_1...
Run output will be captured here: C:/thinpad_top-rev.3/thinpad_top-rev.3/thinpad_top.runs/synth_1/runme.log
