#-----------------------------------------------------------
# Vivado v2018.3 (64-bit)
# SW Build 2405991 on Thu Dec  6 23:38:27 MST 2018
# IP Build 2404404 on Fri Dec  7 01:43:56 MST 2018
# Start of session at: Mon Aug 19 22:42:55 2019
# Process ID: 7028
# Current directory: C:/thinpad_top-rev.3/thinpad_top-rev.3
# Command line: vivado.exe -gui_launcher_event rodinguilauncherevent4412 C:\thinpad_top-rev.3\thinpad_top-rev.3\thinpad_top.xpr
# Log file: C:/thinpad_top-rev.3/thinpad_top-rev.3/vivado.log
# Journal file: C:/thinpad_top-rev.3/thinpad_top-rev.3\vivado.jou
#-----------------------------------------------------------
start_gui
open_project C:/thinpad_top-rev.3/thinpad_top-rev.3/thinpad_top.xpr
Scanning sources...
Finished scanning sources
INFO: [IP_Flow 19-234] Refreshing IP repositories
INFO: [IP_Flow 19-1704] No user IP repositories specified
INFO: [IP_Flow 19-2313] Loaded Vivado IP repository 'C:/Xilinx/Vivado/2018.3/data/ip'.
open_project: Time (s): cpu = 00:00:13 ; elapsed = 00:00:10 . Memory (MB): peak = 778.520 ; gain = 241.375
update_compile_order -fileset sources_1
update_compile_order -fileset sources_1
update_compile_order -fileset sources_1
exit
INFO: [Common 17-206] Exiting Vivado at Mon Aug 19 23:08:21 2019...
